#
# There is insufficient memory for the Java Runtime Environment to continue.
# Native memory allocation (malloc) failed to allocate 1233776 bytes. Error detail: Chunk::new
# Possible reasons:
#   The system is out of physical RAM or swap space
#   This process is running with CompressedOops enabled, and the Java Heap may be blocking the growth of the native heap
# Possible solutions:
#   Reduce memory load on the system
#   Increase physical memory or swap space
#   Check if swap backing store is full
#   Decrease Java heap size (-Xmx/-Xms)
#   Decrease number of Java threads
#   Decrease Java thread stack sizes (-Xss)
#   Set larger code cache with -XX:ReservedCodeCacheSize=
#   JVM is running with Unscaled Compressed Oops mode in which the Java heap is
#     placed in the first 4GB address space. The Java Heap base address is the
#     maximum limit for the native heap growth. Please use -XX:HeapBaseMinAddress
#     to set the Java Heap base and to place the Java Heap above 4GB virtual address.
# This output file may be truncated or incomplete.
#
#  Out of Memory Error (arena.cpp:168), pid=13920, tid=14316
#
# JRE version: OpenJDK Runtime Environment Temurin-21.0.6+7 (21.0.6+7) (build 21.0.6+7-LTS)
# Java VM: OpenJDK 64-Bit Server VM Temurin-21.0.6+7 (21.0.6+7-LTS, mixed mode, sharing, tiered, compressed oops, compressed class ptrs, parallel gc, windows-amd64)
# No core dump will be written. Minidumps are not enabled by default on client versions of Windows
#

---------------  S U M M A R Y ------------

Command Line: --add-modules=ALL-SYSTEM --add-opens=java.base/java.util=ALL-UNNAMED --add-opens=java.base/java.lang=ALL-UNNAMED --add-opens=java.base/sun.nio.fs=ALL-UNNAMED -Declipse.application=org.eclipse.jdt.ls.core.id1 -Dosgi.bundles.defaultStartLevel=4 -Declipse.product=org.eclipse.jdt.ls.core.product -Djava.import.generatesMetadataFilesAtProjectRoot=false -DDetectVMInstallationsJob.disabled=true -Dfile.encoding=utf8 -XX:+UseParallelGC -XX:GCTimeRatio=4 -XX:AdaptiveSizePolicyWeight=90 -Dsun.zip.disableMemoryMapping=true -Xmx1G -Xms100m -Xlog:disable -javaagent:c:\Users\Nabila Nur Fadhilah\.vscode\extensions\redhat.java-1.40.0-win32-x64\lombok\lombok-1.18.36.jar -XX:+HeapDumpOnOutOfMemoryError -XX:HeapDumpPath=c:\Users\Nabila Nur Fadhilah\AppData\Roaming\Code\User\workspaceStorage\efdcd8ae57c30bb88c351b99fc93657e\redhat.java -Daether.dependencyCollector.impl=bf c:\Users\Nabila Nur Fadhilah\.vscode\extensions\redhat.java-1.40.0-win32-x64\server\plugins\org.eclipse.equinox.launcher_1.6.1000.v20250131-0606.jar -configuration c:\Users\Nabila Nur Fadhilah\AppData\Roaming\Code\User\globalStorage\redhat.java\1.40.0\config_win -data c:\Users\Nabila Nur Fadhilah\AppData\Roaming\Code\User\workspaceStorage\efdcd8ae57c30bb88c351b99fc93657e\redhat.java\jdt_ws --pipe=\\.\pipe\lsp-ec730d80e217f2adb717c40061ad15ab-sock

Host: 12th Gen Intel(R) Core(TM) i3-1215U, 8 cores, 5G,  Windows 11 , 64 bit Build 26100 (10.0.26100.3037)
Time: Fri Mar  7 12:17:21 2025 SE Asia Standard Time elapsed time: 21.329868 seconds (0d 0h 0m 21s)

---------------  T H R E A D  ---------------

Current thread (0x00000158df1de350):  JavaThread "C2 CompilerThread0" daemon [_thread_in_native, id=14316, stack(0x0000001718c00000,0x0000001718d00000) (1024K)]


Current CompileTask:
C2:21330 10316   !   4       org.codehaus.plexus.interpolation.StringSearchInterpolator::interpolate (668 bytes)

Stack: [0x0000001718c00000,0x0000001718d00000]
Native frames: (J=compiled Java code, j=interpreted, Vv=VM code, C=native code)
V  [jvm.dll+0x6cdee9]
V  [jvm.dll+0x8a83d1]
V  [jvm.dll+0x8aa8fe]
V  [jvm.dll+0x8aafe3]
V  [jvm.dll+0x27f706]
V  [jvm.dll+0xc500d]
V  [jvm.dll+0xc5543]
V  [jvm.dll+0x3b678c]
V  [jvm.dll+0x1e0009]
V  [jvm.dll+0x247b42]
V  [jvm.dll+0x246fcf]
V  [jvm.dll+0x1c75ee]
V  [jvm.dll+0x25685a]
V  [jvm.dll+0x254dfa]
V  [jvm.dll+0x3f0256]
V  [jvm.dll+0x851f8b]
V  [jvm.dll+0x6cc5ed]
C  [ucrtbase.dll+0x37b0]
C  [KERNEL32.DLL+0x2e8d7]
C  [ntdll.dll+0xbbf2c]


---------------  P R O C E S S  ---------------

Threads class SMR info:
_java_thread_list=0x00000158e8a69fe0, length=60, elements={
0x0000015889e0f110, 0x00000158df1c87c0, 0x00000158df1c8f80, 0x00000158df1cc920,
0x00000158df1cd370, 0x00000158df1d19c0, 0x00000158df1d6a50, 0x00000158df1de350,
0x00000158df1e20a0, 0x00000158879d7470, 0x00000158879d53a0, 0x00000158879d6750,
0x00000158879d3ff0, 0x00000158879d6de0, 0x00000158879d4680, 0x00000158879d4d10,
0x00000158879d5a30, 0x00000158e5cdd190, 0x00000158e5cddeb0, 0x00000158e5cdaa30,
0x00000158e5cde540, 0x00000158e5fc4970, 0x00000158e5cdebd0, 0x00000158e5cdb750,
0x00000158e5cdf260, 0x00000158e5cdbde0, 0x00000158e5cdf8f0, 0x00000158e5cdc470,
0x00000158e5ce0ca0, 0x00000158e5ce1330, 0x00000158e5ce19c0, 0x00000158e5cdff80,
0x00000158e5ce0610, 0x00000158e5ce2050, 0x00000158e7f64540, 0x00000158e7f64bd0,
0x00000158e7f62470, 0x00000158e7f65f80, 0x00000158e7f63eb0, 0x00000158e7f62b00,
0x00000158e7f68050, 0x00000158e7f686e0, 0x00000158e7f679c0, 0x00000158e7f66ca0,
0x00000158e7f68d70, 0x00000158e7f69400, 0x00000158e7f69a90, 0x00000158e7f66610,
0x00000158e7f67330, 0x00000158e970cd10, 0x00000158e970b960, 0x00000158e970c680,
0x00000158e970e0c0, 0x00000158e970da30, 0x00000158e970e750, 0x00000158e970ede0,
0x00000158e970d3a0, 0x00000158e970bff0, 0x00000158e9710820, 0x00000158e9711540
}

Java Threads: ( => current thread )
  0x0000015889e0f110 JavaThread "main"                              [_thread_blocked, id=29880, stack(0x0000001718200000,0x0000001718300000) (1024K)]
  0x00000158df1c87c0 JavaThread "Reference Handler"          daemon [_thread_blocked, id=30968, stack(0x0000001718600000,0x0000001718700000) (1024K)]
  0x00000158df1c8f80 JavaThread "Finalizer"                  daemon [_thread_blocked, id=2952, stack(0x0000001718700000,0x0000001718800000) (1024K)]
  0x00000158df1cc920 JavaThread "Signal Dispatcher"          daemon [_thread_blocked, id=30172, stack(0x0000001718800000,0x0000001718900000) (1024K)]
  0x00000158df1cd370 JavaThread "Attach Listener"            daemon [_thread_blocked, id=17220, stack(0x0000001718900000,0x0000001718a00000) (1024K)]
  0x00000158df1d19c0 JavaThread "Service Thread"             daemon [_thread_blocked, id=17120, stack(0x0000001718a00000,0x0000001718b00000) (1024K)]
  0x00000158df1d6a50 JavaThread "Monitor Deflation Thread"   daemon [_thread_blocked, id=15632, stack(0x0000001718b00000,0x0000001718c00000) (1024K)]
=>0x00000158df1de350 JavaThread "C2 CompilerThread0"         daemon [_thread_in_native, id=14316, stack(0x0000001718c00000,0x0000001718d00000) (1024K)]
  0x00000158df1e20a0 JavaThread "C1 CompilerThread0"         daemon [_thread_blocked, id=24452, stack(0x0000001718d00000,0x0000001718e00000) (1024K)]
  0x00000158879d7470 JavaThread "Common-Cleaner"             daemon [_thread_blocked, id=5388, stack(0x0000001718e00000,0x0000001718f00000) (1024K)]
  0x00000158879d53a0 JavaThread "Notification Thread"        daemon [_thread_blocked, id=21052, stack(0x0000001719000000,0x0000001719100000) (1024K)]
  0x00000158879d6750 JavaThread "Active Thread: Equinox Container: 7ff131fa-b373-4040-babb-8837dfa04634"        [_thread_blocked, id=14672, stack(0x0000001719800000,0x0000001719900000) (1024K)]
  0x00000158879d3ff0 JavaThread "Refresh Thread: Equinox Container: 7ff131fa-b373-4040-babb-8837dfa04634" daemon [_thread_blocked, id=17160, stack(0x0000001719900000,0x0000001719a00000) (1024K)]
  0x00000158879d6de0 JavaThread "Framework Event Dispatcher: Equinox Container: 7ff131fa-b373-4040-babb-8837dfa04634" daemon [_thread_blocked, id=11168, stack(0x0000001719b00000,0x0000001719c00000) (1024K)]
  0x00000158879d4680 JavaThread "Start Level: Equinox Container: 7ff131fa-b373-4040-babb-8837dfa04634" daemon [_thread_blocked, id=19348, stack(0x0000001719c00000,0x0000001719d00000) (1024K)]
  0x00000158879d4d10 JavaThread "Bundle File Closer"         daemon [_thread_blocked, id=29572, stack(0x0000001719d00000,0x0000001719e00000) (1024K)]
  0x00000158879d5a30 JavaThread "SCR Component Actor"        daemon [_thread_blocked, id=23012, stack(0x0000001719100000,0x0000001719200000) (1024K)]
  0x00000158e5cdd190 JavaThread "Worker-JM"                         [_thread_blocked, id=24600, stack(0x0000001719f00000,0x000000171a000000) (1024K)]
  0x00000158e5cddeb0 JavaThread "JNA Cleaner"                daemon [_thread_blocked, id=30800, stack(0x000000171a000000,0x000000171a100000) (1024K)]
  0x00000158e5cdaa30 JavaThread "Worker-0"                          [_thread_blocked, id=20836, stack(0x000000171a100000,0x000000171a200000) (1024K)]
  0x00000158e5cde540 JavaThread "Worker-1"                          [_thread_blocked, id=26724, stack(0x000000171a200000,0x000000171a300000) (1024K)]
  0x00000158e5fc4970 JavaThread "C2 CompilerThread1"         daemon [_thread_in_native, id=9580, stack(0x0000001719e00000,0x0000001719f00000) (1024K)]
  0x00000158e5cdebd0 JavaThread "Java indexing"              daemon [_thread_in_Java, id=12800, stack(0x000000171a300000,0x000000171a400000) (1024K)]
  0x00000158e5cdb750 JavaThread "Worker-2: Java indexing... "        [_thread_blocked, id=27584, stack(0x000000171a600000,0x000000171a700000) (1024K)]
  0x00000158e5cdf260 JavaThread "Worker-3"                          [_thread_blocked, id=23168, stack(0x000000171a700000,0x000000171a800000) (1024K)]
  0x00000158e5cdbde0 JavaThread "Worker-4"                          [_thread_blocked, id=29260, stack(0x000000171a800000,0x000000171a900000) (1024K)]
  0x00000158e5cdf8f0 JavaThread "Thread-2"                   daemon [_thread_in_native, id=7916, stack(0x000000171a900000,0x000000171aa00000) (1024K)]
  0x00000158e5cdc470 JavaThread "Thread-3"                   daemon [_thread_in_native, id=21296, stack(0x000000171aa00000,0x000000171ab00000) (1024K)]
  0x00000158e5ce0ca0 JavaThread "Thread-4"                   daemon [_thread_in_native, id=26052, stack(0x000000171ab00000,0x000000171ac00000) (1024K)]
  0x00000158e5ce1330 JavaThread "Thread-5"                   daemon [_thread_in_native, id=17444, stack(0x000000171ac00000,0x000000171ad00000) (1024K)]
  0x00000158e5ce19c0 JavaThread "Thread-6"                   daemon [_thread_in_native, id=25636, stack(0x000000171ad00000,0x000000171ae00000) (1024K)]
  0x00000158e5cdff80 JavaThread "Thread-7"                   daemon [_thread_in_native, id=26756, stack(0x000000171ae00000,0x000000171af00000) (1024K)]
  0x00000158e5ce0610 JavaThread "Thread-8"                   daemon [_thread_in_native, id=30828, stack(0x000000171af00000,0x000000171b000000) (1024K)]
  0x00000158e5ce2050 JavaThread "Thread-9"                   daemon [_thread_in_native, id=20924, stack(0x000000171b000000,0x000000171b100000) (1024K)]
  0x00000158e7f64540 JavaThread "Thread-10"                  daemon [_thread_in_native, id=6836, stack(0x000000171b100000,0x000000171b200000) (1024K)]
  0x00000158e7f64bd0 JavaThread "pool-2-thread-1"                   [_thread_blocked, id=25612, stack(0x000000171b200000,0x000000171b300000) (1024K)]
  0x00000158e7f62470 JavaThread "Worker-5: Building"                [_thread_in_vm, id=31588, stack(0x000000171b300000,0x000000171b400000) (1024K)]
  0x00000158e7f65f80 JavaThread "WorkspaceEventsHandler"            [_thread_blocked, id=6192, stack(0x000000171b400000,0x000000171b500000) (1024K)]
  0x00000158e7f63eb0 JavaThread "pool-1-thread-1"                   [_thread_blocked, id=16664, stack(0x000000171b500000,0x000000171b600000) (1024K)]
  0x00000158e7f62b00 JavaThread "LocalFile Deleter"          daemon [_thread_blocked, id=5720, stack(0x000000171b600000,0x000000171b700000) (1024K)]
  0x00000158e7f68050 JavaThread "LocalFile Deleter"          daemon [_thread_blocked, id=16100, stack(0x000000171b700000,0x000000171b800000) (1024K)]
  0x00000158e7f686e0 JavaThread "LocalFile Deleter"          daemon [_thread_blocked, id=2776, stack(0x000000171b800000,0x000000171b900000) (1024K)]
  0x00000158e7f679c0 JavaThread "LocalFile Deleter"          daemon [_thread_blocked, id=19144, stack(0x000000171b900000,0x000000171ba00000) (1024K)]
  0x00000158e7f66ca0 JavaThread "LocalFile Deleter"          daemon [_thread_blocked, id=17848, stack(0x000000171ba00000,0x000000171bb00000) (1024K)]
  0x00000158e7f68d70 JavaThread "LocalFile Deleter"          daemon [_thread_blocked, id=22324, stack(0x000000171bb00000,0x000000171bc00000) (1024K)]
  0x00000158e7f69400 JavaThread "LocalFile Deleter"          daemon [_thread_blocked, id=4200, stack(0x000000171bc00000,0x000000171bd00000) (1024K)]
  0x00000158e7f69a90 JavaThread "LocalFile Deleter"          daemon [_thread_blocked, id=29372, stack(0x000000171bd00000,0x000000171be00000) (1024K)]
  0x00000158e7f66610 JavaThread "Compiler Source File Reader" daemon [_thread_blocked, id=23760, stack(0x000000171be00000,0x000000171bf00000) (1024K)]
  0x00000158e7f67330 JavaThread "Compiler Source File Reader" daemon [_thread_blocked, id=16084, stack(0x000000171bf00000,0x000000171c000000) (1024K)]
  0x00000158e970cd10 JavaThread "Compiler Source File Reader" daemon [_thread_blocked, id=23908, stack(0x000000171c000000,0x000000171c100000) (1024K)]
  0x00000158e970b960 JavaThread "Compiler Source File Reader" daemon [_thread_blocked, id=19212, stack(0x000000171c100000,0x000000171c200000) (1024K)]
  0x00000158e970c680 JavaThread "Compiler Source File Reader" daemon [_thread_blocked, id=27980, stack(0x000000171c200000,0x000000171c300000) (1024K)]
  0x00000158e970e0c0 JavaThread "Compiler Source File Reader" daemon [_thread_blocked, id=3596, stack(0x000000171c300000,0x000000171c400000) (1024K)]
  0x00000158e970da30 JavaThread "Compiler Processing Task"   daemon [_thread_blocked, id=19452, stack(0x0000001718f00000,0x0000001719000000) (1024K)]
  0x00000158e970e750 JavaThread "Compiler Class File Writer" daemon [_thread_blocked, id=2532, stack(0x000000171c400000,0x000000171c500000) (1024K)]
  0x00000158e970ede0 JavaThread "Compiler Class File Writer" daemon [_thread_blocked, id=16020, stack(0x000000171c500000,0x000000171c600000) (1024K)]
  0x00000158e970d3a0 JavaThread "Compiler Class File Writer" daemon [_thread_blocked, id=19192, stack(0x000000171c600000,0x000000171c700000) (1024K)]
  0x00000158e970bff0 JavaThread "Compiler Class File Writer" daemon [_thread_blocked, id=2108, stack(0x000000171c700000,0x000000171c800000) (1024K)]
  0x00000158e9710820 JavaThread "Compiler Class File Writer" daemon [_thread_blocked, id=6028, stack(0x000000171c800000,0x000000171c900000) (1024K)]
  0x00000158e9711540 JavaThread "Compiler Class File Writer" daemon [_thread_blocked, id=596, stack(0x000000171c900000,0x000000171ca00000) (1024K)]
Total: 60

Other Threads:
  0x00000158879be6a0 VMThread "VM Thread"                           [id=16800, stack(0x0000001718500000,0x0000001718600000) (1024K)]
  0x00000158df0dca00 WatcherThread "VM Periodic Task Thread"        [id=12668, stack(0x0000001718400000,0x0000001718500000) (1024K)]
  0x00000158879be300 WorkerThread "GC Thread#0"                     [id=22896, stack(0x0000001718300000,0x0000001718400000) (1024K)]
  0x00000158879bf520 WorkerThread "GC Thread#1"                     [id=3044, stack(0x0000001719200000,0x0000001719300000) (1024K)]
  0x00000158e5328190 WorkerThread "GC Thread#2"                     [id=29644, stack(0x0000001719300000,0x0000001719400000) (1024K)]
  0x00000158e5327a50 WorkerThread "GC Thread#3"                     [id=28248, stack(0x0000001719400000,0x0000001719500000) (1024K)]
  0x00000158e5325270 WorkerThread "GC Thread#4"                     [id=6252, stack(0x0000001719500000,0x0000001719600000) (1024K)]
  0x00000158e5325610 WorkerThread "GC Thread#5"                     [id=28876, stack(0x0000001719600000,0x0000001719700000) (1024K)]
  0x00000158e53260f0 WorkerThread "GC Thread#6"                     [id=25200, stack(0x0000001719700000,0x0000001719800000) (1024K)]
  0x00000158e5326490 WorkerThread "GC Thread#7"                     [id=22472, stack(0x0000001719a00000,0x0000001719b00000) (1024K)]
Total: 10

Threads with active compile tasks:
C2 CompilerThread0  23403 10316   !   4       org.codehaus.plexus.interpolation.StringSearchInterpolator::interpolate (668 bytes)
C2 CompilerThread1  23403 10371       4       org.apache.maven.model.io.xpp3.MavenXpp3ReaderEx::parseDependency (777 bytes)
Total: 2

VM state: not at safepoint (normal execution)

VM Mutex/Monitor currently owned by a thread: None

Heap address: 0x00000000c0000000, size: 1024 MB, Compressed Oops mode: 32-bit

CDS archive(s) mapped at: [0x000001589e000000-0x000001589eba0000-0x000001589eba0000), size 12189696, SharedBaseAddress: 0x000001589e000000, ArchiveRelocationMode: 1.
Compressed class space mapped at: 0x000001589f000000-0x00000158df000000, reserved size: 1073741824
Narrow klass base: 0x000001589e000000, Narrow klass shift: 0, Narrow klass range: 0x100000000

GC Precious Log:
 CardTable entry size: 512
 CPUs: 8 total, 8 available
 Memory: 5702M
 Large Page Support: Disabled
 NUMA Support: Disabled
 Compressed Oops: Enabled (32-bit)
 Alignments: Space 512K, Generation 512K, Heap 2M
 Heap Min Capacity: 100M
 Heap Initial Capacity: 100M
 Heap Max Capacity: 1G
 Pre-touch: Disabled
 Parallel Workers: 8

Heap:
 PSYoungGen      total 8704K, used 7913K [0x00000000eab00000, 0x00000000eb900000, 0x0000000100000000)
  eden space 5120K, 89% used [0x00000000eab00000,0x00000000eaf756d0,0x00000000eb000000)
  from space 3584K, 93% used [0x00000000eb100000,0x00000000eb444f18,0x00000000eb480000)
  to   space 4608K, 0% used [0x00000000eb480000,0x00000000eb480000,0x00000000eb900000)
 ParOldGen       total 361472K, used 316625K [0x00000000c0000000, 0x00000000d6100000, 0x00000000eab00000)
  object space 361472K, 87% used [0x00000000c0000000,0x00000000d3534748,0x00000000d6100000)
 Metaspace       used 58746K, committed 60032K, reserved 1114112K
  class space    used 6111K, committed 6656K, reserved 1048576K

Card table byte_map: [0x00000158897b0000,0x00000158899c0000] _byte_map_base: 0x00000158891b0000

Marking Bits: (ParMarkBitMap*) 0x00007ff8dd933260
 Begin Bits: [0x000001589c000000, 0x000001589d000000)
 End Bits:   [0x000001589d000000, 0x000001589e000000)

Polling page: 0x0000015887c10000

Metaspace:

Usage:
  Non-class:     51.40 MB used.
      Class:      5.97 MB used.
       Both:     57.37 MB used.

Virtual space:
  Non-class space:       64.00 MB reserved,      52.12 MB ( 81%) committed,  1 nodes.
      Class space:        1.00 GB reserved,       6.50 MB ( <1%) committed,  1 nodes.
             Both:        1.06 GB reserved,      58.62 MB (  5%) committed. 

Chunk freelists:
   Non-Class:  11.56 MB
       Class:  9.33 MB
        Both:  20.89 MB

MaxMetaspaceSize: unlimited
CompressedClassSpaceSize: 1.00 GB
Initial GC threshold: 21.00 MB
Current GC threshold: 97.31 MB
CDS: on
 - commit_granule_bytes: 65536.
 - commit_granule_words: 8192.
 - virtual_space_node_default_size: 8388608.
 - enlarge_chunks_in_place: 1.
 - use_allocation_guard: 0.


Internal statistics:

num_allocs_failed_limit: 9.
num_arena_births: 1112.
num_arena_deaths: 14.
num_vsnodes_births: 2.
num_vsnodes_deaths: 0.
num_space_committed: 938.
num_space_uncommitted: 0.
num_chunks_returned_to_freelist: 23.
num_chunks_taken_from_freelist: 3909.
num_chunk_merges: 15.
num_chunk_splits: 2402.
num_chunks_enlarged: 1296.
num_inconsistent_stats: 0.

CodeHeap 'non-profiled nmethods': size=120000Kb used=6263Kb max_used=6263Kb free=113736Kb
 bounds [0x0000015894ad0000, 0x00000158950f0000, 0x000001589c000000]
CodeHeap 'profiled nmethods': size=120000Kb used=19823Kb max_used=20076Kb free=100176Kb
 bounds [0x000001588d000000, 0x000001588e3b0000, 0x0000015894530000]
CodeHeap 'non-nmethods': size=5760Kb used=1410Kb max_used=1483Kb free=4349Kb
 bounds [0x0000015894530000, 0x00000158947a0000, 0x0000015894ad0000]
 total_blobs=10359 nmethods=9636 adapters=629
 compilation: enabled
              stopped_count=0, restarted_count=0
 full_count=0

Compilation events (20 events):
Event: 20.340 Thread 0x00000158df1e20a0 10379       3       org.apache.maven.model.inheritance.DefaultInheritanceAssembler$InheritanceModelMerger::mergePlugin (71 bytes)
Event: 20.341 Thread 0x00000158df1e20a0 nmethod 10379 0x000001588d83b190 code [0x000001588d83b3c0, 0x000001588d83bcc0]
Event: 20.341 Thread 0x00000158df1e20a0 10380       1       org.apache.maven.model.License::getName (5 bytes)
Event: 20.341 Thread 0x00000158df1e20a0 nmethod 10380 0x0000015894c60b10 code [0x0000015894c60ca0, 0x0000015894c60d68]
Event: 20.341 Thread 0x00000158df1e20a0 10381       1       org.apache.maven.model.License::getUrl (5 bytes)
Event: 20.341 Thread 0x00000158df1e20a0 nmethod 10381 0x0000015894c60810 code [0x0000015894c609a0, 0x0000015894c60a68]
Event: 20.341 Thread 0x00000158df1e20a0 10382       1       org.apache.maven.model.License::getDistribution (5 bytes)
Event: 20.341 Thread 0x00000158df1e20a0 nmethod 10382 0x0000015894c60510 code [0x0000015894c606a0, 0x0000015894c60768]
Event: 20.341 Thread 0x00000158df1e20a0 10383       1       org.apache.maven.model.License::getComments (5 bytes)
Event: 20.341 Thread 0x00000158df1e20a0 nmethod 10383 0x0000015894c60210 code [0x0000015894c603a0, 0x0000015894c60468]
Event: 20.341 Thread 0x00000158df1e20a0 10384       3       org.apache.maven.project.ProjectModelResolver::removeMatchingRepository (47 bytes)
Event: 20.341 Thread 0x00000158df1e20a0 nmethod 10384 0x000001588d8eb910 code [0x000001588d8ebb20, 0x000001588d8ec148]
Event: 20.346 Thread 0x00000158df1e20a0 10386       3       java.nio.file.Files::isReadable (38 bytes)
Event: 20.346 Thread 0x00000158df1e20a0 nmethod 10386 0x000001588d162290 code [0x000001588d1624e0, 0x000001588d163000]
Event: 20.346 Thread 0x00000158df1e20a0 10387   !   3       sun.nio.fs.AbstractFileSystemProvider::isReadable (23 bytes)
Event: 20.347 Thread 0x00000158df1e20a0 nmethod 10387 0x000001588d83a910 code [0x000001588d83aae0, 0x000001588d83ae80]
Event: 20.358 Thread 0x00000158df1e20a0 10388       1       org.apache.maven.model.ActivationProperty::setValue (6 bytes)
Event: 20.358 Thread 0x00000158df1e20a0 nmethod 10388 0x0000015894c5ff10 code [0x0000015894c600a0, 0x0000015894c60180]
Event: 20.358 Thread 0x00000158df1e20a0 10389       3       java.lang.invoke.Invokers$Holder::linkToTargetMethod (13 bytes)
Event: 20.358 Thread 0x00000158df1e20a0 nmethod 10389 0x000001588d8eb210 code [0x000001588d8eb3e0, 0x000001588d8eb830]

GC Heap History (20 events):
Event: 17.699 GC heap after
{Heap after GC invocations=347 (full 2):
 PSYoungGen      total 6656K, used 1728K [0x00000000eab00000, 0x00000000eb580000, 0x0000000100000000)
  eden space 4608K, 0% used [0x00000000eab00000,0x00000000eab00000,0x00000000eaf80000)
  from space 2048K, 84% used [0x00000000eaf80000,0x00000000eb130010,0x00000000eb180000)
  to   space 2560K, 0% used [0x00000000eb300000,0x00000000eb300000,0x00000000eb580000)
 ParOldGen       total 359424K, used 359411K [0x00000000c0000000, 0x00000000d5f00000, 0x00000000eab00000)
  object space 359424K, 99% used [0x00000000c0000000,0x00000000d5efced8,0x00000000d5f00000)
 Metaspace       used 58483K, committed 59776K, reserved 1114112K
  class space    used 6096K, committed 6656K, reserved 1048576K
}
Event: 17.767 GC heap before
{Heap before GC invocations=348 (full 2):
 PSYoungGen      total 6656K, used 6336K [0x00000000eab00000, 0x00000000eb580000, 0x0000000100000000)
  eden space 4608K, 100% used [0x00000000eab00000,0x00000000eaf80000,0x00000000eaf80000)
  from space 2048K, 84% used [0x00000000eaf80000,0x00000000eb130010,0x00000000eb180000)
  to   space 2560K, 0% used [0x00000000eb300000,0x00000000eb300000,0x00000000eb580000)
 ParOldGen       total 359424K, used 359411K [0x00000000c0000000, 0x00000000d5f00000, 0x00000000eab00000)
  object space 359424K, 99% used [0x00000000c0000000,0x00000000d5efced8,0x00000000d5f00000)
 Metaspace       used 58503K, committed 59776K, reserved 1114112K
  class space    used 6096K, committed 6656K, reserved 1048576K
}
Event: 18.783 GC heap after
{Heap after GC invocations=348 (full 2):
 PSYoungGen      total 6656K, used 812K [0x00000000eab00000, 0x00000000eb400000, 0x0000000100000000)
  eden space 5632K, 0% used [0x00000000eab00000,0x00000000eab00000,0x00000000eb080000)
  from space 1024K, 79% used [0x00000000eb300000,0x00000000eb3cb078,0x00000000eb400000)
  to   space 1536K, 0% used [0x00000000eb100000,0x00000000eb100000,0x00000000eb280000)
 ParOldGen       total 360960K, used 360886K [0x00000000c0000000, 0x00000000d6080000, 0x00000000eab00000)
  object space 360960K, 99% used [0x00000000c0000000,0x00000000d606da70,0x00000000d6080000)
 Metaspace       used 58503K, committed 59776K, reserved 1114112K
  class space    used 6096K, committed 6656K, reserved 1048576K
}
Event: 18.826 GC heap before
{Heap before GC invocations=349 (full 2):
 PSYoungGen      total 6656K, used 4436K [0x00000000eab00000, 0x00000000eb400000, 0x0000000100000000)
  eden space 5632K, 64% used [0x00000000eab00000,0x00000000eae89fd0,0x00000000eb080000)
  from space 1024K, 79% used [0x00000000eb300000,0x00000000eb3cb078,0x00000000eb400000)
  to   space 1536K, 0% used [0x00000000eb100000,0x00000000eb100000,0x00000000eb280000)
 ParOldGen       total 360960K, used 360886K [0x00000000c0000000, 0x00000000d6080000, 0x00000000eab00000)
  object space 360960K, 99% used [0x00000000c0000000,0x00000000d606da70,0x00000000d6080000)
 Metaspace       used 58517K, committed 59776K, reserved 1114112K
  class space    used 6096K, committed 6656K, reserved 1048576K
}
Event: 18.829 GC heap after
{Heap after GC invocations=349 (full 2):
 PSYoungGen      total 7168K, used 160K [0x00000000eab00000, 0x00000000eb380000, 0x0000000100000000)
  eden space 5632K, 0% used [0x00000000eab00000,0x00000000eab00000,0x00000000eb080000)
  from space 1536K, 10% used [0x00000000eb100000,0x00000000eb128000,0x00000000eb280000)
  to   space 512K, 0% used [0x00000000eb300000,0x00000000eb300000,0x00000000eb380000)
 ParOldGen       total 361472K, used 361454K [0x00000000c0000000, 0x00000000d6100000, 0x00000000eab00000)
  object space 361472K, 99% used [0x00000000c0000000,0x00000000d60fba80,0x00000000d6100000)
 Metaspace       used 58517K, committed 59776K, reserved 1114112K
  class space    used 6096K, committed 6656K, reserved 1048576K
}
Event: 18.829 GC heap before
{Heap before GC invocations=350 (full 3):
 PSYoungGen      total 7168K, used 160K [0x00000000eab00000, 0x00000000eb380000, 0x0000000100000000)
  eden space 5632K, 0% used [0x00000000eab00000,0x00000000eab00000,0x00000000eb080000)
  from space 1536K, 10% used [0x00000000eb100000,0x00000000eb128000,0x00000000eb280000)
  to   space 512K, 0% used [0x00000000eb300000,0x00000000eb300000,0x00000000eb380000)
 ParOldGen       total 361472K, used 361454K [0x00000000c0000000, 0x00000000d6100000, 0x00000000eab00000)
  object space 361472K, 99% used [0x00000000c0000000,0x00000000d60fba80,0x00000000d6100000)
 Metaspace       used 58517K, committed 59776K, reserved 1114112K
  class space    used 6096K, committed 6656K, reserved 1048576K
}
Event: 19.085 GC heap after
{Heap after GC invocations=350 (full 3):
 PSYoungGen      total 7168K, used 0K [0x00000000eab00000, 0x00000000eb380000, 0x0000000100000000)
  eden space 5632K, 0% used [0x00000000eab00000,0x00000000eab00000,0x00000000eb080000)
  from space 1536K, 0% used [0x00000000eb100000,0x00000000eb100000,0x00000000eb280000)
  to   space 512K, 0% used [0x00000000eb300000,0x00000000eb300000,0x00000000eb380000)
 ParOldGen       total 361472K, used 295946K [0x00000000c0000000, 0x00000000d6100000, 0x00000000eab00000)
  object space 361472K, 81% used [0x00000000c0000000,0x00000000d2102950,0x00000000d6100000)
 Metaspace       used 58517K, committed 59776K, reserved 1114112K
  class space    used 6096K, committed 6656K, reserved 1048576K
}
Event: 19.122 GC heap before
{Heap before GC invocations=351 (full 3):
 PSYoungGen      total 7168K, used 5623K [0x00000000eab00000, 0x00000000eb380000, 0x0000000100000000)
  eden space 5632K, 99% used [0x00000000eab00000,0x00000000eb07dd10,0x00000000eb080000)
  from space 1536K, 0% used [0x00000000eb100000,0x00000000eb100000,0x00000000eb280000)
  to   space 512K, 0% used [0x00000000eb300000,0x00000000eb300000,0x00000000eb380000)
 ParOldGen       total 361472K, used 295946K [0x00000000c0000000, 0x00000000d6100000, 0x00000000eab00000)
  object space 361472K, 81% used [0x00000000c0000000,0x00000000d2102950,0x00000000d6100000)
 Metaspace       used 58582K, committed 59840K, reserved 1114112K
  class space    used 6097K, committed 6656K, reserved 1048576K
}
Event: 20.123 GC heap after
{Heap after GC invocations=351 (full 3):
 PSYoungGen      total 5632K, used 503K [0x00000000eab00000, 0x00000000eb800000, 0x0000000100000000)
  eden space 5120K, 0% used [0x00000000eab00000,0x00000000eab00000,0x00000000eb000000)
  from space 512K, 98% used [0x00000000eb300000,0x00000000eb37dd00,0x00000000eb380000)
  to   space 3072K, 0% used [0x00000000eb000000,0x00000000eb000000,0x00000000eb300000)
 ParOldGen       total 361472K, used 297950K [0x00000000c0000000, 0x00000000d6100000, 0x00000000eab00000)
  object space 361472K, 82% used [0x00000000c0000000,0x00000000d22f7a48,0x00000000d6100000)
 Metaspace       used 58582K, committed 59840K, reserved 1114112K
  class space    used 6097K, committed 6656K, reserved 1048576K
}
Event: 20.159 GC heap before
{Heap before GC invocations=352 (full 3):
 PSYoungGen      total 5632K, used 5618K [0x00000000eab00000, 0x00000000eb800000, 0x0000000100000000)
  eden space 5120K, 99% used [0x00000000eab00000,0x00000000eaffee80,0x00000000eb000000)
  from space 512K, 98% used [0x00000000eb300000,0x00000000eb37dd00,0x00000000eb380000)
  to   space 3072K, 0% used [0x00000000eb000000,0x00000000eb000000,0x00000000eb300000)
 ParOldGen       total 361472K, used 297950K [0x00000000c0000000, 0x00000000d6100000, 0x00000000eab00000)
  object space 361472K, 82% used [0x00000000c0000000,0x00000000d22f7a48,0x00000000d6100000)
 Metaspace       used 58597K, committed 59840K, reserved 1114112K
  class space    used 6097K, committed 6656K, reserved 1048576K
}
Event: 20.162 GC heap after
{Heap after GC invocations=352 (full 3):
 PSYoungGen      total 8192K, used 3053K [0x00000000eab00000, 0x00000000eb900000, 0x0000000100000000)
  eden space 5120K, 0% used [0x00000000eab00000,0x00000000eab00000,0x00000000eb000000)
  from space 3072K, 99% used [0x00000000eb000000,0x00000000eb2fb7d0,0x00000000eb300000)
  to   space 4096K, 0% used [0x00000000eb500000,0x00000000eb500000,0x00000000eb900000)
 ParOldGen       total 361472K, used 298577K [0x00000000c0000000, 0x00000000d6100000, 0x00000000eab00000)
  object space 361472K, 82% used [0x00000000c0000000,0x00000000d2394500,0x00000000d6100000)
 Metaspace       used 58597K, committed 59840K, reserved 1114112K
  class space    used 6097K, committed 6656K, reserved 1048576K
}
Event: 20.190 GC heap before
{Heap before GC invocations=353 (full 3):
 PSYoungGen      total 8192K, used 8140K [0x00000000eab00000, 0x00000000eb900000, 0x0000000100000000)
  eden space 5120K, 99% used [0x00000000eab00000,0x00000000eaff78e0,0x00000000eb000000)
  from space 3072K, 99% used [0x00000000eb000000,0x00000000eb2fb7d0,0x00000000eb300000)
  to   space 4096K, 0% used [0x00000000eb500000,0x00000000eb500000,0x00000000eb900000)
 ParOldGen       total 361472K, used 298577K [0x00000000c0000000, 0x00000000d6100000, 0x00000000eab00000)
  object space 361472K, 82% used [0x00000000c0000000,0x00000000d2394500,0x00000000d6100000)
 Metaspace       used 58601K, committed 59904K, reserved 1114112K
  class space    used 6097K, committed 6656K, reserved 1048576K
}
Event: 20.193 GC heap after
{Heap after GC invocations=353 (full 3):
 PSYoungGen      total 8192K, used 2819K [0x00000000eab00000, 0x00000000eb800000, 0x0000000100000000)
  eden space 5120K, 0% used [0x00000000eab00000,0x00000000eab00000,0x00000000eb000000)
  from space 3072K, 91% used [0x00000000eb500000,0x00000000eb7c0f70,0x00000000eb800000)
  to   space 3584K, 0% used [0x00000000eb100000,0x00000000eb100000,0x00000000eb480000)
 ParOldGen       total 361472K, used 301088K [0x00000000c0000000, 0x00000000d6100000, 0x00000000eab00000)
  object space 361472K, 83% used [0x00000000c0000000,0x00000000d26080b8,0x00000000d6100000)
 Metaspace       used 58601K, committed 59904K, reserved 1114112K
  class space    used 6097K, committed 6656K, reserved 1048576K
}
Event: 20.233 GC heap before
{Heap before GC invocations=354 (full 3):
 PSYoungGen      total 8192K, used 7939K [0x00000000eab00000, 0x00000000eb800000, 0x0000000100000000)
  eden space 5120K, 100% used [0x00000000eab00000,0x00000000eb000000,0x00000000eb000000)
  from space 3072K, 91% used [0x00000000eb500000,0x00000000eb7c0f70,0x00000000eb800000)
  to   space 3584K, 0% used [0x00000000eb100000,0x00000000eb100000,0x00000000eb480000)
 ParOldGen       total 361472K, used 301088K [0x00000000c0000000, 0x00000000d6100000, 0x00000000eab00000)
  object space 361472K, 83% used [0x00000000c0000000,0x00000000d26080b8,0x00000000d6100000)
 Metaspace       used 58618K, committed 59904K, reserved 1114112K
  class space    used 6097K, committed 6656K, reserved 1048576K
}
Event: 20.235 GC heap after
{Heap after GC invocations=354 (full 3):
 PSYoungGen      total 8704K, used 3517K [0x00000000eab00000, 0x00000000eb800000, 0x0000000100000000)
  eden space 5120K, 0% used [0x00000000eab00000,0x00000000eab00000,0x00000000eb000000)
  from space 3584K, 98% used [0x00000000eb100000,0x00000000eb46f7a0,0x00000000eb480000)
  to   space 3584K, 0% used [0x00000000eb480000,0x00000000eb480000,0x00000000eb800000)
 ParOldGen       total 361472K, used 303763K [0x00000000c0000000, 0x00000000d6100000, 0x00000000eab00000)
  object space 361472K, 84% used [0x00000000c0000000,0x00000000d28a4ff0,0x00000000d6100000)
 Metaspace       used 58618K, committed 59904K, reserved 1114112K
  class space    used 6097K, committed 6656K, reserved 1048576K
}
Event: 20.280 GC heap before
{Heap before GC invocations=355 (full 3):
 PSYoungGen      total 8704K, used 8559K [0x00000000eab00000, 0x00000000eb800000, 0x0000000100000000)
  eden space 5120K, 98% used [0x00000000eab00000,0x00000000eafec800,0x00000000eb000000)
  from space 3584K, 98% used [0x00000000eb100000,0x00000000eb46f7a0,0x00000000eb480000)
  to   space 3584K, 0% used [0x00000000eb480000,0x00000000eb480000,0x00000000eb800000)
 ParOldGen       total 361472K, used 303763K [0x00000000c0000000, 0x00000000d6100000, 0x00000000eab00000)
  object space 361472K, 84% used [0x00000000c0000000,0x00000000d28a4ff0,0x00000000d6100000)
 Metaspace       used 58627K, committed 59968K, reserved 1114112K
  class space    used 6097K, committed 6656K, reserved 1048576K
}
Event: 20.284 GC heap after
{Heap after GC invocations=355 (full 3):
 PSYoungGen      total 8704K, used 3083K [0x00000000eab00000, 0x00000000eb800000, 0x0000000100000000)
  eden space 5120K, 0% used [0x00000000eab00000,0x00000000eab00000,0x00000000eb000000)
  from space 3584K, 86% used [0x00000000eb480000,0x00000000eb782f40,0x00000000eb800000)
  to   space 3584K, 0% used [0x00000000eb100000,0x00000000eb100000,0x00000000eb480000)
 ParOldGen       total 361472K, used 307160K [0x00000000c0000000, 0x00000000d6100000, 0x00000000eab00000)
  object space 361472K, 84% used [0x00000000c0000000,0x00000000d2bf61f0,0x00000000d6100000)
 Metaspace       used 58627K, committed 59968K, reserved 1114112K
  class space    used 6097K, committed 6656K, reserved 1048576K
}
Event: 20.331 GC heap before
{Heap before GC invocations=356 (full 3):
 PSYoungGen      total 8704K, used 8203K [0x00000000eab00000, 0x00000000eb800000, 0x0000000100000000)
  eden space 5120K, 100% used [0x00000000eab00000,0x00000000eb000000,0x00000000eb000000)
  from space 3584K, 86% used [0x00000000eb480000,0x00000000eb782f40,0x00000000eb800000)
  to   space 3584K, 0% used [0x00000000eb100000,0x00000000eb100000,0x00000000eb480000)
 ParOldGen       total 361472K, used 307160K [0x00000000c0000000, 0x00000000d6100000, 0x00000000eab00000)
  object space 361472K, 84% used [0x00000000c0000000,0x00000000d2bf61f0,0x00000000d6100000)
 Metaspace       used 58636K, committed 59968K, reserved 1114112K
  class space    used 6097K, committed 6656K, reserved 1048576K
}
Event: 20.334 GC heap after
{Heap after GC invocations=356 (full 3):
 PSYoungGen      total 8704K, used 3207K [0x00000000eab00000, 0x00000000eb700000, 0x0000000100000000)
  eden space 5120K, 0% used [0x00000000eab00000,0x00000000eab00000,0x00000000eb000000)
  from space 3584K, 89% used [0x00000000eb100000,0x00000000eb421e60,0x00000000eb480000)
  to   space 2560K, 0% used [0x00000000eb480000,0x00000000eb480000,0x00000000eb700000)
 ParOldGen       total 361472K, used 310150K [0x00000000c0000000, 0x00000000d6100000, 0x00000000eab00000)
  object space 361472K, 85% used [0x00000000c0000000,0x00000000d2ee1b00,0x00000000d6100000)
 Metaspace       used 58636K, committed 59968K, reserved 1114112K
  class space    used 6097K, committed 6656K, reserved 1048576K
}
Event: 20.364 GC heap before
{Heap before GC invocations=357 (full 3):
 PSYoungGen      total 8704K, used 8327K [0x00000000eab00000, 0x00000000eb700000, 0x0000000100000000)
  eden space 5120K, 100% used [0x00000000eab00000,0x00000000eb000000,0x00000000eb000000)
  from space 3584K, 89% used [0x00000000eb100000,0x00000000eb421e60,0x00000000eb480000)
  to   space 2560K, 0% used [0x00000000eb480000,0x00000000eb480000,0x00000000eb700000)
 ParOldGen       total 361472K, used 310150K [0x00000000c0000000, 0x00000000d6100000, 0x00000000eab00000)
  object space 361472K, 85% used [0x00000000c0000000,0x00000000d2ee1b00,0x00000000d6100000)
 Metaspace       used 58642K, committed 59968K, reserved 1114112K
  class space    used 6097K, committed 6656K, reserved 1048576K
}

Dll operation events (10 events):
Event: 0.024 Loaded shared library c:\Users\Nabila Nur Fadhilah\.vscode\extensions\redhat.java-1.40.0-win32-x64\jre\21.0.6-win32-x86_64\bin\java.dll
Event: 0.139 Loaded shared library c:\Users\Nabila Nur Fadhilah\.vscode\extensions\redhat.java-1.40.0-win32-x64\jre\21.0.6-win32-x86_64\bin\zip.dll
Event: 0.177 Loaded shared library C:\Users\Nabila Nur Fadhilah\.vscode\extensions\redhat.java-1.40.0-win32-x64\jre\21.0.6-win32-x86_64\bin\instrument.dll
Event: 0.188 Loaded shared library C:\Users\Nabila Nur Fadhilah\.vscode\extensions\redhat.java-1.40.0-win32-x64\jre\21.0.6-win32-x86_64\bin\net.dll
Event: 0.192 Loaded shared library C:\Users\Nabila Nur Fadhilah\.vscode\extensions\redhat.java-1.40.0-win32-x64\jre\21.0.6-win32-x86_64\bin\nio.dll
Event: 0.197 Loaded shared library C:\Users\Nabila Nur Fadhilah\.vscode\extensions\redhat.java-1.40.0-win32-x64\jre\21.0.6-win32-x86_64\bin\zip.dll
Event: 0.214 Loaded shared library C:\Users\Nabila Nur Fadhilah\.vscode\extensions\redhat.java-1.40.0-win32-x64\jre\21.0.6-win32-x86_64\bin\jimage.dll
Event: 0.331 Loaded shared library c:\Users\Nabila Nur Fadhilah\.vscode\extensions\redhat.java-1.40.0-win32-x64\jre\21.0.6-win32-x86_64\bin\verify.dll
Event: 1.650 Loaded shared library C:\Users\Nabila Nur Fadhilah\AppData\Roaming\Code\User\globalStorage\redhat.java\1.40.0\config_win\org.eclipse.equinox.launcher\org.eclipse.equinox.launcher.win32.win32.x86_64_1.2.1200.v20250212-0927\eclipse_11909.dll
Event: 3.820 Loaded shared library C:\Users\Nabila Nur Fadhilah\AppData\Local\Temp\jna--1303572241\jna8185388783710574596.dll

Deoptimization events (20 events):
Event: 20.180 Thread 0x00000158e5cdebd0 DEOPT PACKING pc=0x000001588d28620b sp=0x000000171a3fed50
Event: 20.180 Thread 0x00000158e5cdebd0 DEOPT UNPACKING pc=0x0000015894584242 sp=0x000000171a3fe218 mode 0
Event: 20.235 Thread 0x00000158e7f62470 Uncommon trap: trap_request=0xffffffbe fr.pc=0x0000015894cbf0e0 relative=0x00000000000002a0
Event: 20.235 Thread 0x00000158e7f62470 Uncommon trap: reason=profile_predicate action=maybe_recompile pc=0x0000015894cbf0e0 method=java.util.regex.Pattern$Slice.match(Ljava/util/regex/Matcher;ILjava/lang/CharSequence;)Z @ 18 c2
Event: 20.235 Thread 0x00000158e7f62470 DEOPT PACKING pc=0x0000015894cbf0e0 sp=0x000000171b3fc7e0
Event: 20.235 Thread 0x00000158e7f62470 DEOPT UNPACKING pc=0x0000015894583aa2 sp=0x000000171b3fc770 mode 2
Event: 20.235 Thread 0x00000158e7f62470 Uncommon trap: trap_request=0xffffffbe fr.pc=0x0000015894cbf0e0 relative=0x00000000000002a0
Event: 20.236 Thread 0x00000158e7f62470 Uncommon trap: reason=profile_predicate action=maybe_recompile pc=0x0000015894cbf0e0 method=java.util.regex.Pattern$Slice.match(Ljava/util/regex/Matcher;ILjava/lang/CharSequence;)Z @ 18 c2
Event: 20.236 Thread 0x00000158e7f62470 DEOPT PACKING pc=0x0000015894cbf0e0 sp=0x000000171b3fc7e0
Event: 20.236 Thread 0x00000158e7f62470 DEOPT UNPACKING pc=0x0000015894583aa2 sp=0x000000171b3fc770 mode 2
Event: 20.236 Thread 0x00000158e7f62470 Uncommon trap: trap_request=0xffffffbe fr.pc=0x0000015894cbf0e0 relative=0x00000000000002a0
Event: 20.236 Thread 0x00000158e7f62470 Uncommon trap: reason=profile_predicate action=maybe_recompile pc=0x0000015894cbf0e0 method=java.util.regex.Pattern$Slice.match(Ljava/util/regex/Matcher;ILjava/lang/CharSequence;)Z @ 18 c2
Event: 20.236 Thread 0x00000158e7f62470 DEOPT PACKING pc=0x0000015894cbf0e0 sp=0x000000171b3fc7e0
Event: 20.236 Thread 0x00000158e7f62470 DEOPT UNPACKING pc=0x0000015894583aa2 sp=0x000000171b3fc770 mode 2
Event: 20.236 Thread 0x00000158e7f62470 Uncommon trap: trap_request=0xffffffbe fr.pc=0x0000015894cbf0e0 relative=0x00000000000002a0
Event: 20.236 Thread 0x00000158e7f62470 Uncommon trap: reason=profile_predicate action=maybe_recompile pc=0x0000015894cbf0e0 method=java.util.regex.Pattern$Slice.match(Ljava/util/regex/Matcher;ILjava/lang/CharSequence;)Z @ 18 c2
Event: 20.236 Thread 0x00000158e7f62470 DEOPT PACKING pc=0x0000015894cbf0e0 sp=0x000000171b3fc7e0
Event: 20.236 Thread 0x00000158e7f62470 DEOPT UNPACKING pc=0x0000015894583aa2 sp=0x000000171b3fc770 mode 2
Event: 20.237 Thread 0x00000158e7f62470 DEOPT PACKING pc=0x000001588d5d62b9 sp=0x000000171b3fc6c0
Event: 20.237 Thread 0x00000158e7f62470 DEOPT UNPACKING pc=0x0000015894584242 sp=0x000000171b3fbbc0 mode 0

Classes loaded (20 events):
Event: 12.072 Loading class java/util/Hashtable$ValueCollection
Event: 12.073 Loading class java/util/Hashtable$ValueCollection done
Event: 12.086 Loading class java/util/concurrent/ConcurrentHashMap$KeySpliterator
Event: 12.087 Loading class java/util/concurrent/ConcurrentHashMap$KeySpliterator done
Event: 12.107 Loading class sun/nio/ch/ChannelOutputStream
Event: 12.108 Loading class sun/nio/ch/ChannelOutputStream done
Event: 12.130 Loading class java/util/stream/ReduceOps$2
Event: 12.131 Loading class java/util/stream/ReduceOps$2 done
Event: 12.131 Loading class java/util/stream/ReduceOps$2ReducingSink
Event: 12.131 Loading class java/util/stream/ReduceOps$2ReducingSink done
Event: 13.655 Loading class jdk/internal/module/IllegalAccessLogger
Event: 13.655 Loading class jdk/internal/module/IllegalAccessLogger done
Event: 14.424 Loading class java/util/stream/IntStream
Event: 14.426 Loading class java/util/stream/IntStream done
Event: 14.426 Loading class java/util/stream/IntPipeline$Head
Event: 14.429 Loading class java/util/stream/IntPipeline
Event: 14.430 Loading class java/util/stream/IntPipeline done
Event: 14.430 Loading class java/util/stream/IntPipeline$Head done
Event: 14.588 Loading class java/util/stream/Streams$RangeIntSpliterator
Event: 14.589 Loading class java/util/stream/Streams$RangeIntSpliterator done

Classes unloaded (7 events):
Event: 4.615 Thread 0x00000158879be6a0 Unloading class 0x000001589f195400 'java/lang/invoke/LambdaForm$MH+0x000001589f195400'
Event: 4.615 Thread 0x00000158879be6a0 Unloading class 0x000001589f195000 'java/lang/invoke/LambdaForm$MH+0x000001589f195000'
Event: 4.615 Thread 0x00000158879be6a0 Unloading class 0x000001589f194c00 'java/lang/invoke/LambdaForm$MH+0x000001589f194c00'
Event: 4.615 Thread 0x00000158879be6a0 Unloading class 0x000001589f194800 'java/lang/invoke/LambdaForm$MH+0x000001589f194800'
Event: 4.615 Thread 0x00000158879be6a0 Unloading class 0x000001589f194400 'java/lang/invoke/LambdaForm$BMH+0x000001589f194400'
Event: 4.615 Thread 0x00000158879be6a0 Unloading class 0x000001589f194000 'java/lang/invoke/LambdaForm$DMH+0x000001589f194000'
Event: 4.615 Thread 0x00000158879be6a0 Unloading class 0x000001589f192c00 'java/lang/invoke/LambdaForm$DMH+0x000001589f192c00'

Classes redefined (0 events):
No events

Internal exceptions (20 events):
Event: 9.054 Thread 0x00000158e7f679c0 Exception <a 'sun/nio/fs/WindowsException'{0x00000000eb1d64b8}> (0x00000000eb1d64b8) 
thrown [s\src\hotspot\share\prims\jni.cpp, line 520]
Event: 9.054 Thread 0x00000158e7f68d70 Exception <a 'sun/nio/fs/WindowsException'{0x00000000eb2278a8}> (0x00000000eb2278a8) 
thrown [s\src\hotspot\share\prims\jni.cpp, line 520]
Event: 9.054 Thread 0x00000158e7f69400 Exception <a 'sun/nio/fs/WindowsException'{0x00000000eb234c20}> (0x00000000eb234c20) 
thrown [s\src\hotspot\share\prims\jni.cpp, line 520]
Event: 9.057 Thread 0x00000158e7f69a90 Exception <a 'sun/nio/fs/WindowsException'{0x00000000eb242a48}> (0x00000000eb242a48) 
thrown [s\src\hotspot\share\prims\jni.cpp, line 520]
Event: 9.058 Thread 0x00000158e7f66ca0 Exception <a 'sun/nio/fs/WindowsException'{0x00000000eb1e5788}> (0x00000000eb1e5788) 
thrown [s\src\hotspot\share\prims\jni.cpp, line 520]
Event: 11.405 Thread 0x00000158e7f62470 Exception <a 'java/lang/NoSuchMethodError'{0x00000000eada74f0}: 'java.lang.Object java.lang.invoke.DirectMethodHandle$Holder.invokeStatic(java.lang.Object, java.lang.Object, int, int)'> (0x00000000eada74f0) 
thrown [s\src\hotspot\share\interpreter\linkResolver.cpp, line 773]
Event: 11.406 Thread 0x00000158e7f62470 Exception <a 'java/lang/NoSuchMethodError'{0x00000000eadf2ea8}: 'java.lang.Object java.lang.invoke.DirectMethodHandle$Holder.invokeSpecial(java.lang.Object, java.lang.Object, java.lang.Object, int, int)'> (0x00000000eadf2ea8) 
thrown [s\src\hotspot\share\interpreter\linkResolver.cpp, line 773]
Event: 11.491 Thread 0x00000158e7f62470 Exception <a 'java/lang/NoSuchMethodError'{0x00000000eacb0898}: 'int java.lang.invoke.DirectMethodHandle$Holder.invokeSpecialIFC(java.lang.Object, java.lang.Object, java.lang.Object)'> (0x00000000eacb0898) 
thrown [s\src\hotspot\share\interpreter\linkResolver.cpp, line 773]
Event: 11.501 Thread 0x00000158e7f62470 Implicit null exception at 0x0000015894e888e3 to 0x0000015894e88f0c
Event: 11.989 Thread 0x00000158e970da30 Exception <a 'java/lang/NoSuchMethodError'{0x00000000eab0d328}: 'void java.lang.invoke.DirectMethodHandle$Holder.invokeStatic(java.lang.Object, int, java.lang.Object)'> (0x00000000eab0d328) 
thrown [s\src\hotspot\share\interpreter\linkResolver.cpp, line 773]
Event: 12.091 Thread 0x00000158e7f62470 Exception <a 'java/lang/NoSuchMethodError'{0x00000000eacc7310}: 'java.lang.Object java.lang.invoke.DirectMethodHandle$Holder.newInvokeSpecial(java.lang.Object, java.lang.Object, int, int, java.lang.Object)'> (0x00000000eacc7310) 
thrown [s\src\hotspot\share\interpreter\linkResolver.cpp, line 773]
Event: 12.308 Thread 0x00000158e970da30 Implicit null exception at 0x0000015894bba5c6 to 0x0000015894bba60f
Event: 13.037 Thread 0x00000158e7f62470 Exception <a 'sun/nio/fs/WindowsException'{0x00000000eac673d0}> (0x00000000eac673d0) 
thrown [s\src\hotspot\share\prims\jni.cpp, line 520]
Event: 13.039 Thread 0x00000158e7f62b00 Exception <a 'sun/nio/fs/WindowsException'{0x00000000eac69738}> (0x00000000eac69738) 
thrown [s\src\hotspot\share\prims\jni.cpp, line 520]
Event: 13.040 Thread 0x00000158e7f62b00 Exception <a 'sun/nio/fs/WindowsException'{0x00000000eac6ac68}> (0x00000000eac6ac68) 
thrown [s\src\hotspot\share\prims\jni.cpp, line 520]
Event: 13.041 Thread 0x00000158e7f62b00 Exception <a 'sun/nio/fs/WindowsException'{0x00000000eac6c2d8}> (0x00000000eac6c2d8) 
thrown [s\src\hotspot\share\prims\jni.cpp, line 520]
Event: 13.787 Thread 0x00000158e7f62470 Exception <a 'sun/nio/fs/WindowsException'{0x00000000ead11c60}> (0x00000000ead11c60) 
thrown [s\src\hotspot\share\prims\jni.cpp, line 520]
Event: 13.788 Thread 0x00000158e7f62470 Exception <a 'sun/nio/fs/WindowsException'{0x00000000ead12290}> (0x00000000ead12290) 
thrown [s\src\hotspot\share\prims\jni.cpp, line 520]
Event: 14.432 Thread 0x00000158e7f62470 Exception <a 'java/lang/NoSuchMethodError'{0x00000000eab4b1e8}: 'void java.lang.invoke.DirectMethodHandle$Holder.invokeStatic(java.lang.Object, java.lang.Object, java.lang.Object, int)'> (0x00000000eab4b1e8) 
thrown [s\src\hotspot\share\interpreter\linkResolver.cpp, line 773]
Event: 14.448 Thread 0x00000158e7f62470 Exception <a 'java/lang/NoSuchMethodError'{0x00000000eab92de0}: 'void java.lang.invoke.DirectMethodHandle$Holder.invokeVirtual(java.lang.Object, java.lang.Object, int)'> (0x00000000eab92de0) 
thrown [s\src\hotspot\share\interpreter\linkResolver.cpp, line 773]

ZGC Phase Switch (0 events):
No events

VM Operations (20 events):
Event: 16.668 Executing VM operation: ParallelGCFailedAllocation (Allocation Failure) done
Event: 16.685 Executing VM operation: ParallelGCFailedAllocation (Allocation Failure)
Event: 17.699 Executing VM operation: ParallelGCFailedAllocation (Allocation Failure) done
Event: 17.767 Executing VM operation: ParallelGCFailedAllocation (Allocation Failure)
Event: 18.783 Executing VM operation: ParallelGCFailedAllocation (Allocation Failure) done
Event: 18.826 Executing VM operation: CollectForMetadataAllocation (Metadata GC Threshold)
Event: 19.085 Executing VM operation: CollectForMetadataAllocation (Metadata GC Threshold) done
Event: 19.122 Executing VM operation: ParallelGCFailedAllocation (Allocation Failure)
Event: 20.124 Executing VM operation: ParallelGCFailedAllocation (Allocation Failure) done
Event: 20.159 Executing VM operation: ParallelGCFailedAllocation (Allocation Failure)
Event: 20.162 Executing VM operation: ParallelGCFailedAllocation (Allocation Failure) done
Event: 20.190 Executing VM operation: ParallelGCFailedAllocation (Allocation Failure)
Event: 20.193 Executing VM operation: ParallelGCFailedAllocation (Allocation Failure) done
Event: 20.233 Executing VM operation: ParallelGCFailedAllocation (Allocation Failure)
Event: 20.235 Executing VM operation: ParallelGCFailedAllocation (Allocation Failure) done
Event: 20.280 Executing VM operation: ParallelGCFailedAllocation (Allocation Failure)
Event: 20.285 Executing VM operation: ParallelGCFailedAllocation (Allocation Failure) done
Event: 20.331 Executing VM operation: ParallelGCFailedAllocation (Allocation Failure)
Event: 20.334 Executing VM operation: ParallelGCFailedAllocation (Allocation Failure) done
Event: 20.364 Executing VM operation: ParallelGCFailedAllocation (Allocation Failure)

Memory protections (0 events):
No events

Nmethod flushes (20 events):
Event: 18.920 Thread 0x00000158879be6a0 flushing  nmethod 0x000001588d8c7010
Event: 18.920 Thread 0x00000158879be6a0 flushing  nmethod 0x000001588d8d7210
Event: 18.920 Thread 0x00000158879be6a0 flushing  nmethod 0x000001588d8d7b90
Event: 18.921 Thread 0x00000158879be6a0 flushing  nmethod 0x000001588d8e0c90
Event: 18.921 Thread 0x00000158879be6a0 flushing  nmethod 0x000001588d8e5090
Event: 18.921 Thread 0x00000158879be6a0 flushing  nmethod 0x000001588d8ead90
Event: 18.921 Thread 0x00000158879be6a0 flushing  nmethod 0x000001588d8eb390
Event: 18.921 Thread 0x00000158879be6a0 flushing  nmethod 0x000001588d8ec810
Event: 18.921 Thread 0x00000158879be6a0 flushing  nmethod 0x000001588d8f0410
Event: 18.921 Thread 0x00000158879be6a0 flushing  nmethod 0x000001588d8f0b90
Event: 18.921 Thread 0x00000158879be6a0 flushing  nmethod 0x000001588d8f1510
Event: 18.921 Thread 0x00000158879be6a0 flushing  nmethod 0x000001588d8f1990
Event: 18.921 Thread 0x00000158879be6a0 flushing  nmethod 0x000001588d8f3590
Event: 18.921 Thread 0x00000158879be6a0 flushing  nmethod 0x000001588d8f7d10
Event: 18.921 Thread 0x00000158879be6a0 flushing  nmethod 0x000001588d8fdc90
Event: 18.921 Thread 0x00000158879be6a0 flushing  nmethod 0x000001588d902010
Event: 18.921 Thread 0x00000158879be6a0 flushing  nmethod 0x000001588d914890
Event: 18.921 Thread 0x00000158879be6a0 flushing  nmethod 0x000001588d915310
Event: 18.921 Thread 0x00000158879be6a0 flushing  nmethod 0x000001588d91eb10
Event: 18.921 Thread 0x00000158879be6a0 flushing  nmethod 0x000001588d939110

Events (20 events):
Event: 9.051 Thread 0x00000158e7f62b00 Thread added: 0x00000158e7f686e0
Event: 9.052 Thread 0x00000158e7f68050 Thread added: 0x00000158e7f679c0
Event: 9.052 Thread 0x00000158e7f68050 Thread added: 0x00000158e7f66ca0
Event: 9.053 Thread 0x00000158e7f679c0 Thread added: 0x00000158e7f68d70
Event: 9.053 Thread 0x00000158e7f686e0 Thread added: 0x00000158e7f69400
Event: 9.054 Thread 0x00000158e7f68d70 Thread added: 0x00000158e7f69a90
Event: 9.106 Thread 0x00000158e7f62470 Thread added: 0x00000158e7f66610
Event: 9.107 Thread 0x00000158e7f62470 Thread added: 0x00000158e7f67330
Event: 9.107 Thread 0x00000158e7f62470 Thread added: 0x00000158e970cd10
Event: 9.107 Thread 0x00000158e7f62470 Thread added: 0x00000158e970b960
Event: 9.107 Thread 0x00000158e7f62470 Thread added: 0x00000158e970c680
Event: 9.107 Thread 0x00000158e7f62470 Thread added: 0x00000158e970e0c0
Event: 9.663 Thread 0x00000158e5cdb0c0 Thread exited: 0x00000158e5cdb0c0
Event: 11.867 Thread 0x00000158e7f62470 Thread added: 0x00000158e970da30
Event: 12.093 Thread 0x00000158e7f62470 Thread added: 0x00000158e970e750
Event: 12.114 Thread 0x00000158e7f62470 Thread added: 0x00000158e970ede0
Event: 12.121 Thread 0x00000158e7f62470 Thread added: 0x00000158e970d3a0
Event: 12.137 Thread 0x00000158e7f62470 Thread added: 0x00000158e970bff0
Event: 12.147 Thread 0x00000158e7f62470 Thread added: 0x00000158e9710820
Event: 12.307 Thread 0x00000158e7f62470 Thread added: 0x00000158e9711540


Dynamic libraries:
0x00007ff70fcd0000 - 0x00007ff70fcde000 	c:\Users\Nabila Nur Fadhilah\.vscode\extensions\redhat.java-1.40.0-win32-x64\jre\21.0.6-win32-x86_64\bin\java.exe
0x00007ff944200000 - 0x00007ff944463000 	C:\WINDOWS\SYSTEM32\ntdll.dll
0x00007ff942b40000 - 0x00007ff942c07000 	C:\WINDOWS\System32\KERNEL32.DLL
0x00007ff9415a0000 - 0x00007ff941967000 	C:\WINDOWS\System32\KERNELBASE.dll
0x00007ff941ef0000 - 0x00007ff94203c000 	C:\WINDOWS\System32\ucrtbase.dll
0x00007ff92af40000 - 0x00007ff92af58000 	c:\Users\Nabila Nur Fadhilah\.vscode\extensions\redhat.java-1.40.0-win32-x64\jre\21.0.6-win32-x86_64\bin\jli.dll
0x00007ff92a920000 - 0x00007ff92a93e000 	c:\Users\Nabila Nur Fadhilah\.vscode\extensions\redhat.java-1.40.0-win32-x64\jre\21.0.6-win32-x86_64\bin\VCRUNTIME140.dll
0x00007ff942e10000 - 0x00007ff942fd9000 	C:\WINDOWS\System32\USER32.dll
0x00007ff941d60000 - 0x00007ff941d87000 	C:\WINDOWS\System32\win32u.dll
0x00007ff929c80000 - 0x00007ff929f10000 	C:\WINDOWS\WinSxS\amd64_microsoft.windows.common-controls_6595b64144ccf1df_6.0.26100.3037_none_3e09262ce333c378\COMCTL32.dll
0x00007ff9439f0000 - 0x00007ff943a1a000 	C:\WINDOWS\System32\GDI32.dll
0x00007ff941ba0000 - 0x00007ff941ccb000 	C:\WINDOWS\System32\gdi32full.dll
0x00007ff9428c0000 - 0x00007ff942969000 	C:\WINDOWS\System32\msvcrt.dll
0x00007ff941af0000 - 0x00007ff941b93000 	C:\WINDOWS\System32\msvcp_win.dll
0x00007ff9434f0000 - 0x00007ff94351f000 	C:\WINDOWS\System32\IMM32.DLL
0x00007ff92d500000 - 0x00007ff92d50c000 	c:\Users\Nabila Nur Fadhilah\.vscode\extensions\redhat.java-1.40.0-win32-x64\jre\21.0.6-win32-x86_64\bin\vcruntime140_1.dll
0x00007ff8e3070000 - 0x00007ff8e30fd000 	c:\Users\Nabila Nur Fadhilah\.vscode\extensions\redhat.java-1.40.0-win32-x64\jre\21.0.6-win32-x86_64\bin\msvcp140.dll
0x00007ff8dcc80000 - 0x00007ff8dda10000 	c:\Users\Nabila Nur Fadhilah\.vscode\extensions\redhat.java-1.40.0-win32-x64\jre\21.0.6-win32-x86_64\bin\server\jvm.dll
0x00007ff942970000 - 0x00007ff942a24000 	C:\WINDOWS\System32\ADVAPI32.dll
0x00007ff942d60000 - 0x00007ff942e06000 	C:\WINDOWS\System32\sechost.dll
0x00007ff942c40000 - 0x00007ff942d56000 	C:\WINDOWS\System32\RPCRT4.dll
0x00007ff943470000 - 0x00007ff9434e4000 	C:\WINDOWS\System32\WS2_32.dll
0x00007ff92d340000 - 0x00007ff92d34b000 	C:\WINDOWS\SYSTEM32\VERSION.dll
0x00007ff940200000 - 0x00007ff94024e000 	C:\WINDOWS\SYSTEM32\POWRPROF.dll
0x00007ff935660000 - 0x00007ff935696000 	C:\WINDOWS\SYSTEM32\WINMM.dll
0x00007ff9401e0000 - 0x00007ff9401f4000 	C:\WINDOWS\SYSTEM32\UMPDC.dll
0x00007ff9404a0000 - 0x00007ff9404ba000 	C:\WINDOWS\SYSTEM32\kernel.appcore.dll
0x00007ff92d260000 - 0x00007ff92d26a000 	c:\Users\Nabila Nur Fadhilah\.vscode\extensions\redhat.java-1.40.0-win32-x64\jre\21.0.6-win32-x86_64\bin\jimage.dll
0x00007ff93ec90000 - 0x00007ff93eed1000 	C:\WINDOWS\SYSTEM32\DBGHELP.DLL
0x00007ff942170000 - 0x00007ff9424ee000 	C:\WINDOWS\System32\combase.dll
0x00007ff943910000 - 0x00007ff9439e6000 	C:\WINDOWS\System32\OLEAUT32.dll
0x00007ff92b550000 - 0x00007ff92b589000 	C:\WINDOWS\SYSTEM32\dbgcore.DLL
0x00007ff941e50000 - 0x00007ff941ee9000 	C:\WINDOWS\System32\bcryptPrimitives.dll
0x00007ff92d230000 - 0x00007ff92d23f000 	c:\Users\Nabila Nur Fadhilah\.vscode\extensions\redhat.java-1.40.0-win32-x64\jre\21.0.6-win32-x86_64\bin\instrument.dll
0x00007ff91df00000 - 0x00007ff91df1f000 	c:\Users\Nabila Nur Fadhilah\.vscode\extensions\redhat.java-1.40.0-win32-x64\jre\21.0.6-win32-x86_64\bin\java.dll
0x00007ff943aa0000 - 0x00007ff9441a4000 	C:\WINDOWS\System32\SHELL32.dll
0x00007ff93f280000 - 0x00007ff93fab7000 	C:\WINDOWS\SYSTEM32\windows.storage.dll
0x00007ff942a30000 - 0x00007ff942b19000 	C:\WINDOWS\System32\SHCORE.dll
0x00007ff943540000 - 0x00007ff94359d000 	C:\WINDOWS\System32\shlwapi.dll
0x00007ff9414b0000 - 0x00007ff9414de000 	C:\WINDOWS\SYSTEM32\profapi.dll
0x00007ff910340000 - 0x00007ff910358000 	c:\Users\Nabila Nur Fadhilah\.vscode\extensions\redhat.java-1.40.0-win32-x64\jre\21.0.6-win32-x86_64\bin\zip.dll
0x00007ff92c9d0000 - 0x00007ff92c9e0000 	C:\Users\Nabila Nur Fadhilah\.vscode\extensions\redhat.java-1.40.0-win32-x64\jre\21.0.6-win32-x86_64\bin\net.dll
0x00007ff934e00000 - 0x00007ff934f1e000 	C:\WINDOWS\SYSTEM32\WINHTTP.dll
0x00007ff940990000 - 0x00007ff9409fa000 	C:\WINDOWS\system32\mswsock.dll
0x00007ff90ecd0000 - 0x00007ff90ece6000 	C:\Users\Nabila Nur Fadhilah\.vscode\extensions\redhat.java-1.40.0-win32-x64\jre\21.0.6-win32-x86_64\bin\nio.dll
0x00007ff92b460000 - 0x00007ff92b470000 	c:\Users\Nabila Nur Fadhilah\.vscode\extensions\redhat.java-1.40.0-win32-x64\jre\21.0.6-win32-x86_64\bin\verify.dll
0x00007ff8f84c0000 - 0x00007ff8f8505000 	C:\Users\Nabila Nur Fadhilah\AppData\Roaming\Code\User\globalStorage\redhat.java\1.40.0\config_win\org.eclipse.equinox.launcher\org.eclipse.equinox.launcher.win32.win32.x86_64_1.2.1200.v20250212-0927\eclipse_11909.dll
0x00007ff9435a0000 - 0x00007ff943735000 	C:\WINDOWS\System32\ole32.dll
0x00007ff940cd0000 - 0x00007ff940cec000 	C:\WINDOWS\SYSTEM32\CRYPTSP.dll
0x00007ff940400000 - 0x00007ff940438000 	C:\WINDOWS\system32\rsaenh.dll
0x00007ff940a30000 - 0x00007ff940a5b000 	C:\WINDOWS\SYSTEM32\USERENV.dll
0x00007ff940ed0000 - 0x00007ff940ef6000 	C:\WINDOWS\SYSTEM32\bcrypt.dll
0x00007ff940bc0000 - 0x00007ff940bcc000 	C:\WINDOWS\SYSTEM32\CRYPTBASE.dll
0x00007ff93fef0000 - 0x00007ff93ff22000 	C:\WINDOWS\SYSTEM32\IPHLPAPI.DLL
0x00007ff9441b0000 - 0x00007ff9441ba000 	C:\WINDOWS\System32\NSI.dll
0x00007ff8e19d0000 - 0x00007ff8e1a19000 	C:\Users\Nabila Nur Fadhilah\AppData\Local\Temp\jna--1303572241\jna8185388783710574596.dll
0x00007ff942b30000 - 0x00007ff942b38000 	C:\WINDOWS\System32\PSAPI.DLL
0x00007ff935000000 - 0x00007ff93501f000 	C:\WINDOWS\SYSTEM32\dhcpcsvc6.DLL
0x00007ff930d30000 - 0x00007ff930d55000 	C:\WINDOWS\SYSTEM32\dhcpcsvc.DLL

dbghelp: loaded successfully - version: 4.0.5 - missing functions: none
symbol engine: initialized successfully - sym options: 0x614 - pdb path: .;c:\Users\Nabila Nur Fadhilah\.vscode\extensions\redhat.java-1.40.0-win32-x64\jre\21.0.6-win32-x86_64\bin;C:\WINDOWS\SYSTEM32;C:\WINDOWS\WinSxS\amd64_microsoft.windows.common-controls_6595b64144ccf1df_6.0.26100.3037_none_3e09262ce333c378;c:\Users\Nabila Nur Fadhilah\.vscode\extensions\redhat.java-1.40.0-win32-x64\jre\21.0.6-win32-x86_64\bin\server;C:\Users\Nabila Nur Fadhilah\AppData\Roaming\Code\User\globalStorage\redhat.java\1.40.0\config_win\org.eclipse.equinox.launcher\org.eclipse.equinox.launcher.win32.win32.x86_64_1.2.1200.v20250212-0927;C:\Users\Nabila Nur Fadhilah\AppData\Local\Temp\jna--1303572241

VM Arguments:
jvm_args: --add-modules=ALL-SYSTEM --add-opens=java.base/java.util=ALL-UNNAMED --add-opens=java.base/java.lang=ALL-UNNAMED --add-opens=java.base/sun.nio.fs=ALL-UNNAMED -Declipse.application=org.eclipse.jdt.ls.core.id1 -Dosgi.bundles.defaultStartLevel=4 -Declipse.product=org.eclipse.jdt.ls.core.product -Djava.import.generatesMetadataFilesAtProjectRoot=false -DDetectVMInstallationsJob.disabled=true -Dfile.encoding=utf8 -XX:+UseParallelGC -XX:GCTimeRatio=4 -XX:AdaptiveSizePolicyWeight=90 -Dsun.zip.disableMemoryMapping=true -Xmx1G -Xms100m -Xlog:disable -javaagent:c:\Users\Nabila Nur Fadhilah\.vscode\extensions\redhat.java-1.40.0-win32-x64\lombok\lombok-1.18.36.jar -XX:+HeapDumpOnOutOfMemoryError -XX:HeapDumpPath=c:\Users\Nabila Nur Fadhilah\AppData\Roaming\Code\User\workspaceStorage\efdcd8ae57c30bb88c351b99fc93657e\redhat.java -Daether.dependencyCollector.impl=bf 
java_command: c:\Users\Nabila Nur Fadhilah\.vscode\extensions\redhat.java-1.40.0-win32-x64\server\plugins\org.eclipse.equinox.launcher_1.6.1000.v20250131-0606.jar -configuration c:\Users\Nabila Nur Fadhilah\AppData\Roaming\Code\User\globalStorage\redhat.java\1.40.0\config_win -data c:\Users\Nabila Nur Fadhilah\AppData\Roaming\Code\User\workspaceStorage\efdcd8ae57c30bb88c351b99fc93657e\redhat.java\jdt_ws --pipe=\\.\pipe\lsp-ec730d80e217f2adb717c40061ad15ab-sock
java_class_path (initial): c:\Users\Nabila Nur Fadhilah\.vscode\extensions\redhat.java-1.40.0-win32-x64\server\plugins\org.eclipse.equinox.launcher_1.6.1000.v20250131-0606.jar
Launcher Type: SUN_STANDARD

[Global flags]
    uintx AdaptiveSizePolicyWeight                 = 90                                        {product} {command line}
     intx CICompilerCount                          = 4                                         {product} {ergonomic}
    uintx GCTimeRatio                              = 4                                         {product} {command line}
     bool HeapDumpOnOutOfMemoryError               = true                                   {manageable} {command line}
    ccstr HeapDumpPath                             = c:\Users\Nabila Nur Fadhilah\AppData\Roaming\Code\User\workspaceStorage\efdcd8ae57c30bb88c351b99fc93657e\redhat.java         {manageable} {command line}
   size_t InitialHeapSize                          = 104857600                                 {product} {command line}
   size_t MaxHeapSize                              = 1073741824                                {product} {command line}
   size_t MaxNewSize                               = 357564416                                 {product} {ergonomic}
   size_t MinHeapDeltaBytes                        = 524288                                    {product} {ergonomic}
   size_t MinHeapSize                              = 104857600                                 {product} {command line}
   size_t NewSize                                  = 34603008                                  {product} {ergonomic}
    uintx NonNMethodCodeHeapSize                   = 5839372                                {pd product} {ergonomic}
    uintx NonProfiledCodeHeapSize                  = 122909434                              {pd product} {ergonomic}
   size_t OldSize                                  = 70254592                                  {product} {ergonomic}
    uintx ProfiledCodeHeapSize                     = 122909434                              {pd product} {ergonomic}
    uintx ReservedCodeCacheSize                    = 251658240                              {pd product} {ergonomic}
     bool SegmentedCodeCache                       = true                                      {product} {ergonomic}
   size_t SoftMaxHeapSize                          = 1073741824                             {manageable} {ergonomic}
     bool UseCompressedOops                        = true                           {product lp64_product} {ergonomic}
     bool UseLargePagesIndividualAllocation        = false                                  {pd product} {ergonomic}
     bool UseParallelGC                            = true                                      {product} {command line}

Logging:
Log output configuration:
 #0: stdout all=off uptime,level,tags foldmultilines=false
 #1: stderr all=off uptime,level,tags foldmultilines=false

Environment Variables:
PATH=C:\Program Files\Common Files\Oracle\Java\javapath;C:\WINDOWS\system32;C:\WINDOWS;C:\WINDOWS\System32\Wbem;C:\WINDOWS\System32\WindowsPowerShell\v1.0\;C:\WINDOWS\System32\OpenSSH\;C:\Program Files\Java\jdk-21\bin;C:\Program Files\apache-maven-3.9.9\bin;C:\Program Files\Git\cmd;C:\Program Files\Docker\Docker\resources\bin;C:\Program Files\MySQL\MySQL Server 8.0\bin;C:\Program Files\nodejs\;C:\xampp\mysql\bin;C:\php;C:\ProgramData\ComposerSetup\bin;C:\Program Files\MySQL\MySQL Shell 8.0\bin\;C:\Users\Nabila Nur Fadhilah\AppData\Local\Microsoft\WindowsApps;C:\Users\Nabila Nur Fadhilah\AppData\Local\Programs\Microsoft VS Code\bin;C:\Program Files\Java\jdk-21\bin;C:\Program Files\apache-maven-3.9.9\bin;C:\Users\Nabila Nur Fadhilah\AppData\Roaming\npm;C:\Users\Nabila Nur Fadhilah\AppData\Roaming\Composer\vendor\bin
USERNAME=Nabila Nur Fadhilah
OS=Windows_NT
PROCESSOR_IDENTIFIER=Intel64 Family 6 Model 154 Stepping 4, GenuineIntel
TMP=C:\Users\NABILA~1\AppData\Local\Temp
TEMP=C:\Users\NABILA~1\AppData\Local\Temp




Periodic native trim disabled

---------------  S Y S T E M  ---------------

OS:
 Windows 11 , 64 bit Build 26100 (10.0.26100.3037)
OS uptime: 0 days 16:34 hours
Hyper-V role detected

CPU: total 8 (initial active 8) (4 cores per cpu, 2 threads per core) family 6 model 154 stepping 4 microcode 0x435, cx8, cmov, fxsr, ht, mmx, 3dnowpref, sse, sse2, sse3, ssse3, sse4.1, sse4.2, popcnt, lzcnt, tsc, tscinvbit, avx, avx2, aes, erms, clmul, bmi1, bmi2, adx, sha, fma, vzeroupper, clflush, clflushopt, clwb, hv, serialize, rdtscp, rdpid, fsrm, f16c, cet_ibt, cet_ss
Processor Information for the first 8 processors :
  Max Mhz: 1200, Current Mhz: 1200, Mhz Limit: 1200

Memory: 4k page, system-wide physical 5702M (263M free)
TotalPageFile size 23110M (AvailPageFile size 12M)
current process WorkingSet (physical memory assigned to process): 528M, peak: 601M
current process commit charge ("private bytes"): 596M, peak: 615M

vm_info: OpenJDK 64-Bit Server VM (21.0.6+7-LTS) for windows-amd64 JRE (21.0.6+7-LTS), built on 2025-01-21T00:00:00Z by "admin" with MS VC++ 17.7 (VS2022)

END.
