#
# There is insufficient memory for the Java Runtime Environment to continue.
# Native memory allocation (malloc) failed to allocate 1735728 bytes. Error detail: Chunk::new
# Possible reasons:
#   The system is out of physical RAM or swap space
#   This process is running with CompressedOops enabled, and the Java Heap may be blocking the growth of the native heap
# Possible solutions:
#   Reduce memory load on the system
#   Increase physical memory or swap space
#   Check if swap backing store is full
#   Decrease Java heap size (-Xmx/-Xms)
#   Decrease number of Java threads
#   Decrease Java thread stack sizes (-Xss)
#   Set larger code cache with -XX:ReservedCodeCacheSize=
#   JVM is running with Unscaled Compressed Oops mode in which the Java heap is
#     placed in the first 4GB address space. The Java Heap base address is the
#     maximum limit for the native heap growth. Please use -XX:HeapBaseMinAddress
#     to set the Java Heap base and to place the Java Heap above 4GB virtual address.
# This output file may be truncated or incomplete.
#
#  Out of Memory Error (arena.cpp:168), pid=23116, tid=29888
#
# JRE version: OpenJDK Runtime Environment Temurin-21.0.6+7 (21.0.6+7) (build 21.0.6+7-LTS)
# Java VM: OpenJDK 64-Bit Server VM Temurin-21.0.6+7 (21.0.6+7-LTS, mixed mode, sharing, tiered, compressed oops, compressed class ptrs, parallel gc, windows-amd64)
# No core dump will be written. Minidumps are not enabled by default on client versions of Windows
#

---------------  S U M M A R Y ------------

Command Line: --add-modules=ALL-SYSTEM --add-opens=java.base/java.util=ALL-UNNAMED --add-opens=java.base/java.lang=ALL-UNNAMED --add-opens=java.base/sun.nio.fs=ALL-UNNAMED -Declipse.application=org.eclipse.jdt.ls.core.id1 -Dosgi.bundles.defaultStartLevel=4 -Declipse.product=org.eclipse.jdt.ls.core.product -Djava.import.generatesMetadataFilesAtProjectRoot=false -DDetectVMInstallationsJob.disabled=true -Dfile.encoding=utf8 -XX:+UseParallelGC -XX:GCTimeRatio=4 -XX:AdaptiveSizePolicyWeight=90 -Dsun.zip.disableMemoryMapping=true -Xmx1G -Xms100m -Xlog:disable -javaagent:c:\Users\Nabila Nur Fadhilah\.vscode\extensions\redhat.java-1.40.0-win32-x64\lombok\lombok-1.18.36.jar -XX:+HeapDumpOnOutOfMemoryError -XX:HeapDumpPath=c:\Users\Nabila Nur Fadhilah\AppData\Roaming\Code\User\workspaceStorage\efdcd8ae57c30bb88c351b99fc93657e\redhat.java -Daether.dependencyCollector.impl=bf c:\Users\Nabila Nur Fadhilah\.vscode\extensions\redhat.java-1.40.0-win32-x64\server\plugins\org.eclipse.equinox.launcher_1.6.1000.v20250131-0606.jar -configuration c:\Users\Nabila Nur Fadhilah\AppData\Roaming\Code\User\globalStorage\redhat.java\1.40.0\config_win -data c:\Users\Nabila Nur Fadhilah\AppData\Roaming\Code\User\workspaceStorage\efdcd8ae57c30bb88c351b99fc93657e\redhat.java\jdt_ws --pipe=\\.\pipe\lsp-6170528e0fac9b92e5c431d8b15e8847-sock

Host: 12th Gen Intel(R) Core(TM) i3-1215U, 8 cores, 5G,  Windows 11 , 64 bit Build 26100 (10.0.26100.3037)
Time: Thu Mar  6 16:04:39 2025 SE Asia Standard Time elapsed time: 19.345325 seconds (0d 0h 0m 19s)

---------------  T H R E A D  ---------------

Current thread (0x00000229e4bfb540):  JavaThread "C2 CompilerThread1" daemon [_thread_in_native, id=29888, stack(0x000000d620300000,0x000000d620400000) (1024K)]


Current CompileTask:
C2:19345 4278   !   4       org.eclipse.osgi.internal.loader.classpath.ClasspathManager::findClassImpl (343 bytes)

Stack: [0x000000d620300000,0x000000d620400000]
Native frames: (J=compiled Java code, j=interpreted, Vv=VM code, C=native code)
V  [jvm.dll+0x6cdee9]
V  [jvm.dll+0x8a83d1]
V  [jvm.dll+0x8aa8fe]
V  [jvm.dll+0x8aafe3]
V  [jvm.dll+0x27f706]
V  [jvm.dll+0xc500d]
V  [jvm.dll+0xc5543]
V  [jvm.dll+0x3b678c]
V  [jvm.dll+0x382935]
V  [jvm.dll+0x381d9a]
V  [jvm.dll+0x2479f0]
V  [jvm.dll+0x246fcf]
V  [jvm.dll+0x1c75ee]
V  [jvm.dll+0x25685a]
V  [jvm.dll+0x254dfa]
V  [jvm.dll+0x3f0256]
V  [jvm.dll+0x851f8b]
V  [jvm.dll+0x6cc5ed]
C  [ucrtbase.dll+0x37b0]
C  [KERNEL32.DLL+0x2e8d7]
C  [ntdll.dll+0xbbf2c]


---------------  P R O C E S S  ---------------

Threads class SMR info:
_java_thread_list=0x00000229e92e6e40, length=24, elements={
0x00000229cdbd1790, 0x00000229cdc8d000, 0x00000229e2735490, 0x00000229e273d9a0,
0x00000229e273e730, 0x00000229e2741720, 0x00000229e2744920, 0x00000229e27556a0,
0x00000229e4121010, 0x00000229e41cb9a0, 0x00000229e442efe0, 0x00000229e4a46de0,
0x00000229e49d7c40, 0x00000229e48c67d0, 0x00000229e48c6e30, 0x00000229e41ca340,
0x00000229e92aa960, 0x00000229e91cbfd0, 0x00000229e4cd1df0, 0x00000229e4cd10d0,
0x00000229e4cd3ec0, 0x00000229e4cd3830, 0x00000229e4bfb540, 0x00000229e4cd2480
}

Java Threads: ( => current thread )
  0x00000229cdbd1790 JavaThread "main"                              [_thread_blocked, id=11564, stack(0x000000d61e300000,0x000000d61e400000) (1024K)]
  0x00000229cdc8d000 JavaThread "Reference Handler"          daemon [_thread_blocked, id=3248, stack(0x000000d61e700000,0x000000d61e800000) (1024K)]
  0x00000229e2735490 JavaThread "Finalizer"                  daemon [_thread_blocked, id=17812, stack(0x000000d61e800000,0x000000d61e900000) (1024K)]
  0x00000229e273d9a0 JavaThread "Signal Dispatcher"          daemon [_thread_blocked, id=19336, stack(0x000000d61e900000,0x000000d61ea00000) (1024K)]
  0x00000229e273e730 JavaThread "Attach Listener"            daemon [_thread_blocked, id=32420, stack(0x000000d61ea00000,0x000000d61eb00000) (1024K)]
  0x00000229e2741720 JavaThread "Service Thread"             daemon [_thread_blocked, id=19364, stack(0x000000d61eb00000,0x000000d61ec00000) (1024K)]
  0x00000229e2744920 JavaThread "Monitor Deflation Thread"   daemon [_thread_blocked, id=31968, stack(0x000000d61ec00000,0x000000d61ed00000) (1024K)]
  0x00000229e27556a0 JavaThread "C2 CompilerThread0"         daemon [_thread_in_native, id=29524, stack(0x000000d61ed00000,0x000000d61ee00000) (1024K)]
  0x00000229e4121010 JavaThread "C1 CompilerThread0"         daemon [_thread_blocked, id=23168, stack(0x000000d61ee00000,0x000000d61ef00000) (1024K)]
  0x00000229e41cb9a0 JavaThread "Common-Cleaner"             daemon [_thread_blocked, id=28384, stack(0x000000d61ef00000,0x000000d61f000000) (1024K)]
  0x00000229e442efe0 JavaThread "Notification Thread"        daemon [_thread_blocked, id=31428, stack(0x000000d61f000000,0x000000d61f100000) (1024K)]
  0x00000229e4a46de0 JavaThread "Active Thread: Equinox Container: 834ff4cc-1a1f-4054-b4f8-b816b73bc830"        [_thread_blocked, id=30096, stack(0x000000d61f700000,0x000000d61f800000) (1024K)]
  0x00000229e49d7c40 JavaThread "Refresh Thread: Equinox Container: 834ff4cc-1a1f-4054-b4f8-b816b73bc830" daemon [_thread_blocked, id=37684, stack(0x000000d61f800000,0x000000d61f900000) (1024K)]
  0x00000229e48c67d0 JavaThread "Framework Event Dispatcher: Equinox Container: 834ff4cc-1a1f-4054-b4f8-b816b73bc830" daemon [_thread_blocked, id=224, stack(0x000000d61fa00000,0x000000d61fb00000) (1024K)]
  0x00000229e48c6e30 JavaThread "Start Level: Equinox Container: 834ff4cc-1a1f-4054-b4f8-b816b73bc830" daemon [_thread_in_native, id=1008, stack(0x000000d61fb00000,0x000000d61fc00000) (1024K)]
  0x00000229e41ca340 JavaThread "Bundle File Closer"         daemon [_thread_blocked, id=36788, stack(0x000000d61fc00000,0x000000d61fd00000) (1024K)]
  0x00000229e92aa960 JavaThread "SCR Component Actor"        daemon [_thread_blocked, id=37316, stack(0x000000d61fd00000,0x000000d61fe00000) (1024K)]
  0x00000229e91cbfd0 JavaThread "SCR Component Registry"     daemon [_thread_blocked, id=28732, stack(0x000000d61fe00000,0x000000d61ff00000) (1024K)]
  0x00000229e4cd1df0 JavaThread "Worker-JM"                         [_thread_blocked, id=33744, stack(0x000000d61ff00000,0x000000d620000000) (1024K)]
  0x00000229e4cd10d0 JavaThread "JNA Cleaner"                daemon [_thread_blocked, id=30724, stack(0x000000d620000000,0x000000d620100000) (1024K)]
  0x00000229e4cd3ec0 JavaThread "Worker-0: Repository registry initialization"        [_thread_in_vm, id=26464, stack(0x000000d620100000,0x000000d620200000) (1024K)]
  0x00000229e4cd3830 JavaThread "Worker-1"                          [_thread_blocked, id=940, stack(0x000000d620200000,0x000000d620300000) (1024K)]
=>0x00000229e4bfb540 JavaThread "C2 CompilerThread1"         daemon [_thread_in_native, id=29888, stack(0x000000d620300000,0x000000d620400000) (1024K)]
  0x00000229e4cd2480 JavaThread "Worker-2"                          [_thread_blocked, id=6240, stack(0x000000d620400000,0x000000d620500000) (1024K)]
Total: 24

Other Threads:
  0x00000229e2733680 VMThread "VM Thread"                           [id=29964, stack(0x000000d61e600000,0x000000d61e700000) (1024K)]
  0x00000229cdc40950 WatcherThread "VM Periodic Task Thread"        [id=36104, stack(0x000000d61e500000,0x000000d61e600000) (1024K)]
  0x00000229cdbf1040 WorkerThread "GC Thread#0"                     [id=35408, stack(0x000000d61e400000,0x000000d61e500000) (1024K)]
  0x00000229e4629a10 WorkerThread "GC Thread#1"                     [id=13548, stack(0x000000d61f100000,0x000000d61f200000) (1024K)]
  0x00000229e4453d20 WorkerThread "GC Thread#2"                     [id=25596, stack(0x000000d61f200000,0x000000d61f300000) (1024K)]
  0x00000229e44540c0 WorkerThread "GC Thread#3"                     [id=32492, stack(0x000000d61f300000,0x000000d61f400000) (1024K)]
  0x00000229e4454460 WorkerThread "GC Thread#4"                     [id=14700, stack(0x000000d61f400000,0x000000d61f500000) (1024K)]
  0x00000229e4454800 WorkerThread "GC Thread#5"                     [id=19988, stack(0x000000d61f500000,0x000000d61f600000) (1024K)]
  0x00000229e4454ba0 WorkerThread "GC Thread#6"                     [id=21156, stack(0x000000d61f600000,0x000000d61f700000) (1024K)]
  0x00000229e48abdd0 WorkerThread "GC Thread#7"                     [id=10644, stack(0x000000d61f900000,0x000000d61fa00000) (1024K)]
Total: 10

Threads with active compile tasks:
C2 CompilerThread0  19468 4311       4       org.lombokweb.asm.ClassReader::readMethod (1070 bytes)
C2 CompilerThread1  19469 4278   !   4       org.eclipse.osgi.internal.loader.classpath.ClasspathManager::findClassImpl (343 bytes)
Total: 2

VM state: not at safepoint (normal execution)

VM Mutex/Monitor currently owned by a thread: None

Heap address: 0x00000000c0000000, size: 1024 MB, Compressed Oops mode: 32-bit

CDS archive(s) mapped at: [0x0000022980000000-0x0000022980ba0000-0x0000022980ba0000), size 12189696, SharedBaseAddress: 0x0000022980000000, ArchiveRelocationMode: 1.
Compressed class space mapped at: 0x0000022981000000-0x00000229c1000000, reserved size: 1073741824
Narrow klass base: 0x0000022980000000, Narrow klass shift: 0, Narrow klass range: 0x100000000

GC Precious Log:
 CardTable entry size: 512
 CPUs: 8 total, 8 available
 Memory: 5702M
 Large Page Support: Disabled
 NUMA Support: Disabled
 Compressed Oops: Enabled (32-bit)
 Alignments: Space 512K, Generation 512K, Heap 2M
 Heap Min Capacity: 100M
 Heap Initial Capacity: 100M
 Heap Max Capacity: 1G
 Pre-touch: Disabled
 Parallel Workers: 8

Heap:
 PSYoungGen      total 26112K, used 9160K [0x00000000eab00000, 0x00000000ec900000, 0x0000000100000000)
  eden space 23552K, 28% used [0x00000000eab00000,0x00000000eb176568,0x00000000ec200000)
  from space 2560K, 99% used [0x00000000ec400000,0x00000000ec67bb08,0x00000000ec680000)
  to   space 2560K, 0% used [0x00000000ec680000,0x00000000ec680000,0x00000000ec900000)
 ParOldGen       total 68608K, used 13206K [0x00000000c0000000, 0x00000000c4300000, 0x00000000eab00000)
  object space 68608K, 19% used [0x00000000c0000000,0x00000000c0ce59c0,0x00000000c4300000)
 Metaspace       used 27357K, committed 28352K, reserved 1114112K
  class space    used 2679K, committed 3072K, reserved 1048576K

Card table byte_map: [0x00000229e0000000,0x00000229e0210000] _byte_map_base: 0x00000229dfa00000

Marking Bits: (ParMarkBitMap*) 0x00007ffd0e013260
 Begin Bits: [0x00000229e0370000, 0x00000229e1370000)
 End Bits:   [0x00000229e1370000, 0x00000229e2370000)

Polling page: 0x00000229cc3b0000

Metaspace:

Usage:
  Non-class:     24.10 MB used.
      Class:      2.62 MB used.
       Both:     26.72 MB used.

Virtual space:
  Non-class space:       64.00 MB reserved,      24.69 MB ( 39%) committed,  1 nodes.
      Class space:        1.00 GB reserved,       3.00 MB ( <1%) committed,  1 nodes.
             Both:        1.06 GB reserved,      27.69 MB (  3%) committed. 

Chunk freelists:
   Non-Class:  7.09 MB
       Class:  12.94 MB
        Both:  20.04 MB

MaxMetaspaceSize: unlimited
CompressedClassSpaceSize: 1.00 GB
Initial GC threshold: 21.00 MB
Current GC threshold: 35.00 MB
CDS: on
 - commit_granule_bytes: 65536.
 - commit_granule_words: 8192.
 - virtual_space_node_default_size: 8388608.
 - enlarge_chunks_in_place: 1.
 - use_allocation_guard: 0.


Internal statistics:

num_allocs_failed_limit: 3.
num_arena_births: 804.
num_arena_deaths: 14.
num_vsnodes_births: 2.
num_vsnodes_deaths: 0.
num_space_committed: 443.
num_space_uncommitted: 0.
num_chunks_returned_to_freelist: 17.
num_chunks_taken_from_freelist: 2008.
num_chunk_merges: 6.
num_chunk_splits: 1237.
num_chunks_enlarged: 676.
num_inconsistent_stats: 0.

CodeHeap 'non-profiled nmethods': size=120000Kb used=1950Kb max_used=1950Kb free=118049Kb
 bounds [0x00000229d88f0000, 0x00000229d8b60000, 0x00000229dfe20000]
CodeHeap 'profiled nmethods': size=120000Kb used=9128Kb max_used=9128Kb free=110871Kb
 bounds [0x00000229d0e20000, 0x00000229d1710000, 0x00000229d8350000]
CodeHeap 'non-nmethods': size=5760Kb used=1328Kb max_used=1366Kb free=4431Kb
 bounds [0x00000229d8350000, 0x00000229d85c0000, 0x00000229d88f0000]
 total_blobs=4930 nmethods=4314 adapters=522
 compilation: enabled
              stopped_count=0, restarted_count=0
 full_count=0

Compilation events (20 events):
Event: 18.042 Thread 0x00000229e4121010 4301       3       java.util.regex.Matcher::<init> (95 bytes)
Event: 18.042 Thread 0x00000229e4121010 nmethod 4301 0x00000229d1704310 code [0x00000229d17044e0, 0x00000229d1704990]
Event: 18.043 Thread 0x00000229e4121010 4302       3       org.lombokweb.asm.MethodVisitor::visitJumpInsn (17 bytes)
Event: 18.043 Thread 0x00000229e4121010 nmethod 4302 0x00000229d1704b10 code [0x00000229d1704cc0, 0x00000229d1704ec8]
Event: 18.044 Thread 0x00000229e4121010 4303       3       org.lombokweb.asm.Label::addForwardReference (102 bytes)
Event: 18.044 Thread 0x00000229e4121010 nmethod 4303 0x00000229d1704f90 code [0x00000229d1705160, 0x00000229d17055c0]
Event: 18.248 Thread 0x00000229e27556a0 nmethod 4298 0x00000229d8ac8a10 code [0x00000229d8ac9180, 0x00000229d8acf628]
Event: 18.250 Thread 0x00000229e27556a0 4300       4       org.lombokweb.asm.Type::getArgumentsAndReturnSizes (140 bytes)
Event: 18.265 Thread 0x00000229e27556a0 nmethod 4300 0x00000229d8ad3490 code [0x00000229d8ad36e0, 0x00000229d8ad4058]
Event: 18.265 Thread 0x00000229e27556a0 4304       4       org.lombokweb.asm.MethodWriter::visitLabel (332 bytes)
Event: 18.276 Thread 0x00000229e27556a0 nmethod 4304 0x00000229d8ad4790 code [0x00000229d8ad4960, 0x00000229d8ad4f78]
Event: 18.288 Thread 0x00000229e27556a0 4305   !   4       java.util.WeakHashMap::expungeStaleEntries (139 bytes)
Event: 18.290 Thread 0x00000229e4121010 4306       3       java.util.jar.JarFile::match (132 bytes)
Event: 18.291 Thread 0x00000229e4121010 nmethod 4306 0x00000229d1705790 code [0x00000229d1705980, 0x00000229d1705eb0]
Event: 18.313 Thread 0x00000229e27556a0 nmethod 4305 0x00000229d8ad5390 code [0x00000229d8ad5600, 0x00000229d8ad5fd0]
Event: 18.321 Thread 0x00000229e4121010 4307   !   3       java.nio.HeapCharBuffer::toString (30 bytes)
Event: 18.321 Thread 0x00000229e4121010 nmethod 4307 0x00000229d1706190 code [0x00000229d1706360, 0x00000229d1706620]
Event: 18.326 Thread 0x00000229e27556a0 4308       4       org.lombokweb.asm.MethodWriter::computeMethodInfoSize (571 bytes)
Event: 18.336 Thread 0x00000229e27556a0 nmethod 4308 0x00000229d8ad6790 code [0x00000229d8ad6a40, 0x00000229d8ad7208]
Event: 18.728 Thread 0x00000229e4121010 4312   !   3       java.util.concurrent.locks.LockSupport::parkNanos (56 bytes)

GC Heap History (20 events):
Event: 2.725 GC heap before
{Heap before GC invocations=1 (full 0):
 PSYoungGen      total 29696K, used 25600K [0x00000000eab00000, 0x00000000ecc00000, 0x0000000100000000)
  eden space 25600K, 100% used [0x00000000eab00000,0x00000000ec400000,0x00000000ec400000)
  from space 4096K, 0% used [0x00000000ec800000,0x00000000ec800000,0x00000000ecc00000)
  to   space 4096K, 0% used [0x00000000ec400000,0x00000000ec400000,0x00000000ec800000)
 ParOldGen       total 68608K, used 0K [0x00000000c0000000, 0x00000000c4300000, 0x00000000eab00000)
  object space 68608K, 0% used [0x00000000c0000000,0x00000000c0000000,0x00000000c4300000)
 Metaspace       used 4346K, committed 4544K, reserved 1114112K
  class space    used 434K, committed 512K, reserved 1048576K
}
Event: 2.734 GC heap after
{Heap after GC invocations=1 (full 0):
 PSYoungGen      total 29696K, used 3166K [0x00000000eab00000, 0x00000000ecc00000, 0x0000000100000000)
  eden space 25600K, 0% used [0x00000000eab00000,0x00000000eab00000,0x00000000ec400000)
  from space 4096K, 77% used [0x00000000ec400000,0x00000000ec717ab0,0x00000000ec800000)
  to   space 4096K, 0% used [0x00000000ec800000,0x00000000ec800000,0x00000000ecc00000)
 ParOldGen       total 68608K, used 16K [0x00000000c0000000, 0x00000000c4300000, 0x00000000eab00000)
  object space 68608K, 0% used [0x00000000c0000000,0x00000000c0004000,0x00000000c4300000)
 Metaspace       used 4346K, committed 4544K, reserved 1114112K
  class space    used 434K, committed 512K, reserved 1048576K
}
Event: 5.379 GC heap before
{Heap before GC invocations=2 (full 0):
 PSYoungGen      total 29696K, used 28766K [0x00000000eab00000, 0x00000000ecc00000, 0x0000000100000000)
  eden space 25600K, 100% used [0x00000000eab00000,0x00000000ec400000,0x00000000ec400000)
  from space 4096K, 77% used [0x00000000ec400000,0x00000000ec717ab0,0x00000000ec800000)
  to   space 4096K, 0% used [0x00000000ec800000,0x00000000ec800000,0x00000000ecc00000)
 ParOldGen       total 68608K, used 16K [0x00000000c0000000, 0x00000000c4300000, 0x00000000eab00000)
  object space 68608K, 0% used [0x00000000c0000000,0x00000000c0004000,0x00000000c4300000)
 Metaspace       used 7926K, committed 8192K, reserved 1114112K
  class space    used 770K, committed 896K, reserved 1048576K
}
Event: 5.387 GC heap after
{Heap after GC invocations=2 (full 0):
 PSYoungGen      total 29696K, used 4091K [0x00000000eab00000, 0x00000000ecc00000, 0x0000000100000000)
  eden space 25600K, 0% used [0x00000000eab00000,0x00000000eab00000,0x00000000ec400000)
  from space 4096K, 99% used [0x00000000ec800000,0x00000000ecbfeea8,0x00000000ecc00000)
  to   space 4096K, 0% used [0x00000000ec400000,0x00000000ec400000,0x00000000ec800000)
 ParOldGen       total 68608K, used 1632K [0x00000000c0000000, 0x00000000c4300000, 0x00000000eab00000)
  object space 68608K, 2% used [0x00000000c0000000,0x00000000c01983a0,0x00000000c4300000)
 Metaspace       used 7926K, committed 8192K, reserved 1114112K
  class space    used 770K, committed 896K, reserved 1048576K
}
Event: 8.210 GC heap before
{Heap before GC invocations=3 (full 0):
 PSYoungGen      total 29696K, used 29691K [0x00000000eab00000, 0x00000000ecc00000, 0x0000000100000000)
  eden space 25600K, 100% used [0x00000000eab00000,0x00000000ec400000,0x00000000ec400000)
  from space 4096K, 99% used [0x00000000ec800000,0x00000000ecbfeea8,0x00000000ecc00000)
  to   space 4096K, 0% used [0x00000000ec400000,0x00000000ec400000,0x00000000ec800000)
 ParOldGen       total 68608K, used 1632K [0x00000000c0000000, 0x00000000c4300000, 0x00000000eab00000)
  object space 68608K, 2% used [0x00000000c0000000,0x00000000c01983a0,0x00000000c4300000)
 Metaspace       used 9173K, committed 9536K, reserved 1114112K
  class space    used 915K, committed 1088K, reserved 1048576K
}
Event: 8.220 GC heap after
{Heap after GC invocations=3 (full 0):
 PSYoungGen      total 29696K, used 4074K [0x00000000eab00000, 0x00000000ecc00000, 0x0000000100000000)
  eden space 25600K, 0% used [0x00000000eab00000,0x00000000eab00000,0x00000000ec400000)
  from space 4096K, 99% used [0x00000000ec400000,0x00000000ec7fa828,0x00000000ec800000)
  to   space 4096K, 0% used [0x00000000ec800000,0x00000000ec800000,0x00000000ecc00000)
 ParOldGen       total 68608K, used 5799K [0x00000000c0000000, 0x00000000c4300000, 0x00000000eab00000)
  object space 68608K, 8% used [0x00000000c0000000,0x00000000c05a9d48,0x00000000c4300000)
 Metaspace       used 9173K, committed 9536K, reserved 1114112K
  class space    used 915K, committed 1088K, reserved 1048576K
}
Event: 10.784 GC heap before
{Heap before GC invocations=4 (full 0):
 PSYoungGen      total 29696K, used 29674K [0x00000000eab00000, 0x00000000ecc00000, 0x0000000100000000)
  eden space 25600K, 100% used [0x00000000eab00000,0x00000000ec400000,0x00000000ec400000)
  from space 4096K, 99% used [0x00000000ec400000,0x00000000ec7fa828,0x00000000ec800000)
  to   space 4096K, 0% used [0x00000000ec800000,0x00000000ec800000,0x00000000ecc00000)
 ParOldGen       total 68608K, used 5799K [0x00000000c0000000, 0x00000000c4300000, 0x00000000eab00000)
  object space 68608K, 8% used [0x00000000c0000000,0x00000000c05a9d48,0x00000000c4300000)
 Metaspace       used 12391K, committed 12800K, reserved 1114112K
  class space    used 1224K, committed 1408K, reserved 1048576K
}
Event: 10.791 GC heap after
{Heap after GC invocations=4 (full 0):
 PSYoungGen      total 29696K, used 4090K [0x00000000eab00000, 0x00000000ecc00000, 0x0000000100000000)
  eden space 25600K, 0% used [0x00000000eab00000,0x00000000eab00000,0x00000000ec400000)
  from space 4096K, 99% used [0x00000000ec800000,0x00000000ecbfebc8,0x00000000ecc00000)
  to   space 4096K, 0% used [0x00000000ec400000,0x00000000ec400000,0x00000000ec800000)
 ParOldGen       total 68608K, used 6804K [0x00000000c0000000, 0x00000000c4300000, 0x00000000eab00000)
  object space 68608K, 9% used [0x00000000c0000000,0x00000000c06a51b0,0x00000000c4300000)
 Metaspace       used 12391K, committed 12800K, reserved 1114112K
  class space    used 1224K, committed 1408K, reserved 1048576K
}
Event: 13.277 GC heap before
{Heap before GC invocations=5 (full 0):
 PSYoungGen      total 29696K, used 29690K [0x00000000eab00000, 0x00000000ecc00000, 0x0000000100000000)
  eden space 25600K, 100% used [0x00000000eab00000,0x00000000ec400000,0x00000000ec400000)
  from space 4096K, 99% used [0x00000000ec800000,0x00000000ecbfebc8,0x00000000ecc00000)
  to   space 4096K, 0% used [0x00000000ec400000,0x00000000ec400000,0x00000000ec800000)
 ParOldGen       total 68608K, used 6804K [0x00000000c0000000, 0x00000000c4300000, 0x00000000eab00000)
  object space 68608K, 9% used [0x00000000c0000000,0x00000000c06a51b0,0x00000000c4300000)
 Metaspace       used 16267K, committed 16832K, reserved 1114112K
  class space    used 1603K, committed 1856K, reserved 1048576K
}
Event: 13.283 GC heap after
{Heap after GC invocations=5 (full 0):
 PSYoungGen      total 29184K, used 4079K [0x00000000eab00000, 0x00000000ece80000, 0x0000000100000000)
  eden space 25088K, 0% used [0x00000000eab00000,0x00000000eab00000,0x00000000ec380000)
  from space 4096K, 99% used [0x00000000ec400000,0x00000000ec7fbf28,0x00000000ec800000)
  to   space 5632K, 0% used [0x00000000ec900000,0x00000000ec900000,0x00000000ece80000)
 ParOldGen       total 68608K, used 8195K [0x00000000c0000000, 0x00000000c4300000, 0x00000000eab00000)
  object space 68608K, 11% used [0x00000000c0000000,0x00000000c0800d10,0x00000000c4300000)
 Metaspace       used 16267K, committed 16832K, reserved 1114112K
  class space    used 1603K, committed 1856K, reserved 1048576K
}
Event: 15.127 GC heap before
{Heap before GC invocations=6 (full 0):
 PSYoungGen      total 29184K, used 29167K [0x00000000eab00000, 0x00000000ece80000, 0x0000000100000000)
  eden space 25088K, 100% used [0x00000000eab00000,0x00000000ec380000,0x00000000ec380000)
  from space 4096K, 99% used [0x00000000ec400000,0x00000000ec7fbf28,0x00000000ec800000)
  to   space 5632K, 0% used [0x00000000ec900000,0x00000000ec900000,0x00000000ece80000)
 ParOldGen       total 68608K, used 8195K [0x00000000c0000000, 0x00000000c4300000, 0x00000000eab00000)
  object space 68608K, 11% used [0x00000000c0000000,0x00000000c0800d10,0x00000000c4300000)
 Metaspace       used 18833K, committed 19648K, reserved 1114112K
  class space    used 1889K, committed 2240K, reserved 1048576K
}
Event: 15.134 GC heap after
{Heap after GC invocations=6 (full 0):
 PSYoungGen      total 29184K, used 4178K [0x00000000eab00000, 0x00000000ecd80000, 0x0000000100000000)
  eden space 24576K, 0% used [0x00000000eab00000,0x00000000eab00000,0x00000000ec300000)
  from space 4608K, 90% used [0x00000000ec900000,0x00000000ecd14860,0x00000000ecd80000)
  to   space 5120K, 0% used [0x00000000ec380000,0x00000000ec380000,0x00000000ec880000)
 ParOldGen       total 68608K, used 8203K [0x00000000c0000000, 0x00000000c4300000, 0x00000000eab00000)
  object space 68608K, 11% used [0x00000000c0000000,0x00000000c0802d10,0x00000000c4300000)
 Metaspace       used 18833K, committed 19648K, reserved 1114112K
  class space    used 1889K, committed 2240K, reserved 1048576K
}
Event: 16.188 GC heap before
{Heap before GC invocations=7 (full 0):
 PSYoungGen      total 29184K, used 18660K [0x00000000eab00000, 0x00000000ecd80000, 0x0000000100000000)
  eden space 24576K, 58% used [0x00000000eab00000,0x00000000eb9247b0,0x00000000ec300000)
  from space 4608K, 90% used [0x00000000ec900000,0x00000000ecd14860,0x00000000ecd80000)
  to   space 5120K, 0% used [0x00000000ec380000,0x00000000ec380000,0x00000000ec880000)
 ParOldGen       total 68608K, used 8203K [0x00000000c0000000, 0x00000000c4300000, 0x00000000eab00000)
  object space 68608K, 11% used [0x00000000c0000000,0x00000000c0802d10,0x00000000c4300000)
 Metaspace       used 20616K, committed 21504K, reserved 1114112K
  class space    used 2104K, committed 2496K, reserved 1048576K
}
Event: 16.283 GC heap after
{Heap after GC invocations=7 (full 0):
 PSYoungGen      total 29184K, used 4237K [0x00000000eab00000, 0x00000000ecc00000, 0x0000000100000000)
  eden space 24576K, 0% used [0x00000000eab00000,0x00000000eab00000,0x00000000ec300000)
  from space 4608K, 91% used [0x00000000ec380000,0x00000000ec7a3578,0x00000000ec800000)
  to   space 4096K, 0% used [0x00000000ec800000,0x00000000ec800000,0x00000000ecc00000)
 ParOldGen       total 68608K, used 9457K [0x00000000c0000000, 0x00000000c4300000, 0x00000000eab00000)
  object space 68608K, 13% used [0x00000000c0000000,0x00000000c093c538,0x00000000c4300000)
 Metaspace       used 20616K, committed 21504K, reserved 1114112K
  class space    used 2104K, committed 2496K, reserved 1048576K
}
Event: 16.283 GC heap before
{Heap before GC invocations=8 (full 1):
 PSYoungGen      total 29184K, used 4237K [0x00000000eab00000, 0x00000000ecc00000, 0x0000000100000000)
  eden space 24576K, 0% used [0x00000000eab00000,0x00000000eab00000,0x00000000ec300000)
  from space 4608K, 91% used [0x00000000ec380000,0x00000000ec7a3578,0x00000000ec800000)
  to   space 4096K, 0% used [0x00000000ec800000,0x00000000ec800000,0x00000000ecc00000)
 ParOldGen       total 68608K, used 9457K [0x00000000c0000000, 0x00000000c4300000, 0x00000000eab00000)
  object space 68608K, 13% used [0x00000000c0000000,0x00000000c093c538,0x00000000c4300000)
 Metaspace       used 20616K, committed 21504K, reserved 1114112K
  class space    used 2104K, committed 2496K, reserved 1048576K
}
Event: 16.471 GC heap after
{Heap after GC invocations=8 (full 1):
 PSYoungGen      total 29184K, used 0K [0x00000000eab00000, 0x00000000ecc00000, 0x0000000100000000)
  eden space 24576K, 0% used [0x00000000eab00000,0x00000000eab00000,0x00000000ec300000)
  from space 4608K, 0% used [0x00000000ec380000,0x00000000ec380000,0x00000000ec800000)
  to   space 4096K, 0% used [0x00000000ec800000,0x00000000ec800000,0x00000000ecc00000)
 ParOldGen       total 68608K, used 12774K [0x00000000c0000000, 0x00000000c4300000, 0x00000000eab00000)
  object space 68608K, 18% used [0x00000000c0000000,0x00000000c0c799c0,0x00000000c4300000)
 Metaspace       used 20604K, committed 21504K, reserved 1114112K
  class space    used 2101K, committed 2496K, reserved 1048576K
}
Event: 17.336 GC heap before
{Heap before GC invocations=9 (full 1):
 PSYoungGen      total 29184K, used 24567K [0x00000000eab00000, 0x00000000ecc00000, 0x0000000100000000)
  eden space 24576K, 99% used [0x00000000eab00000,0x00000000ec2fdc40,0x00000000ec300000)
  from space 4608K, 0% used [0x00000000ec380000,0x00000000ec380000,0x00000000ec800000)
  to   space 4096K, 0% used [0x00000000ec800000,0x00000000ec800000,0x00000000ecc00000)
 ParOldGen       total 68608K, used 12774K [0x00000000c0000000, 0x00000000c4300000, 0x00000000eab00000)
  object space 68608K, 18% used [0x00000000c0000000,0x00000000c0c799c0,0x00000000c4300000)
 Metaspace       used 22926K, committed 23872K, reserved 1114112K
  class space    used 2266K, committed 2688K, reserved 1048576K
}
Event: 17.338 GC heap after
{Heap after GC invocations=9 (full 1):
 PSYoungGen      total 25088K, used 807K [0x00000000eab00000, 0x00000000ec900000, 0x0000000100000000)
  eden space 24064K, 0% used [0x00000000eab00000,0x00000000eab00000,0x00000000ec280000)
  from space 1024K, 78% used [0x00000000ec800000,0x00000000ec8c9fd8,0x00000000ec900000)
  to   space 2560K, 0% used [0x00000000ec400000,0x00000000ec400000,0x00000000ec680000)
 ParOldGen       total 68608K, used 12774K [0x00000000c0000000, 0x00000000c4300000, 0x00000000eab00000)
  object space 68608K, 18% used [0x00000000c0000000,0x00000000c0c799c0,0x00000000c4300000)
 Metaspace       used 22926K, committed 23872K, reserved 1114112K
  class space    used 2266K, committed 2688K, reserved 1048576K
}
Event: 18.324 GC heap before
{Heap before GC invocations=10 (full 1):
 PSYoungGen      total 25088K, used 24871K [0x00000000eab00000, 0x00000000ec900000, 0x0000000100000000)
  eden space 24064K, 100% used [0x00000000eab00000,0x00000000ec280000,0x00000000ec280000)
  from space 1024K, 78% used [0x00000000ec800000,0x00000000ec8c9fd8,0x00000000ec900000)
  to   space 2560K, 0% used [0x00000000ec400000,0x00000000ec400000,0x00000000ec680000)
 ParOldGen       total 68608K, used 12774K [0x00000000c0000000, 0x00000000c4300000, 0x00000000eab00000)
  object space 68608K, 18% used [0x00000000c0000000,0x00000000c0c799c0,0x00000000c4300000)
 Metaspace       used 26257K, committed 27264K, reserved 1114112K
  class space    used 2585K, committed 3008K, reserved 1048576K
}
Event: 18.326 GC heap after
{Heap after GC invocations=10 (full 1):
 PSYoungGen      total 26112K, used 2542K [0x00000000eab00000, 0x00000000ec900000, 0x0000000100000000)
  eden space 23552K, 0% used [0x00000000eab00000,0x00000000eab00000,0x00000000ec200000)
  from space 2560K, 99% used [0x00000000ec400000,0x00000000ec67bb08,0x00000000ec680000)
  to   space 2560K, 0% used [0x00000000ec680000,0x00000000ec680000,0x00000000ec900000)
 ParOldGen       total 68608K, used 13206K [0x00000000c0000000, 0x00000000c4300000, 0x00000000eab00000)
  object space 68608K, 19% used [0x00000000c0000000,0x00000000c0ce59c0,0x00000000c4300000)
 Metaspace       used 26257K, committed 27264K, reserved 1114112K
  class space    used 2585K, committed 3008K, reserved 1048576K
}

Dll operation events (10 events):
Event: 0.037 Loaded shared library c:\Users\Nabila Nur Fadhilah\.vscode\extensions\redhat.java-1.40.0-win32-x64\jre\21.0.6-win32-x86_64\bin\java.dll
Event: 0.432 Loaded shared library c:\Users\Nabila Nur Fadhilah\.vscode\extensions\redhat.java-1.40.0-win32-x64\jre\21.0.6-win32-x86_64\bin\zip.dll
Event: 0.510 Loaded shared library C:\Users\Nabila Nur Fadhilah\.vscode\extensions\redhat.java-1.40.0-win32-x64\jre\21.0.6-win32-x86_64\bin\instrument.dll
Event: 0.527 Loaded shared library C:\Users\Nabila Nur Fadhilah\.vscode\extensions\redhat.java-1.40.0-win32-x64\jre\21.0.6-win32-x86_64\bin\net.dll
Event: 0.538 Loaded shared library C:\Users\Nabila Nur Fadhilah\.vscode\extensions\redhat.java-1.40.0-win32-x64\jre\21.0.6-win32-x86_64\bin\nio.dll
Event: 0.552 Loaded shared library C:\Users\Nabila Nur Fadhilah\.vscode\extensions\redhat.java-1.40.0-win32-x64\jre\21.0.6-win32-x86_64\bin\zip.dll
Event: 0.654 Loaded shared library C:\Users\Nabila Nur Fadhilah\.vscode\extensions\redhat.java-1.40.0-win32-x64\jre\21.0.6-win32-x86_64\bin\jimage.dll
Event: 0.859 Loaded shared library c:\Users\Nabila Nur Fadhilah\.vscode\extensions\redhat.java-1.40.0-win32-x64\jre\21.0.6-win32-x86_64\bin\verify.dll
Event: 5.345 Loaded shared library C:\Users\Nabila Nur Fadhilah\AppData\Roaming\Code\User\globalStorage\redhat.java\1.40.0\config_win\org.eclipse.equinox.launcher\org.eclipse.equinox.launcher.win32.win32.x86_64_1.2.1200.v20250212-0927\eclipse_11909.dll
Event: 13.202 Loaded shared library C:\Users\Nabila Nur Fadhilah\AppData\Local\Temp\jna--1303572241\jna10005683654279632130.dll

Deoptimization events (20 events):
Event: 17.723 Thread 0x00000229e4cd3ec0 Uncommon trap: trap_request=0xffffffde fr.pc=0x00000229d8ab81b8 relative=0x00000000000000f8
Event: 17.723 Thread 0x00000229e4cd3ec0 Uncommon trap: reason=class_check action=maybe_recompile pc=0x00000229d8ab81b8 method=java.lang.Character.codePointAt(Ljava/lang/CharSequence;I)I @ 2 c2
Event: 17.723 Thread 0x00000229e4cd3ec0 DEOPT PACKING pc=0x00000229d8ab81b8 sp=0x000000d6201fe7a0
Event: 17.723 Thread 0x00000229e4cd3ec0 DEOPT UNPACKING pc=0x00000229d83a3aa2 sp=0x000000d6201fe728 mode 2
Event: 17.723 Thread 0x00000229e4cd3ec0 Uncommon trap: trap_request=0xffffffde fr.pc=0x00000229d8ab81b8 relative=0x00000000000000f8
Event: 17.723 Thread 0x00000229e4cd3ec0 Uncommon trap: reason=class_check action=maybe_recompile pc=0x00000229d8ab81b8 method=java.lang.Character.codePointAt(Ljava/lang/CharSequence;I)I @ 2 c2
Event: 17.723 Thread 0x00000229e4cd3ec0 DEOPT PACKING pc=0x00000229d8ab81b8 sp=0x000000d6201fe7a0
Event: 17.723 Thread 0x00000229e4cd3ec0 DEOPT UNPACKING pc=0x00000229d83a3aa2 sp=0x000000d6201fe728 mode 2
Event: 17.723 Thread 0x00000229e4cd3ec0 Uncommon trap: trap_request=0xffffffde fr.pc=0x00000229d8ab81b8 relative=0x00000000000000f8
Event: 17.723 Thread 0x00000229e4cd3ec0 Uncommon trap: reason=class_check action=maybe_recompile pc=0x00000229d8ab81b8 method=java.lang.Character.codePointAt(Ljava/lang/CharSequence;I)I @ 2 c2
Event: 17.723 Thread 0x00000229e4cd3ec0 DEOPT PACKING pc=0x00000229d8ab81b8 sp=0x000000d6201fe7a0
Event: 17.723 Thread 0x00000229e4cd3ec0 DEOPT UNPACKING pc=0x00000229d83a3aa2 sp=0x000000d6201fe728 mode 2
Event: 17.723 Thread 0x00000229e4cd3ec0 Uncommon trap: trap_request=0xffffffde fr.pc=0x00000229d8ab81b8 relative=0x00000000000000f8
Event: 17.723 Thread 0x00000229e4cd3ec0 Uncommon trap: reason=class_check action=maybe_recompile pc=0x00000229d8ab81b8 method=java.lang.Character.codePointAt(Ljava/lang/CharSequence;I)I @ 2 c2
Event: 17.723 Thread 0x00000229e4cd3ec0 DEOPT PACKING pc=0x00000229d8ab81b8 sp=0x000000d6201fe7a0
Event: 17.723 Thread 0x00000229e4cd3ec0 DEOPT UNPACKING pc=0x00000229d83a3aa2 sp=0x000000d6201fe728 mode 2
Event: 17.723 Thread 0x00000229e4cd3ec0 Uncommon trap: trap_request=0xffffff76 fr.pc=0x00000229d8a37360 relative=0x0000000000000380
Event: 17.723 Thread 0x00000229e4cd3ec0 Uncommon trap: reason=predicate action=maybe_recompile pc=0x00000229d8a37360 method=java.util.regex.Pattern$BmpCharPropertyGreedy.match(Ljava/util/regex/Matcher;ILjava/lang/CharSequence;)Z @ 12 c2
Event: 17.723 Thread 0x00000229e4cd3ec0 DEOPT PACKING pc=0x00000229d8a37360 sp=0x000000d6201fe6d0
Event: 17.723 Thread 0x00000229e4cd3ec0 DEOPT UNPACKING pc=0x00000229d83a3aa2 sp=0x000000d6201fe688 mode 2

Classes loaded (20 events):
Event: 16.939 Loading class java/net/UnknownHostException
Event: 16.941 Loading class java/net/UnknownHostException done
Event: 16.941 Loading class java/net/ProtocolException
Event: 16.941 Loading class java/net/ProtocolException done
Event: 17.011 Loading class java/lang/ThreadLocal$SuppliedThreadLocal
Event: 17.012 Loading class java/lang/ThreadLocal$SuppliedThreadLocal done
Event: 17.041 Loading class java/io/FileWriter
Event: 17.041 Loading class java/io/FileWriter done
Event: 17.042 Loading class java/lang/NegativeArraySizeException
Event: 17.042 Loading class java/lang/NegativeArraySizeException done
Event: 17.722 Loading class java/io/FileReader
Event: 17.722 Loading class java/io/FileReader done
Event: 17.834 Loading class java/util/concurrent/atomic/AtomicReferenceFieldUpdater
Event: 17.836 Loading class java/util/concurrent/atomic/AtomicReferenceFieldUpdater done
Event: 17.836 Loading class java/util/concurrent/atomic/AtomicReferenceFieldUpdater$AtomicReferenceFieldUpdaterImpl
Event: 17.838 Loading class java/util/concurrent/atomic/AtomicReferenceFieldUpdater$AtomicReferenceFieldUpdaterImpl done
Event: 17.838 Loading class java/util/concurrent/atomic/AtomicReferenceFieldUpdater$AtomicReferenceFieldUpdaterImpl$1
Event: 17.839 Loading class java/util/concurrent/atomic/AtomicReferenceFieldUpdater$AtomicReferenceFieldUpdaterImpl$1 done
Event: 17.978 Loading class java/io/FilterReader
Event: 17.978 Loading class java/io/FilterReader done

Classes unloaded (7 events):
Event: 16.292 Thread 0x00000229e2733680 Unloading class 0x0000022981199400 'java/lang/invoke/LambdaForm$MH+0x0000022981199400'
Event: 16.293 Thread 0x00000229e2733680 Unloading class 0x0000022981199000 'java/lang/invoke/LambdaForm$MH+0x0000022981199000'
Event: 16.293 Thread 0x00000229e2733680 Unloading class 0x0000022981198c00 'java/lang/invoke/LambdaForm$MH+0x0000022981198c00'
Event: 16.293 Thread 0x00000229e2733680 Unloading class 0x0000022981198800 'java/lang/invoke/LambdaForm$MH+0x0000022981198800'
Event: 16.293 Thread 0x00000229e2733680 Unloading class 0x0000022981198400 'java/lang/invoke/LambdaForm$BMH+0x0000022981198400'
Event: 16.293 Thread 0x00000229e2733680 Unloading class 0x0000022981198000 'java/lang/invoke/LambdaForm$DMH+0x0000022981198000'
Event: 16.293 Thread 0x00000229e2733680 Unloading class 0x0000022981196c00 'java/lang/invoke/LambdaForm$DMH+0x0000022981196c00'

Classes redefined (0 events):
No events

Internal exceptions (20 events):
Event: 15.573 Thread 0x00000229e48c6e30 Exception <a 'java/lang/NoSuchMethodError'{0x00000000eb56a640}: 'int java.lang.invoke.DirectMethodHandle$Holder.invokeStaticInit(java.lang.Object, long, long)'> (0x00000000eb56a640) 
thrown [s\src\hotspot\share\interpreter\linkResolver.cpp, line 773]
Event: 15.574 Thread 0x00000229e48c6e30 Exception <a 'java/lang/NoSuchMethodError'{0x00000000eb571ff8}: 'int java.lang.invoke.DirectMethodHandle$Holder.invokeStaticInit(java.lang.Object, float, float)'> (0x00000000eb571ff8) 
thrown [s\src\hotspot\share\interpreter\linkResolver.cpp, line 773]
Event: 15.575 Thread 0x00000229e48c6e30 Exception <a 'java/lang/NoSuchMethodError'{0x00000000eb5799a8}: 'int java.lang.invoke.DirectMethodHandle$Holder.invokeStaticInit(java.lang.Object, double, double)'> (0x00000000eb5799a8) 
thrown [s\src\hotspot\share\interpreter\linkResolver.cpp, line 773]
Event: 15.575 Thread 0x00000229e48c6e30 Exception <a 'java/lang/NoSuchMethodError'{0x00000000eb57edf8}: 'int java.lang.invoke.DirectMethodHandle$Holder.invokeStatic(java.lang.Object, long)'> (0x00000000eb57edf8) 
thrown [s\src\hotspot\share\interpreter\linkResolver.cpp, line 773]
Event: 15.580 Thread 0x00000229e48c6e30 Exception <a 'java/lang/NoSuchMethodError'{0x00000000eb59db60}: 'int java.lang.invoke.Invokers$Holder.linkToTargetMethod(java.lang.Object, java.lang.Object)'> (0x00000000eb59db60) 
thrown [s\src\hotspot\share\interpreter\linkResolver.cpp, line 773]
Event: 15.948 Thread 0x00000229e48c6e30 Exception <a 'java/lang/NoSuchMethodError'{0x00000000eb6865e8}: 'java.lang.Object java.lang.invoke.Invokers$Holder.invoke_MT(java.lang.Object, java.lang.Object, java.lang.Object, java.lang.Object, java.lang.Object, java.lang.Object, java.lang.Object, java.lang.Object, java.lang.Object, java.lang.Object, java.lang.Object)'> (0x00000000eb6865e8) 
thrown [s\src\hotspot\share\interpreter\linkResolver.cpp, line 773]
Event: 16.020 Thread 0x00000229e48c6e30 Exception <a 'java/lang/NoSuchMethodError'{0x00000000eb713578}: 'java.lang.Object java.lang.invoke.Invokers$Holder.invoke_MT(java.lang.Object, java.lang.Object, java.lang.Object, java.lang.Object, java.lang.Object, java.lang.Object, java.lang.Object, java.lang.Object, java.lang.Object, java.lang.Object)'> (0x00000000eb713578) 
thrown [s\src\hotspot\share\interpreter\linkResolver.cpp, line 773]
Event: 16.055 Thread 0x00000229e48c6e30 Exception <a 'java/lang/NoSuchMethodError'{0x00000000eb7b4848}: 'java.lang.Object java.lang.invoke.DirectMethodHandle$Holder.newInvokeSpecial(java.lang.Object, java.lang.Object, java.lang.Object, java.lang.Object, java.lang.Object, java.lang.Object, java.lang.Object)'> (0x00000000eb7b4848) 
thrown [s\src\hotspot\share\interpreter\linkResolver.cpp, line 773]
Event: 16.094 Thread 0x00000229e48c6e30 Exception <a 'java/lang/NoSuchMethodError'{0x00000000eb832378}: 'java.lang.Object java.lang.invoke.Invokers$Holder.invoker(java.lang.Object, java.lang.Object, java.lang.Object, java.lang.Object, java.lang.Object, java.lang.Object, java.lang.Object, java.lang.Object, java.lang.Object, java.lang.Object, java.lang.Object, java.lang.Object, java.lang.Object)'> (0x00000000eb832378) 
thrown [s\src\hotspot\share\interpreter\linkResolver.cpp, line 773]
Event: 16.097 Thread 0x00000229e48c6e30 Exception <a 'java/lang/NoSuchMethodError'{0x00000000eb83c810}: 'java.lang.Object java.lang.invoke.DelegatingMethodHandle$Holder.delegate(java.lang.Object, java.lang.Object, java.lang.Object, java.lang.Object, java.lang.Object, java.lang.Object, java.lang.Object, java.lang.Object, java.lang.Object, java.lang.Object, java.lang.Object, java.lang.Object, java.lang.Object)'> (0x00000000eb83c810) 
thrown [s\src\hotspot\share\interpreter\linkResolver.cpp, line 773]
Event: 16.106 Thread 0x00000229e48c6e30 Exception <a 'java/lang/NoSuchMethodError'{0x00000000eb8a2328}: static Lorg/eclipse/m2e/core/internal/lifecyclemapping/model/PluginExecutionMetadata;.<clinit>()V> (0x00000000eb8a2328) 
thrown [s\src\hotspot\share\prims\jni.cpp, line 1111]
Event: 16.107 Thread 0x00000229e48c6e30 Implicit null exception at 0x00000229d8a497a4 to 0x00000229d8a4a1d4
Event: 16.173 Thread 0x00000229e48c6e30 Exception <a 'java/lang/NoSuchMethodError'{0x00000000eb8fdcf8}: static Lorg/eclipse/m2e/core/internal/lifecyclemapping/model/PluginExecutionFilter;.<clinit>()V> (0x00000000eb8fdcf8) 
thrown [s\src\hotspot\share\prims\jni.cpp, line 1111]
Event: 16.492 Thread 0x00000229e48c6e30 Exception <a 'java/lang/NoSuchMethodError'{0x00000000eab249f0}: static Lorg/eclipse/m2e/core/internal/project/registry/MavenProjectFacade$MavenProjectConfiguration;.<clinit>()V> (0x00000000eab249f0) 
thrown [s\src\hotspot\share\prims\jni.cpp, line 1111]
Event: 16.791 Thread 0x00000229e48c6e30 Exception <a 'java/lang/NoSuchMethodError'{0x00000000eafb3668}: 'double java.lang.invoke.DirectMethodHandle$Holder.invokeStatic(java.lang.Object, java.lang.Object)'> (0x00000000eafb3668) 
thrown [s\src\hotspot\share\interpreter\linkResolver.cpp, line 773]
Event: 16.791 Thread 0x00000229e48c6e30 Exception <a 'java/lang/NoSuchMethodError'{0x00000000eafb6d28}: 'double java.lang.invoke.DirectMethodHandle$Holder.invokeStaticInit(java.lang.Object, java.lang.Object)'> (0x00000000eafb6d28) 
thrown [s\src\hotspot\share\interpreter\linkResolver.cpp, line 773]
Event: 17.234 Thread 0x00000229e48c6e30 Exception <a 'java/io/FileNotFoundException'{0x00000000ec056ab0}> (0x00000000ec056ab0) 
thrown [s\src\hotspot\share\prims\jni.cpp, line 520]
Event: 17.235 Thread 0x00000229e48c6e30 Exception <a 'java/io/FileNotFoundException'{0x00000000ec057948}> (0x00000000ec057948) 
thrown [s\src\hotspot\share\prims\jni.cpp, line 520]
Event: 17.236 Thread 0x00000229e48c6e30 Exception <a 'java/io/FileNotFoundException'{0x00000000ec0588e8}> (0x00000000ec0588e8) 
thrown [s\src\hotspot\share\prims\jni.cpp, line 520]
Event: 17.774 Thread 0x00000229e4cd3ec0 Exception <a 'java/lang/NoSuchMethodError'{0x00000000eb55ed08}: 'java.lang.Object java.lang.invoke.DirectMethodHandle$Holder.invokeSpecialIFC(java.lang.Object, java.lang.Object, java.lang.Object, java.lang.Object)'> (0x00000000eb55ed08) 
thrown [s\src\hotspot\share\interpreter\linkResolver.cpp, line 773]

ZGC Phase Switch (0 events):
No events

VM Operations (20 events):
Event: 14.182 Executing VM operation: HandshakeAllThreads (Deoptimize) done
Event: 14.277 Executing VM operation: HandshakeAllThreads (Deoptimize)
Event: 14.277 Executing VM operation: HandshakeAllThreads (Deoptimize) done
Event: 14.293 Executing VM operation: HandshakeAllThreads (Deoptimize)
Event: 14.293 Executing VM operation: HandshakeAllThreads (Deoptimize) done
Event: 14.293 Executing VM operation: Cleanup
Event: 14.293 Executing VM operation: Cleanup done
Event: 15.127 Executing VM operation: ParallelGCFailedAllocation (Allocation Failure)
Event: 15.134 Executing VM operation: ParallelGCFailedAllocation (Allocation Failure) done
Event: 15.539 Executing VM operation: HandshakeAllThreads (Deoptimize)
Event: 15.539 Executing VM operation: HandshakeAllThreads (Deoptimize) done
Event: 16.187 Executing VM operation: CollectForMetadataAllocation (Metadata GC Threshold)
Event: 16.471 Executing VM operation: CollectForMetadataAllocation (Metadata GC Threshold) done
Event: 17.336 Executing VM operation: ParallelGCFailedAllocation (Allocation Failure)
Event: 17.338 Executing VM operation: ParallelGCFailedAllocation (Allocation Failure) done
Event: 17.705 Executing VM operation: HandshakeAllThreads (Deoptimize)
Event: 17.705 Executing VM operation: HandshakeAllThreads (Deoptimize) done
Event: 18.324 Executing VM operation: ParallelGCFailedAllocation (Allocation Failure)
Event: 18.326 Executing VM operation: ParallelGCFailedAllocation (Allocation Failure) done
Event: 19.326 Executing VM operation: Cleanup

Memory protections (0 events):
No events

Nmethod flushes (0 events):
No events

Events (20 events):
Event: 0.163 Thread 0x00000229cdbd1790 Thread added: 0x00000229e273e730
Event: 0.163 Thread 0x00000229cdbd1790 Thread added: 0x00000229e2741720
Event: 0.163 Thread 0x00000229cdbd1790 Thread added: 0x00000229e2744920
Event: 0.163 Thread 0x00000229cdbd1790 Thread added: 0x00000229e27556a0
Event: 0.163 Thread 0x00000229cdbd1790 Thread added: 0x00000229e4121010
Event: 0.372 Thread 0x00000229cdbd1790 Thread added: 0x00000229e41cb9a0
Event: 1.292 Thread 0x00000229cdbd1790 Thread added: 0x00000229e442efe0
Event: 4.577 Thread 0x00000229cdbd1790 Thread added: 0x00000229e4a46de0
Event: 5.326 Thread 0x00000229cdbd1790 Thread added: 0x00000229e49d7c40
Event: 5.430 Thread 0x00000229e49d7c40 Thread added: 0x00000229e48c67d0
Event: 5.440 Thread 0x00000229cdbd1790 Thread added: 0x00000229e48c6e30
Event: 7.291 Thread 0x00000229e48c6e30 Thread added: 0x00000229e41ca340
Event: 9.078 Thread 0x00000229e48c6e30 Thread added: 0x00000229e92aa960
Event: 9.540 Thread 0x00000229e48c6e30 Thread added: 0x00000229e91cbfd0
Event: 11.341 Thread 0x00000229e48c6e30 Thread added: 0x00000229e4cd1df0
Event: 13.312 Thread 0x00000229e48c6e30 Thread added: 0x00000229e4cd10d0
Event: 13.724 Thread 0x00000229e48c6e30 Thread added: 0x00000229e4cd3ec0
Event: 13.843 Thread 0x00000229e48c6e30 Thread added: 0x00000229e4cd3830
Event: 17.726 Thread 0x00000229e4121010 Thread added: 0x00000229e4bfb540
Event: 17.857 Thread 0x00000229e4cd3830 Thread added: 0x00000229e4cd2480


Dynamic libraries:
0x00007ff7487c0000 - 0x00007ff7487ce000 	c:\Users\Nabila Nur Fadhilah\.vscode\extensions\redhat.java-1.40.0-win32-x64\jre\21.0.6-win32-x86_64\bin\java.exe
0x00007ffd97ac0000 - 0x00007ffd97d23000 	C:\WINDOWS\SYSTEM32\ntdll.dll
0x00007ffd4aaf0000 - 0x00007ffd4ab0a000 	C:\Program Files\Avast Software\Avast\aswhook.dll
0x00007ffd964d0000 - 0x00007ffd96597000 	C:\WINDOWS\System32\KERNEL32.DLL
0x00007ffd95530000 - 0x00007ffd958f7000 	C:\WINDOWS\System32\KERNELBASE.dll
0x00007ffd94f30000 - 0x00007ffd9507c000 	C:\WINDOWS\System32\ucrtbase.dll
0x00007ffd7f660000 - 0x00007ffd7f678000 	c:\Users\Nabila Nur Fadhilah\.vscode\extensions\redhat.java-1.40.0-win32-x64\jre\21.0.6-win32-x86_64\bin\jli.dll
0x00007ffd8f910000 - 0x00007ffd8f92e000 	c:\Users\Nabila Nur Fadhilah\.vscode\extensions\redhat.java-1.40.0-win32-x64\jre\21.0.6-win32-x86_64\bin\VCRUNTIME140.dll
0x00007ffd95900000 - 0x00007ffd95ac9000 	C:\WINDOWS\System32\USER32.dll
0x00007ffd94e60000 - 0x00007ffd94e87000 	C:\WINDOWS\System32\win32u.dll
0x00007ffd7daf0000 - 0x00007ffd7dd80000 	C:\WINDOWS\WinSxS\amd64_microsoft.windows.common-controls_6595b64144ccf1df_6.0.26100.3037_none_3e09262ce333c378\COMCTL32.dll
0x00007ffd96410000 - 0x00007ffd9643a000 	C:\WINDOWS\System32\GDI32.dll
0x00007ffd974e0000 - 0x00007ffd97589000 	C:\WINDOWS\System32\msvcrt.dll
0x00007ffd95080000 - 0x00007ffd951ab000 	C:\WINDOWS\System32\gdi32full.dll
0x00007ffd95480000 - 0x00007ffd95523000 	C:\WINDOWS\System32\msvcp_win.dll
0x00007ffd970f0000 - 0x00007ffd9711f000 	C:\WINDOWS\System32\IMM32.DLL
0x00007ffd8f8f0000 - 0x00007ffd8f8fc000 	c:\Users\Nabila Nur Fadhilah\.vscode\extensions\redhat.java-1.40.0-win32-x64\jre\21.0.6-win32-x86_64\bin\vcruntime140_1.dll
0x00007ffd4b3a0000 - 0x00007ffd4b42d000 	c:\Users\Nabila Nur Fadhilah\.vscode\extensions\redhat.java-1.40.0-win32-x64\jre\21.0.6-win32-x86_64\bin\msvcp140.dll
0x00007ffd0d360000 - 0x00007ffd0e0f0000 	c:\Users\Nabila Nur Fadhilah\.vscode\extensions\redhat.java-1.40.0-win32-x64\jre\21.0.6-win32-x86_64\bin\server\jvm.dll
0x00007ffd973e0000 - 0x00007ffd97494000 	C:\WINDOWS\System32\ADVAPI32.dll
0x00007ffd96e10000 - 0x00007ffd96eb6000 	C:\WINDOWS\System32\sechost.dll
0x00007ffd962f0000 - 0x00007ffd96406000 	C:\WINDOWS\System32\RPCRT4.dll
0x00007ffd95d60000 - 0x00007ffd95dd4000 	C:\WINDOWS\System32\WS2_32.dll
0x00007ffd93ac0000 - 0x00007ffd93b0e000 	C:\WINDOWS\SYSTEM32\POWRPROF.dll
0x00007ffd8b720000 - 0x00007ffd8b756000 	C:\WINDOWS\SYSTEM32\WINMM.dll
0x00007ffd82650000 - 0x00007ffd8265b000 	C:\WINDOWS\SYSTEM32\VERSION.dll
0x00007ffd93aa0000 - 0x00007ffd93ab4000 	C:\WINDOWS\SYSTEM32\UMPDC.dll
0x00007ffd93d60000 - 0x00007ffd93d7a000 	C:\WINDOWS\SYSTEM32\kernel.appcore.dll
0x00007ffd86960000 - 0x00007ffd8696a000 	c:\Users\Nabila Nur Fadhilah\.vscode\extensions\redhat.java-1.40.0-win32-x64\jre\21.0.6-win32-x86_64\bin\jimage.dll
0x00007ffd92550000 - 0x00007ffd92791000 	C:\WINDOWS\SYSTEM32\DBGHELP.DLL
0x00007ffd95ee0000 - 0x00007ffd9625e000 	C:\WINDOWS\System32\combase.dll
0x00007ffd97270000 - 0x00007ffd97346000 	C:\WINDOWS\System32\OLEAUT32.dll
0x00007ffd7ea70000 - 0x00007ffd7eaa9000 	C:\WINDOWS\SYSTEM32\dbgcore.DLL
0x00007ffd94e90000 - 0x00007ffd94f29000 	C:\WINDOWS\System32\bcryptPrimitives.dll
0x00007ffd86910000 - 0x00007ffd8691f000 	c:\Users\Nabila Nur Fadhilah\.vscode\extensions\redhat.java-1.40.0-win32-x64\jre\21.0.6-win32-x86_64\bin\instrument.dll
0x00007ffd73300000 - 0x00007ffd7331f000 	c:\Users\Nabila Nur Fadhilah\.vscode\extensions\redhat.java-1.40.0-win32-x64\jre\21.0.6-win32-x86_64\bin\java.dll
0x00007ffd965a0000 - 0x00007ffd96ca4000 	C:\WINDOWS\System32\SHELL32.dll
0x00007ffd92b40000 - 0x00007ffd93377000 	C:\WINDOWS\SYSTEM32\windows.storage.dll
0x00007ffd97130000 - 0x00007ffd97219000 	C:\WINDOWS\System32\SHCORE.dll
0x00007ffd96290000 - 0x00007ffd962ed000 	C:\WINDOWS\System32\shlwapi.dll
0x00007ffd94d70000 - 0x00007ffd94d9e000 	C:\WINDOWS\SYSTEM32\profapi.dll
0x00007ffd6bca0000 - 0x00007ffd6bcb8000 	c:\Users\Nabila Nur Fadhilah\.vscode\extensions\redhat.java-1.40.0-win32-x64\jre\21.0.6-win32-x86_64\bin\zip.dll
0x00007ffd818d0000 - 0x00007ffd818e0000 	C:\Users\Nabila Nur Fadhilah\.vscode\extensions\redhat.java-1.40.0-win32-x64\jre\21.0.6-win32-x86_64\bin\net.dll
0x00007ffd8dd20000 - 0x00007ffd8de3e000 	C:\WINDOWS\SYSTEM32\WINHTTP.dll
0x00007ffd94260000 - 0x00007ffd942ca000 	C:\WINDOWS\system32\mswsock.dll
0x00007ffd6bba0000 - 0x00007ffd6bbb6000 	C:\Users\Nabila Nur Fadhilah\.vscode\extensions\redhat.java-1.40.0-win32-x64\jre\21.0.6-win32-x86_64\bin\nio.dll
0x00007ffd81670000 - 0x00007ffd81680000 	c:\Users\Nabila Nur Fadhilah\.vscode\extensions\redhat.java-1.40.0-win32-x64\jre\21.0.6-win32-x86_64\bin\verify.dll
0x00007ffd565b0000 - 0x00007ffd565f5000 	C:\Users\Nabila Nur Fadhilah\AppData\Roaming\Code\User\globalStorage\redhat.java\1.40.0\config_win\org.eclipse.equinox.launcher\org.eclipse.equinox.launcher.win32.win32.x86_64_1.2.1200.v20250212-0927\eclipse_11909.dll
0x00007ffd96ec0000 - 0x00007ffd97055000 	C:\WINDOWS\System32\ole32.dll
0x00007ffd94530000 - 0x00007ffd9454c000 	C:\WINDOWS\SYSTEM32\CRYPTSP.dll
0x00007ffd93cc0000 - 0x00007ffd93cf8000 	C:\WINDOWS\system32\rsaenh.dll
0x00007ffd94300000 - 0x00007ffd9432b000 	C:\WINDOWS\SYSTEM32\USERENV.dll
0x00007ffd94790000 - 0x00007ffd947b6000 	C:\WINDOWS\SYSTEM32\bcrypt.dll
0x00007ffd94490000 - 0x00007ffd9449c000 	C:\WINDOWS\SYSTEM32\CRYPTBASE.dll
0x00007ffd937b0000 - 0x00007ffd937e2000 	C:\WINDOWS\SYSTEM32\IPHLPAPI.DLL
0x00007ffd973d0000 - 0x00007ffd973da000 	C:\WINDOWS\System32\NSI.dll
0x00007ffd6c7c0000 - 0x00007ffd6c809000 	C:\Users\Nabila Nur Fadhilah\AppData\Local\Temp\jna--1303572241\jna10005683654279632130.dll
0x00007ffd974d0000 - 0x00007ffd974d8000 	C:\WINDOWS\System32\PSAPI.DLL

dbghelp: loaded successfully - version: 4.0.5 - missing functions: none
symbol engine: initialized successfully - sym options: 0x614 - pdb path: .;c:\Users\Nabila Nur Fadhilah\.vscode\extensions\redhat.java-1.40.0-win32-x64\jre\21.0.6-win32-x86_64\bin;C:\WINDOWS\SYSTEM32;C:\Program Files\Avast Software\Avast;C:\WINDOWS\WinSxS\amd64_microsoft.windows.common-controls_6595b64144ccf1df_6.0.26100.3037_none_3e09262ce333c378;c:\Users\Nabila Nur Fadhilah\.vscode\extensions\redhat.java-1.40.0-win32-x64\jre\21.0.6-win32-x86_64\bin\server;C:\Users\Nabila Nur Fadhilah\AppData\Roaming\Code\User\globalStorage\redhat.java\1.40.0\config_win\org.eclipse.equinox.launcher\org.eclipse.equinox.launcher.win32.win32.x86_64_1.2.1200.v20250212-0927;C:\Users\Nabila Nur Fadhilah\AppData\Local\Temp\jna--1303572241

VM Arguments:
jvm_args: --add-modules=ALL-SYSTEM --add-opens=java.base/java.util=ALL-UNNAMED --add-opens=java.base/java.lang=ALL-UNNAMED --add-opens=java.base/sun.nio.fs=ALL-UNNAMED -Declipse.application=org.eclipse.jdt.ls.core.id1 -Dosgi.bundles.defaultStartLevel=4 -Declipse.product=org.eclipse.jdt.ls.core.product -Djava.import.generatesMetadataFilesAtProjectRoot=false -DDetectVMInstallationsJob.disabled=true -Dfile.encoding=utf8 -XX:+UseParallelGC -XX:GCTimeRatio=4 -XX:AdaptiveSizePolicyWeight=90 -Dsun.zip.disableMemoryMapping=true -Xmx1G -Xms100m -Xlog:disable -javaagent:c:\Users\Nabila Nur Fadhilah\.vscode\extensions\redhat.java-1.40.0-win32-x64\lombok\lombok-1.18.36.jar -XX:+HeapDumpOnOutOfMemoryError -XX:HeapDumpPath=c:\Users\Nabila Nur Fadhilah\AppData\Roaming\Code\User\workspaceStorage\efdcd8ae57c30bb88c351b99fc93657e\redhat.java -Daether.dependencyCollector.impl=bf 
java_command: c:\Users\Nabila Nur Fadhilah\.vscode\extensions\redhat.java-1.40.0-win32-x64\server\plugins\org.eclipse.equinox.launcher_1.6.1000.v20250131-0606.jar -configuration c:\Users\Nabila Nur Fadhilah\AppData\Roaming\Code\User\globalStorage\redhat.java\1.40.0\config_win -data c:\Users\Nabila Nur Fadhilah\AppData\Roaming\Code\User\workspaceStorage\efdcd8ae57c30bb88c351b99fc93657e\redhat.java\jdt_ws --pipe=\\.\pipe\lsp-6170528e0fac9b92e5c431d8b15e8847-sock
java_class_path (initial): c:\Users\Nabila Nur Fadhilah\.vscode\extensions\redhat.java-1.40.0-win32-x64\server\plugins\org.eclipse.equinox.launcher_1.6.1000.v20250131-0606.jar
Launcher Type: SUN_STANDARD

[Global flags]
    uintx AdaptiveSizePolicyWeight                 = 90                                        {product} {command line}
     intx CICompilerCount                          = 4                                         {product} {ergonomic}
    uintx GCTimeRatio                              = 4                                         {product} {command line}
     bool HeapDumpOnOutOfMemoryError               = true                                   {manageable} {command line}
    ccstr HeapDumpPath                             = c:\Users\Nabila Nur Fadhilah\AppData\Roaming\Code\User\workspaceStorage\efdcd8ae57c30bb88c351b99fc93657e\redhat.java         {manageable} {command line}
   size_t InitialHeapSize                          = 104857600                                 {product} {command line}
   size_t MaxHeapSize                              = 1073741824                                {product} {command line}
   size_t MaxNewSize                               = 357564416                                 {product} {ergonomic}
   size_t MinHeapDeltaBytes                        = 524288                                    {product} {ergonomic}
   size_t MinHeapSize                              = 104857600                                 {product} {command line}
   size_t NewSize                                  = 34603008                                  {product} {ergonomic}
    uintx NonNMethodCodeHeapSize                   = 5839372                                {pd product} {ergonomic}
    uintx NonProfiledCodeHeapSize                  = 122909434                              {pd product} {ergonomic}
   size_t OldSize                                  = 70254592                                  {product} {ergonomic}
    uintx ProfiledCodeHeapSize                     = 122909434                              {pd product} {ergonomic}
    uintx ReservedCodeCacheSize                    = 251658240                              {pd product} {ergonomic}
     bool SegmentedCodeCache                       = true                                      {product} {ergonomic}
   size_t SoftMaxHeapSize                          = 1073741824                             {manageable} {ergonomic}
     bool UseCompressedOops                        = true                           {product lp64_product} {ergonomic}
     bool UseLargePagesIndividualAllocation        = false                                  {pd product} {ergonomic}
     bool UseParallelGC                            = true                                      {product} {command line}

Logging:
Log output configuration:
 #0: stdout all=off uptime,level,tags foldmultilines=false
 #1: stderr all=off uptime,level,tags foldmultilines=false

Environment Variables:
PATH=C:\Program Files\Common Files\Oracle\Java\javapath;C:\WINDOWS\system32;C:\WINDOWS;C:\WINDOWS\System32\Wbem;C:\WINDOWS\System32\WindowsPowerShell\v1.0\;C:\WINDOWS\System32\OpenSSH\;C:\Program Files\Java\jdk-21\bin;C:\Program Files\apache-maven-3.9.9\bin;C:\Program Files\Git\cmd;C:\Program Files\Docker\Docker\resources\bin;C:\Program Files\MySQL\MySQL Server 8.0\bin;C:\Program Files\nodejs\;C:\xampp\mysql\bin;C:\xampp\php;C:\Program Files\MySQL\MySQL Shell 8.0\bin\;C:\Users\Nabila Nur Fadhilah\AppData\Local\Microsoft\WindowsApps;C:\Users\Nabila Nur Fadhilah\AppData\Local\Programs\Microsoft VS Code\bin;C:\Program Files\Java\jdk-21\bin;C:\Program Files\apache-maven-3.9.9\bin;C:\Users\Nabila Nur Fadhilah\AppData\Roaming\npm
USERNAME=Nabila Nur Fadhilah
OS=Windows_NT
PROCESSOR_IDENTIFIER=Intel64 Family 6 Model 154 Stepping 4, GenuineIntel
TMP=C:\Users\NABILA~1\AppData\Local\Temp
TEMP=C:\Users\NABILA~1\AppData\Local\Temp




Periodic native trim disabled

---------------  S Y S T E M  ---------------

OS:
 Windows 11 , 64 bit Build 26100 (10.0.26100.3037)
OS uptime: 3 days 0:00 hours
Hyper-V role detected

CPU: total 8 (initial active 8) (4 cores per cpu, 2 threads per core) family 6 model 154 stepping 4 microcode 0x435, cx8, cmov, fxsr, ht, mmx, 3dnowpref, sse, sse2, sse3, ssse3, sse4.1, sse4.2, popcnt, lzcnt, tsc, tscinvbit, avx, avx2, aes, erms, clmul, bmi1, bmi2, adx, sha, fma, vzeroupper, clflush, clflushopt, clwb, hv, serialize, rdtscp, rdpid, fsrm, f16c, cet_ibt, cet_ss
Processor Information for the first 8 processors :
  Max Mhz: 1200, Current Mhz: 1200, Mhz Limit: 1200

Memory: 4k page, system-wide physical 5702M (254M free)
TotalPageFile size 23110M (AvailPageFile size 11M)
current process WorkingSet (physical memory assigned to process): 153M, peak: 153M
current process commit charge ("private bytes"): 268M, peak: 268M

vm_info: OpenJDK 64-Bit Server VM (21.0.6+7-LTS) for windows-amd64 JRE (21.0.6+7-LTS), built on 2025-01-21T00:00:00Z by "admin" with MS VC++ 17.7 (VS2022)

END.
