#
# There is insufficient memory for the Java Runtime Environment to continue.
# Native memory allocation (malloc) failed to allocate 1785536 bytes. Error detail: Chunk::new
# Possible reasons:
#   The system is out of physical RAM or swap space
#   This process is running with CompressedOops enabled, and the Java Heap may be blocking the growth of the native heap
# Possible solutions:
#   Reduce memory load on the system
#   Increase physical memory or swap space
#   Check if swap backing store is full
#   Decrease Java heap size (-Xmx/-Xms)
#   Decrease number of Java threads
#   Decrease Java thread stack sizes (-Xss)
#   Set larger code cache with -XX:ReservedCodeCacheSize=
#   JVM is running with Unscaled Compressed Oops mode in which the Java heap is
#     placed in the first 4GB address space. The Java Heap base address is the
#     maximum limit for the native heap growth. Please use -XX:HeapBaseMinAddress
#     to set the Java Heap base and to place the Java Heap above 4GB virtual address.
# This output file may be truncated or incomplete.
#
#  Out of Memory Error (arena.cpp:168), pid=35288, tid=17252
#
# JRE version: OpenJDK Runtime Environment Temurin-21.0.6+7 (21.0.6+7) (build 21.0.6+7-LTS)
# Java VM: OpenJDK 64-Bit Server VM Temurin-21.0.6+7 (21.0.6+7-LTS, mixed mode, sharing, tiered, compressed oops, compressed class ptrs, parallel gc, windows-amd64)
# No core dump will be written. Minidumps are not enabled by default on client versions of Windows
#

---------------  S U M M A R Y ------------

Command Line: --add-modules=ALL-SYSTEM --add-opens=java.base/java.util=ALL-UNNAMED --add-opens=java.base/java.lang=ALL-UNNAMED --add-opens=java.base/sun.nio.fs=ALL-UNNAMED -Declipse.application=org.eclipse.jdt.ls.core.id1 -Dosgi.bundles.defaultStartLevel=4 -Declipse.product=org.eclipse.jdt.ls.core.product -Djava.import.generatesMetadataFilesAtProjectRoot=false -DDetectVMInstallationsJob.disabled=true -Dfile.encoding=utf8 -XX:+UseParallelGC -XX:GCTimeRatio=4 -XX:AdaptiveSizePolicyWeight=90 -Dsun.zip.disableMemoryMapping=true -Xmx1G -Xms100m -Xlog:disable -javaagent:c:\Users\Nabila Nur Fadhilah\.vscode\extensions\redhat.java-1.40.0-win32-x64\lombok\lombok-1.18.36.jar -XX:+HeapDumpOnOutOfMemoryError -XX:HeapDumpPath=c:\Users\Nabila Nur Fadhilah\AppData\Roaming\Code\User\workspaceStorage\efdcd8ae57c30bb88c351b99fc93657e\redhat.java -Daether.dependencyCollector.impl=bf c:\Users\Nabila Nur Fadhilah\.vscode\extensions\redhat.java-1.40.0-win32-x64\server\plugins\org.eclipse.equinox.launcher_1.6.1000.v20250131-0606.jar -configuration c:\Users\Nabila Nur Fadhilah\AppData\Roaming\Code\User\globalStorage\redhat.java\1.40.0\config_win -data c:\Users\Nabila Nur Fadhilah\AppData\Roaming\Code\User\workspaceStorage\efdcd8ae57c30bb88c351b99fc93657e\redhat.java\jdt_ws --pipe=\\.\pipe\lsp-d5d8afbdb9221b17b0331319279023a5-sock

Host: 12th Gen Intel(R) Core(TM) i3-1215U, 8 cores, 5G,  Windows 11 , 64 bit Build 26100 (10.0.26100.3037)
Time: Thu Mar  6 16:04:15 2025 SE Asia Standard Time elapsed time: 53.881381 seconds (0d 0h 0m 53s)

---------------  T H R E A D  ---------------

Current thread (0x00000104d21d4670):  JavaThread "C2 CompilerThread0" daemon [_thread_in_native, id=17252, stack(0x0000000419000000,0x0000000419100000) (1024K)]


Current CompileTask:
C2:53881 10985   !   4       org.eclipse.jdt.internal.core.search.indexing.BinaryIndexer::indexDocument (1204 bytes)

Stack: [0x0000000419000000,0x0000000419100000]
Native frames: (J=compiled Java code, j=interpreted, Vv=VM code, C=native code)
V  [jvm.dll+0x6cdee9]
V  [jvm.dll+0x8a83d1]
V  [jvm.dll+0x8aa8fe]
V  [jvm.dll+0x8aafe3]
V  [jvm.dll+0x27f706]
V  [jvm.dll+0xc500d]
V  [jvm.dll+0xc5543]
V  [jvm.dll+0x3b678c]
V  [jvm.dll+0x1e0009]
V  [jvm.dll+0x247b42]
V  [jvm.dll+0x246fcf]
V  [jvm.dll+0x1c75ee]
V  [jvm.dll+0x25685a]
V  [jvm.dll+0x254dfa]
V  [jvm.dll+0x3f0256]
V  [jvm.dll+0x851f8b]
V  [jvm.dll+0x6cc5ed]
C  [ucrtbase.dll+0x37b0]
C  [KERNEL32.DLL+0x2e8d7]
C  [ntdll.dll+0xbbf2c]


---------------  P R O C E S S  ---------------

Threads class SMR info:
_java_thread_list=0x00000104d967afc0, length=59, elements={
0x00000104faafa1b0, 0x00000104d21cd470, 0x00000104fce2d9d0, 0x00000104d21d1950,
0x00000104d21d23a0, 0x00000104d21d2df0, 0x00000104d21d3840, 0x00000104d21d4670,
0x00000104d3bec8a0, 0x00000104d3c5f550, 0x00000104d3eb39e0, 0x00000104d8514d00,
0x00000104d84096c0, 0x00000104d83f5fc0, 0x00000104d8141710, 0x00000104d3e6f220,
0x00000104d80e43f0, 0x00000104d3c43ff0, 0x00000104d3c460c0, 0x00000104d3c44680,
0x00000104d3c44d10, 0x00000104d3c453a0, 0x00000104d3c45a30, 0x00000104d3c46750,
0x00000104d3c432d0, 0x00000104d3c43960, 0x00000104da99f710, 0x00000104da99c290,
0x00000104da99fda0, 0x00000104da99e9f0, 0x00000104da99f080, 0x00000104da99c920,
0x00000104da9a0430, 0x00000104da99cfb0, 0x00000104da99e360, 0x00000104da99d640,
0x00000104da9a1150, 0x00000104da9a3220, 0x00000104da9a17e0, 0x00000104da9a1e70,
0x00000104da9a2500, 0x00000104da9a2b90, 0x00000104db6173e0, 0x00000104db618e20,
0x00000104db617a70, 0x00000104db616d50, 0x00000104db618100, 0x00000104db61bc10,
0x00000104db61aef0, 0x00000104db6194b0, 0x00000104db61a1d0, 0x00000104db61a860,
0x00000104db618790, 0x00000104db61c2a0, 0x00000104db61e370, 0x00000104db61dce0,
0x00000104db61c930, 0x00000104db61cfc0, 0x00000104db61d650
}

Java Threads: ( => current thread )
  0x00000104faafa1b0 JavaThread "main"                              [_thread_blocked, id=25420, stack(0x0000000418600000,0x0000000418700000) (1024K)]
  0x00000104d21cd470 JavaThread "Reference Handler"          daemon [_thread_blocked, id=22076, stack(0x0000000418a00000,0x0000000418b00000) (1024K)]
  0x00000104fce2d9d0 JavaThread "Finalizer"                  daemon [_thread_blocked, id=35564, stack(0x0000000418b00000,0x0000000418c00000) (1024K)]
  0x00000104d21d1950 JavaThread "Signal Dispatcher"          daemon [_thread_blocked, id=10072, stack(0x0000000418c00000,0x0000000418d00000) (1024K)]
  0x00000104d21d23a0 JavaThread "Attach Listener"            daemon [_thread_blocked, id=33568, stack(0x0000000418d00000,0x0000000418e00000) (1024K)]
  0x00000104d21d2df0 JavaThread "Service Thread"             daemon [_thread_blocked, id=36992, stack(0x0000000418e00000,0x0000000418f00000) (1024K)]
  0x00000104d21d3840 JavaThread "Monitor Deflation Thread"   daemon [_thread_blocked, id=34032, stack(0x0000000418f00000,0x0000000419000000) (1024K)]
=>0x00000104d21d4670 JavaThread "C2 CompilerThread0"         daemon [_thread_in_native, id=17252, stack(0x0000000419000000,0x0000000419100000) (1024K)]
  0x00000104d3bec8a0 JavaThread "C1 CompilerThread0"         daemon [_thread_blocked, id=6164, stack(0x0000000419100000,0x0000000419200000) (1024K)]
  0x00000104d3c5f550 JavaThread "Common-Cleaner"             daemon [_thread_blocked, id=36072, stack(0x0000000419200000,0x0000000419300000) (1024K)]
  0x00000104d3eb39e0 JavaThread "Notification Thread"        daemon [_thread_blocked, id=37304, stack(0x0000000419300000,0x0000000419400000) (1024K)]
  0x00000104d8514d00 JavaThread "Active Thread: Equinox Container: fadd9308-d356-4e9a-bfa4-c55b707683e7"        [_thread_blocked, id=20120, stack(0x0000000419a00000,0x0000000419b00000) (1024K)]
  0x00000104d84096c0 JavaThread "Refresh Thread: Equinox Container: fadd9308-d356-4e9a-bfa4-c55b707683e7" daemon [_thread_blocked, id=9776, stack(0x0000000419b00000,0x0000000419c00000) (1024K)]
  0x00000104d83f5fc0 JavaThread "Framework Event Dispatcher: Equinox Container: fadd9308-d356-4e9a-bfa4-c55b707683e7" daemon [_thread_blocked, id=35100, stack(0x0000000419d00000,0x0000000419e00000) (1024K)]
  0x00000104d8141710 JavaThread "Start Level: Equinox Container: fadd9308-d356-4e9a-bfa4-c55b707683e7" daemon [_thread_blocked, id=26272, stack(0x0000000419e00000,0x0000000419f00000) (1024K)]
  0x00000104d3e6f220 JavaThread "Bundle File Closer"         daemon [_thread_blocked, id=30648, stack(0x0000000419f00000,0x000000041a000000) (1024K)]
  0x00000104d80e43f0 JavaThread "SCR Component Actor"        daemon [_thread_blocked, id=25412, stack(0x000000041a000000,0x000000041a100000) (1024K)]
  0x00000104d3c43ff0 JavaThread "Worker-JM"                         [_thread_blocked, id=15220, stack(0x000000041a200000,0x000000041a300000) (1024K)]
  0x00000104d3c460c0 JavaThread "JNA Cleaner"                daemon [_thread_blocked, id=12788, stack(0x000000041a300000,0x000000041a400000) (1024K)]
  0x00000104d3c44680 JavaThread "Worker-0: Java indexing... "        [_thread_blocked, id=7892, stack(0x000000041a400000,0x000000041a500000) (1024K)]
  0x00000104d3c44d10 JavaThread "Worker-1: Building"                [_thread_blocked, id=26936, stack(0x000000041a500000,0x000000041a600000) (1024K)]
  0x00000104d3c453a0 JavaThread "Worker-2"                          [_thread_blocked, id=10992, stack(0x000000041a600000,0x000000041a700000) (1024K)]
  0x00000104d3c45a30 JavaThread "Worker-3"                          [_thread_blocked, id=3000, stack(0x000000041a700000,0x000000041a800000) (1024K)]
  0x00000104d3c46750 JavaThread "Java indexing"              daemon [_thread_blocked, id=17440, stack(0x000000041a800000,0x000000041a900000) (1024K)]
  0x00000104d3c432d0 JavaThread "Worker-4"                          [_thread_blocked, id=16528, stack(0x000000041ac00000,0x000000041ad00000) (1024K)]
  0x00000104d3c43960 JavaThread "Thread-2"                   daemon [_thread_in_native, id=9788, stack(0x000000041ad00000,0x000000041ae00000) (1024K)]
  0x00000104da99f710 JavaThread "Thread-3"                   daemon [_thread_in_native, id=4592, stack(0x000000041ae00000,0x000000041af00000) (1024K)]
  0x00000104da99c290 JavaThread "Thread-4"                   daemon [_thread_in_native, id=21096, stack(0x000000041af00000,0x000000041b000000) (1024K)]
  0x00000104da99fda0 JavaThread "Thread-5"                   daemon [_thread_in_native, id=37440, stack(0x000000041b000000,0x000000041b100000) (1024K)]
  0x00000104da99e9f0 JavaThread "Thread-6"                   daemon [_thread_in_native, id=32964, stack(0x000000041b100000,0x000000041b200000) (1024K)]
  0x00000104da99f080 JavaThread "Thread-7"                   daemon [_thread_in_native, id=33360, stack(0x000000041b200000,0x000000041b300000) (1024K)]
  0x00000104da99c920 JavaThread "Thread-8"                   daemon [_thread_in_native, id=36548, stack(0x000000041b300000,0x000000041b400000) (1024K)]
  0x00000104da9a0430 JavaThread "Thread-9"                   daemon [_thread_in_native, id=33020, stack(0x000000041b400000,0x000000041b500000) (1024K)]
  0x00000104da99cfb0 JavaThread "Thread-10"                  daemon [_thread_in_native, id=17708, stack(0x000000041b500000,0x000000041b600000) (1024K)]
  0x00000104da99e360 JavaThread "pool-2-thread-1"                   [_thread_blocked, id=17536, stack(0x000000041b600000,0x000000041b700000) (1024K)]
  0x00000104da99d640 JavaThread "WorkspaceEventsHandler"            [_thread_blocked, id=16620, stack(0x000000041a100000,0x000000041a200000) (1024K)]
  0x00000104da9a1150 JavaThread "pool-1-thread-1"                   [_thread_blocked, id=772, stack(0x000000041b700000,0x000000041b800000) (1024K)]
  0x00000104da9a3220 JavaThread "Worker-5"                          [_thread_blocked, id=31768, stack(0x000000041b800000,0x000000041b900000) (1024K)]
  0x00000104da9a17e0 JavaThread "LocalFile Deleter"          daemon [_thread_blocked, id=11008, stack(0x000000041ab00000,0x000000041ac00000) (1024K)]
  0x00000104da9a1e70 JavaThread "LocalFile Deleter"          daemon [_thread_blocked, id=34620, stack(0x000000041b900000,0x000000041ba00000) (1024K)]
  0x00000104da9a2500 JavaThread "LocalFile Deleter"          daemon [_thread_blocked, id=23660, stack(0x000000041ba00000,0x000000041bb00000) (1024K)]
  0x00000104da9a2b90 JavaThread "LocalFile Deleter"          daemon [_thread_blocked, id=13500, stack(0x000000041bb00000,0x000000041bc00000) (1024K)]
  0x00000104db6173e0 JavaThread "LocalFile Deleter"          daemon [_thread_blocked, id=8648, stack(0x000000041bc00000,0x000000041bd00000) (1024K)]
  0x00000104db618e20 JavaThread "LocalFile Deleter"          daemon [_thread_blocked, id=22488, stack(0x000000041bd00000,0x000000041be00000) (1024K)]
  0x00000104db617a70 JavaThread "LocalFile Deleter"          daemon [_thread_blocked, id=13396, stack(0x000000041be00000,0x000000041bf00000) (1024K)]
  0x00000104db616d50 JavaThread "LocalFile Deleter"          daemon [_thread_blocked, id=35688, stack(0x000000041bf00000,0x000000041c000000) (1024K)]
  0x00000104db618100 JavaThread "Compiler Source File Reader" daemon [_thread_blocked, id=37020, stack(0x000000041c000000,0x000000041c100000) (1024K)]
  0x00000104db61bc10 JavaThread "Compiler Source File Reader" daemon [_thread_blocked, id=27848, stack(0x000000041c100000,0x000000041c200000) (1024K)]
  0x00000104db61aef0 JavaThread "Compiler Source File Reader" daemon [_thread_blocked, id=5944, stack(0x000000041c200000,0x000000041c300000) (1024K)]
  0x00000104db6194b0 JavaThread "Compiler Source File Reader" daemon [_thread_blocked, id=16548, stack(0x000000041c300000,0x000000041c400000) (1024K)]
  0x00000104db61a1d0 JavaThread "Compiler Source File Reader" daemon [_thread_blocked, id=37656, stack(0x000000041c400000,0x000000041c500000) (1024K)]
  0x00000104db61a860 JavaThread "Compiler Source File Reader" daemon [_thread_blocked, id=20288, stack(0x000000041c500000,0x000000041c600000) (1024K)]
  0x00000104db618790 JavaThread "Compiler Processing Task"   daemon [_thread_blocked, id=20384, stack(0x000000041c700000,0x000000041c800000) (1024K)]
  0x00000104db61c2a0 JavaThread "Compiler Class File Writer" daemon [_thread_blocked, id=13440, stack(0x000000041c800000,0x000000041c900000) (1024K)]
  0x00000104db61e370 JavaThread "Compiler Class File Writer" daemon [_thread_blocked, id=26992, stack(0x000000041c900000,0x000000041ca00000) (1024K)]
  0x00000104db61dce0 JavaThread "Compiler Class File Writer" daemon [_thread_blocked, id=3860, stack(0x000000041ca00000,0x000000041cb00000) (1024K)]
  0x00000104db61c930 JavaThread "Compiler Class File Writer" daemon [_thread_blocked, id=26544, stack(0x000000041c600000,0x000000041c700000) (1024K)]
  0x00000104db61cfc0 JavaThread "Compiler Class File Writer" daemon [_thread_blocked, id=12872, stack(0x000000041cb00000,0x000000041cc00000) (1024K)]
  0x00000104db61d650 JavaThread "Compiler Class File Writer" daemon [_thread_blocked, id=22184, stack(0x000000041cc00000,0x000000041cd00000) (1024K)]
Total: 59

Other Threads:
  0x00000104d21c3640 VMThread "VM Thread"                           [id=17592, stack(0x0000000418900000,0x0000000418a00000) (1024K)]
  0x00000104d20dcb20 WatcherThread "VM Periodic Task Thread"        [id=37720, stack(0x0000000418800000,0x0000000418900000) (1024K)]
  0x00000104fcd8f510 WorkerThread "GC Thread#0"                     [id=29716, stack(0x0000000418700000,0x0000000418800000) (1024K)]
  0x00000104d827aac0 WorkerThread "GC Thread#1"                     [id=9816, stack(0x0000000419400000,0x0000000419500000) (1024K)]
  0x00000104d3f2b580 WorkerThread "GC Thread#2"                     [id=1916, stack(0x0000000419500000,0x0000000419600000) (1024K)]
  0x00000104d82687e0 WorkerThread "GC Thread#3"                     [id=31140, stack(0x0000000419600000,0x0000000419700000) (1024K)]
  0x00000104d8268b80 WorkerThread "GC Thread#4"                     [id=1816, stack(0x0000000419700000,0x0000000419800000) (1024K)]
  0x00000104d8268f20 WorkerThread "GC Thread#5"                     [id=21392, stack(0x0000000419800000,0x0000000419900000) (1024K)]
  0x00000104d82692c0 WorkerThread "GC Thread#6"                     [id=7556, stack(0x0000000419900000,0x0000000419a00000) (1024K)]
  0x00000104d83efab0 WorkerThread "GC Thread#7"                     [id=17340, stack(0x0000000419c00000,0x0000000419d00000) (1024K)]
Total: 10

Threads with active compile tasks:
C2 CompilerThread0  53930 10985   !   4       org.eclipse.jdt.internal.core.search.indexing.BinaryIndexer::indexDocument (1204 bytes)
Total: 1

VM state: at safepoint (normal execution)

VM Mutex/Monitor currently owned by a thread:  ([mutex/lock_event])
[0x00007ffd0e00e380] Threads_lock - owner thread: 0x00000104d21c3640
[0x00007ffd0e00e480] Heap_lock - owner thread: 0x00000104d3c46750
[0x00007ffd0e00e900] PSOldGenExpand_lock - owner thread: 0x00000104d83efab0

Heap address: 0x00000000c0000000, size: 1024 MB, Compressed Oops mode: 32-bit

CDS archive(s) mapped at: [0x0000010491000000-0x0000010491ba0000-0x0000010491ba0000), size 12189696, SharedBaseAddress: 0x0000010491000000, ArchiveRelocationMode: 1.
Compressed class space mapped at: 0x0000010492000000-0x00000104d2000000, reserved size: 1073741824
Narrow klass base: 0x0000010491000000, Narrow klass shift: 0, Narrow klass range: 0x100000000

GC Precious Log:
 CardTable entry size: 512
 CPUs: 8 total, 8 available
 Memory: 5702M
 Large Page Support: Disabled
 NUMA Support: Disabled
 Compressed Oops: Enabled (32-bit)
 Alignments: Space 512K, Generation 512K, Heap 2M
 Heap Min Capacity: 100M
 Heap Initial Capacity: 100M
 Heap Max Capacity: 1G
 Pre-touch: Disabled
 Parallel Workers: 8

Heap:
 PSYoungGen      total 6656K, used 6357K [0x00000000eab00000, 0x00000000eb300000, 0x0000000100000000)
  eden space 5120K, 100% used [0x00000000eab00000,0x00000000eb000000,0x00000000eb000000)
  from space 1536K, 80% used [0x00000000eb000000,0x00000000eb1357a8,0x00000000eb180000)
  to   space 1536K, 10% used [0x00000000eb180000,0x00000000eb1a8000,0x00000000eb300000)
 ParOldGen       total 129024K, used 129018K [0x00000000c0000000, 0x00000000c7e00000, 0x00000000eab00000)
  object space 129024K, 99% used [0x00000000c0000000,0x00000000c7dfe980,0x00000000c7e00000)
 Metaspace       used 60128K, committed 61376K, reserved 1114112K
  class space    used 6154K, committed 6720K, reserved 1048576K

Card table byte_map: [0x00000104fc720000,0x00000104fc930000] _byte_map_base: 0x00000104fc120000

Marking Bits: (ParMarkBitMap*) 0x00007ffd0e013260
 Begin Bits: [0x000001048f000000, 0x0000010490000000)
 End Bits:   [0x0000010490000000, 0x0000010491000000)

Polling page: 0x00000104fad50000

Metaspace:

Usage:
  Non-class:     52.71 MB used.
      Class:      6.01 MB used.
       Both:     58.72 MB used.

Virtual space:
  Non-class space:       64.00 MB reserved,      53.38 MB ( 83%) committed,  1 nodes.
      Class space:        1.00 GB reserved,       6.56 MB ( <1%) committed,  1 nodes.
             Both:        1.06 GB reserved,      59.94 MB (  6%) committed. 

Chunk freelists:
   Non-Class:  10.50 MB
       Class:  9.44 MB
        Both:  19.94 MB

MaxMetaspaceSize: unlimited
CompressedClassSpaceSize: 1.00 GB
Initial GC threshold: 21.00 MB
Current GC threshold: 97.31 MB
CDS: on
 - commit_granule_bytes: 65536.
 - commit_granule_words: 8192.
 - virtual_space_node_default_size: 8388608.
 - enlarge_chunks_in_place: 1.
 - use_allocation_guard: 0.


Internal statistics:

num_allocs_failed_limit: 9.
num_arena_births: 1126.
num_arena_deaths: 14.
num_vsnodes_births: 2.
num_vsnodes_deaths: 0.
num_space_committed: 959.
num_space_uncommitted: 0.
num_chunks_returned_to_freelist: 23.
num_chunks_taken_from_freelist: 3990.
num_chunk_merges: 15.
num_chunk_splits: 2426.
num_chunks_enlarged: 1314.
num_inconsistent_stats: 0.

CodeHeap 'non-profiled nmethods': size=120000Kb used=7307Kb max_used=7307Kb free=112693Kb
 bounds [0x0000010487ad0000, 0x0000010488200000, 0x000001048f000000]
CodeHeap 'profiled nmethods': size=120000Kb used=23458Kb max_used=23458Kb free=96541Kb
 bounds [0x0000010480000000, 0x00000104816f0000, 0x0000010487530000]
CodeHeap 'non-nmethods': size=5760Kb used=1411Kb max_used=1482Kb free=4348Kb
 bounds [0x0000010487530000, 0x00000104877a0000, 0x0000010487ad0000]
 total_blobs=10930 nmethods=10206 adapters=630
 compilation: enabled
              stopped_count=0, restarted_count=0
 full_count=0

Compilation events (20 events):
Event: 52.154 Thread 0x00000104d3bec8a0 11003       3       org.eclipse.aether.artifact.AbstractArtifact::isSnapshot (8 bytes)
Event: 52.154 Thread 0x00000104d3bec8a0 nmethod 11003 0x00000104816e4f90 code [0x00000104816e51a0, 0x00000104816e5748]
Event: 52.154 Thread 0x00000104d3bec8a0 11004       3       org.eclipse.aether.artifact.AbstractArtifact::isSnapshot (28 bytes)
Event: 52.155 Thread 0x00000104d3bec8a0 nmethod 11004 0x00000104816e5a10 code [0x00000104816e5c20, 0x00000104816e6130]
Event: 52.155 Thread 0x00000104d3bec8a0 11005       3       org.eclipse.aether.resolution.ArtifactResult::setArtifact (7 bytes)
Event: 52.156 Thread 0x00000104d3bec8a0 nmethod 11005 0x00000104816e6390 code [0x00000104816e6520, 0x00000104816e6648]
Event: 52.156 Thread 0x00000104d3bec8a0 11006       3       org.eclipse.aether.RepositoryEvent$Builder::setFile (7 bytes)
Event: 52.156 Thread 0x00000104d3bec8a0 nmethod 11006 0x00000104816e6710 code [0x00000104816e68a0, 0x00000104816e69c8]
Event: 52.158 Thread 0x00000104d21d4670 nmethod 10957 0x00000104881ed690 code [0x00000104881edb60, 0x00000104881f0860]
Event: 52.159 Thread 0x00000104d21d4670 10985   !   4       org.eclipse.jdt.internal.core.search.indexing.BinaryIndexer::indexDocument (1204 bytes)
Event: 52.159 Thread 0x00000104d3bec8a0 11007       3       org.eclipse.aether.RepositoryEvent$Builder::setRepository (7 bytes)
Event: 52.160 Thread 0x00000104d3bec8a0 nmethod 11007 0x00000104816e6a90 code [0x00000104816e6c20, 0x00000104816e6d48]
Event: 52.160 Thread 0x00000104d3bec8a0 11008       3       org.eclipse.aether.RepositoryEvent$Builder::setExceptions (21 bytes)
Event: 52.160 Thread 0x00000104d3bec8a0 nmethod 11008 0x00000104816e6e10 code [0x00000104816e6fc0, 0x00000104816e71a8]
Event: 52.171 Thread 0x00000104d3bec8a0 11009       3       org.eclipse.aether.internal.impl.DefaultArtifactResolver::artifactResolved (74 bytes)
Event: 52.172 Thread 0x00000104d3bec8a0 nmethod 11009 0x00000104816e7290 code [0x00000104816e74c0, 0x00000104816e7c10]
Event: 52.182 Thread 0x00000104d3bec8a0 11010       3       org.apache.maven.eventspy.internal.EventSpyRepositoryListener::artifactResolved (19 bytes)
Event: 52.183 Thread 0x00000104d3bec8a0 nmethod 11010 0x00000104816e8010 code [0x00000104816e81e0, 0x00000104816e8418]
Event: 52.342 Thread 0x00000104d3bec8a0 11012       3       org.eclipse.aether.AbstractForwardingRepositorySystemSession::getWorkspaceReader (10 bytes)
Event: 52.343 Thread 0x00000104d3bec8a0 nmethod 11012 0x00000104816e8510 code [0x00000104816e86c0, 0x00000104816e8888]

GC Heap History (20 events):
Event: 51.083 GC heap after
{Heap after GC invocations=99 (full 3):
 PSYoungGen      total 6144K, used 761K [0x00000000eab00000, 0x00000000eb200000, 0x0000000100000000)
  eden space 5120K, 0% used [0x00000000eab00000,0x00000000eab00000,0x00000000eb000000)
  from space 1024K, 74% used [0x00000000eb100000,0x00000000eb1be6f0,0x00000000eb200000)
  to   space 1024K, 0% used [0x00000000eb000000,0x00000000eb000000,0x00000000eb100000)
 ParOldGen       total 124416K, used 124196K [0x00000000c0000000, 0x00000000c7980000, 0x00000000eab00000)
  object space 124416K, 99% used [0x00000000c0000000,0x00000000c7949318,0x00000000c7980000)
 Metaspace       used 59921K, committed 61184K, reserved 1114112K
  class space    used 6151K, committed 6720K, reserved 1048576K
}
Event: 51.165 GC heap before
{Heap before GC invocations=100 (full 3):
 PSYoungGen      total 6144K, used 5881K [0x00000000eab00000, 0x00000000eb200000, 0x0000000100000000)
  eden space 5120K, 100% used [0x00000000eab00000,0x00000000eb000000,0x00000000eb000000)
  from space 1024K, 74% used [0x00000000eb100000,0x00000000eb1be6f0,0x00000000eb200000)
  to   space 1024K, 0% used [0x00000000eb000000,0x00000000eb000000,0x00000000eb100000)
 ParOldGen       total 124416K, used 124196K [0x00000000c0000000, 0x00000000c7980000, 0x00000000eab00000)
  object space 124416K, 99% used [0x00000000c0000000,0x00000000c7949318,0x00000000c7980000)
 Metaspace       used 59928K, committed 61184K, reserved 1114112K
  class space    used 6151K, committed 6720K, reserved 1048576K
}
Event: 51.166 GC heap after
{Heap after GC invocations=100 (full 3):
 PSYoungGen      total 6144K, used 545K [0x00000000eab00000, 0x00000000eb200000, 0x0000000100000000)
  eden space 5120K, 0% used [0x00000000eab00000,0x00000000eab00000,0x00000000eb000000)
  from space 1024K, 53% used [0x00000000eb000000,0x00000000eb0886d8,0x00000000eb100000)
  to   space 1024K, 0% used [0x00000000eb100000,0x00000000eb100000,0x00000000eb200000)
 ParOldGen       total 124928K, used 124679K [0x00000000c0000000, 0x00000000c7a00000, 0x00000000eab00000)
  object space 124928K, 99% used [0x00000000c0000000,0x00000000c79c1e78,0x00000000c7a00000)
 Metaspace       used 59928K, committed 61184K, reserved 1114112K
  class space    used 6151K, committed 6720K, reserved 1048576K
}
Event: 51.228 GC heap before
{Heap before GC invocations=101 (full 3):
 PSYoungGen      total 6144K, used 5665K [0x00000000eab00000, 0x00000000eb200000, 0x0000000100000000)
  eden space 5120K, 100% used [0x00000000eab00000,0x00000000eb000000,0x00000000eb000000)
  from space 1024K, 53% used [0x00000000eb000000,0x00000000eb0886d8,0x00000000eb100000)
  to   space 1024K, 0% used [0x00000000eb100000,0x00000000eb100000,0x00000000eb200000)
 ParOldGen       total 124928K, used 124679K [0x00000000c0000000, 0x00000000c7a00000, 0x00000000eab00000)
  object space 124928K, 99% used [0x00000000c0000000,0x00000000c79c1e78,0x00000000c7a00000)
 Metaspace       used 59945K, committed 61248K, reserved 1114112K
  class space    used 6151K, committed 6720K, reserved 1048576K
}
Event: 51.229 GC heap after
{Heap after GC invocations=101 (full 3):
 PSYoungGen      total 6144K, used 544K [0x00000000eab00000, 0x00000000eb200000, 0x0000000100000000)
  eden space 5120K, 0% used [0x00000000eab00000,0x00000000eab00000,0x00000000eb000000)
  from space 1024K, 53% used [0x00000000eb100000,0x00000000eb188000,0x00000000eb200000)
  to   space 1024K, 0% used [0x00000000eb000000,0x00000000eb000000,0x00000000eb100000)
 ParOldGen       total 125440K, used 125017K [0x00000000c0000000, 0x00000000c7a80000, 0x00000000eab00000)
  object space 125440K, 99% used [0x00000000c0000000,0x00000000c7a16550,0x00000000c7a80000)
 Metaspace       used 59945K, committed 61248K, reserved 1114112K
  class space    used 6151K, committed 6720K, reserved 1048576K
}
Event: 51.366 GC heap before
{Heap before GC invocations=102 (full 3):
 PSYoungGen      total 6144K, used 5664K [0x00000000eab00000, 0x00000000eb200000, 0x0000000100000000)
  eden space 5120K, 100% used [0x00000000eab00000,0x00000000eb000000,0x00000000eb000000)
  from space 1024K, 53% used [0x00000000eb100000,0x00000000eb188000,0x00000000eb200000)
  to   space 1024K, 0% used [0x00000000eb000000,0x00000000eb000000,0x00000000eb100000)
 ParOldGen       total 125440K, used 125017K [0x00000000c0000000, 0x00000000c7a80000, 0x00000000eab00000)
  object space 125440K, 99% used [0x00000000c0000000,0x00000000c7a16550,0x00000000c7a80000)
 Metaspace       used 59964K, committed 61248K, reserved 1114112K
  class space    used 6152K, committed 6720K, reserved 1048576K
}
Event: 51.367 GC heap after
{Heap after GC invocations=102 (full 3):
 PSYoungGen      total 6144K, used 1008K [0x00000000eab00000, 0x00000000eb300000, 0x0000000100000000)
  eden space 5120K, 0% used [0x00000000eab00000,0x00000000eab00000,0x00000000eb000000)
  from space 1024K, 98% used [0x00000000eb000000,0x00000000eb0fc010,0x00000000eb100000)
  to   space 1536K, 0% used [0x00000000eb180000,0x00000000eb180000,0x00000000eb300000)
 ParOldGen       total 125440K, used 125289K [0x00000000c0000000, 0x00000000c7a80000, 0x00000000eab00000)
  object space 125440K, 99% used [0x00000000c0000000,0x00000000c7a5a550,0x00000000c7a80000)
 Metaspace       used 59964K, committed 61248K, reserved 1114112K
  class space    used 6152K, committed 6720K, reserved 1048576K
}
Event: 51.451 GC heap before
{Heap before GC invocations=103 (full 3):
 PSYoungGen      total 6144K, used 6128K [0x00000000eab00000, 0x00000000eb300000, 0x0000000100000000)
  eden space 5120K, 100% used [0x00000000eab00000,0x00000000eb000000,0x00000000eb000000)
  from space 1024K, 98% used [0x00000000eb000000,0x00000000eb0fc010,0x00000000eb100000)
  to   space 1536K, 0% used [0x00000000eb180000,0x00000000eb180000,0x00000000eb300000)
 ParOldGen       total 125440K, used 125289K [0x00000000c0000000, 0x00000000c7a80000, 0x00000000eab00000)
  object space 125440K, 99% used [0x00000000c0000000,0x00000000c7a5a550,0x00000000c7a80000)
 Metaspace       used 59973K, committed 61248K, reserved 1114112K
  class space    used 6152K, committed 6720K, reserved 1048576K
}
Event: 51.453 GC heap after
{Heap after GC invocations=103 (full 3):
 PSYoungGen      total 6144K, used 832K [0x00000000eab00000, 0x00000000eb280000, 0x0000000100000000)
  eden space 5120K, 0% used [0x00000000eab00000,0x00000000eab00000,0x00000000eb000000)
  from space 1024K, 81% used [0x00000000eb180000,0x00000000eb250000,0x00000000eb280000)
  to   space 1024K, 0% used [0x00000000eb000000,0x00000000eb000000,0x00000000eb100000)
 ParOldGen       total 125952K, used 125719K [0x00000000c0000000, 0x00000000c7b00000, 0x00000000eab00000)
  object space 125952K, 99% used [0x00000000c0000000,0x00000000c7ac5e50,0x00000000c7b00000)
 Metaspace       used 59973K, committed 61248K, reserved 1114112K
  class space    used 6152K, committed 6720K, reserved 1048576K
}
Event: 51.586 GC heap before
{Heap before GC invocations=104 (full 3):
 PSYoungGen      total 6144K, used 5952K [0x00000000eab00000, 0x00000000eb280000, 0x0000000100000000)
  eden space 5120K, 100% used [0x00000000eab00000,0x00000000eb000000,0x00000000eb000000)
  from space 1024K, 81% used [0x00000000eb180000,0x00000000eb250000,0x00000000eb280000)
  to   space 1024K, 0% used [0x00000000eb000000,0x00000000eb000000,0x00000000eb100000)
 ParOldGen       total 125952K, used 125719K [0x00000000c0000000, 0x00000000c7b00000, 0x00000000eab00000)
  object space 125952K, 99% used [0x00000000c0000000,0x00000000c7ac5e50,0x00000000c7b00000)
 Metaspace       used 59998K, committed 61248K, reserved 1114112K
  class space    used 6152K, committed 6720K, reserved 1048576K
}
Event: 51.588 GC heap after
{Heap after GC invocations=104 (full 3):
 PSYoungGen      total 6144K, used 1024K [0x00000000eab00000, 0x00000000eb400000, 0x0000000100000000)
  eden space 5120K, 0% used [0x00000000eab00000,0x00000000eab00000,0x00000000eb000000)
  from space 1024K, 100% used [0x00000000eb000000,0x00000000eb100000,0x00000000eb100000)
  to   space 2048K, 0% used [0x00000000eb200000,0x00000000eb200000,0x00000000eb400000)
 ParOldGen       total 126464K, used 126195K [0x00000000c0000000, 0x00000000c7b80000, 0x00000000eab00000)
  object space 126464K, 99% used [0x00000000c0000000,0x00000000c7b3ce08,0x00000000c7b80000)
 Metaspace       used 59998K, committed 61248K, reserved 1114112K
  class space    used 6152K, committed 6720K, reserved 1048576K
}
Event: 51.661 GC heap before
{Heap before GC invocations=105 (full 3):
 PSYoungGen      total 6144K, used 6144K [0x00000000eab00000, 0x00000000eb400000, 0x0000000100000000)
  eden space 5120K, 100% used [0x00000000eab00000,0x00000000eb000000,0x00000000eb000000)
  from space 1024K, 100% used [0x00000000eb000000,0x00000000eb100000,0x00000000eb100000)
  to   space 2048K, 0% used [0x00000000eb200000,0x00000000eb200000,0x00000000eb400000)
 ParOldGen       total 126464K, used 126195K [0x00000000c0000000, 0x00000000c7b80000, 0x00000000eab00000)
  object space 126464K, 99% used [0x00000000c0000000,0x00000000c7b3ce08,0x00000000c7b80000)
 Metaspace       used 60033K, committed 61312K, reserved 1114112K
  class space    used 6152K, committed 6720K, reserved 1048576K
}
Event: 51.664 GC heap after
{Heap after GC invocations=105 (full 3):
 PSYoungGen      total 5632K, used 512K [0x00000000eab00000, 0x00000000eb280000, 0x0000000100000000)
  eden space 5120K, 0% used [0x00000000eab00000,0x00000000eab00000,0x00000000eb000000)
  from space 512K, 100% used [0x00000000eb200000,0x00000000eb280000,0x00000000eb280000)
  to   space 1024K, 0% used [0x00000000eb080000,0x00000000eb080000,0x00000000eb180000)
 ParOldGen       total 127488K, used 127075K [0x00000000c0000000, 0x00000000c7c80000, 0x00000000eab00000)
  object space 127488K, 99% used [0x00000000c0000000,0x00000000c7c18fb0,0x00000000c7c80000)
 Metaspace       used 60033K, committed 61312K, reserved 1114112K
  class space    used 6152K, committed 6720K, reserved 1048576K
}
Event: 51.860 GC heap before
{Heap before GC invocations=106 (full 3):
 PSYoungGen      total 5632K, used 5632K [0x00000000eab00000, 0x00000000eb280000, 0x0000000100000000)
  eden space 5120K, 100% used [0x00000000eab00000,0x00000000eb000000,0x00000000eb000000)
  from space 512K, 100% used [0x00000000eb200000,0x00000000eb280000,0x00000000eb280000)
  to   space 1024K, 0% used [0x00000000eb080000,0x00000000eb080000,0x00000000eb180000)
 ParOldGen       total 127488K, used 127075K [0x00000000c0000000, 0x00000000c7c80000, 0x00000000eab00000)
  object space 127488K, 99% used [0x00000000c0000000,0x00000000c7c18fb0,0x00000000c7c80000)
 Metaspace       used 60039K, committed 61312K, reserved 1114112K
  class space    used 6152K, committed 6720K, reserved 1048576K
}
Event: 51.862 GC heap after
{Heap after GC invocations=106 (full 3):
 PSYoungGen      total 6144K, used 1023K [0x00000000eab00000, 0x00000000eb400000, 0x0000000100000000)
  eden space 5120K, 0% used [0x00000000eab00000,0x00000000eab00000,0x00000000eb000000)
  from space 1024K, 99% used [0x00000000eb080000,0x00000000eb17ff10,0x00000000eb180000)
  to   space 2048K, 0% used [0x00000000eb200000,0x00000000eb200000,0x00000000eb400000)
 ParOldGen       total 128000K, used 127495K [0x00000000c0000000, 0x00000000c7d00000, 0x00000000eab00000)
  object space 128000K, 99% used [0x00000000c0000000,0x00000000c7c81c78,0x00000000c7d00000)
 Metaspace       used 60039K, committed 61312K, reserved 1114112K
  class space    used 6152K, committed 6720K, reserved 1048576K
}
Event: 52.033 GC heap before
{Heap before GC invocations=107 (full 3):
 PSYoungGen      total 6144K, used 6143K [0x00000000eab00000, 0x00000000eb400000, 0x0000000100000000)
  eden space 5120K, 100% used [0x00000000eab00000,0x00000000eb000000,0x00000000eb000000)
  from space 1024K, 99% used [0x00000000eb080000,0x00000000eb17ff10,0x00000000eb180000)
  to   space 2048K, 0% used [0x00000000eb200000,0x00000000eb200000,0x00000000eb400000)
 ParOldGen       total 128000K, used 127495K [0x00000000c0000000, 0x00000000c7d00000, 0x00000000eab00000)
  object space 128000K, 99% used [0x00000000c0000000,0x00000000c7c81c78,0x00000000c7d00000)
 Metaspace       used 60093K, committed 61376K, reserved 1114112K
  class space    used 6154K, committed 6720K, reserved 1048576K
}
Event: 52.035 GC heap after
{Heap after GC invocations=107 (full 3):
 PSYoungGen      total 6144K, used 883K [0x00000000eab00000, 0x00000000eb300000, 0x0000000100000000)
  eden space 5120K, 0% used [0x00000000eab00000,0x00000000eab00000,0x00000000eb000000)
  from space 1024K, 86% used [0x00000000eb200000,0x00000000eb2dcc18,0x00000000eb300000)
  to   space 1536K, 0% used [0x00000000eb000000,0x00000000eb000000,0x00000000eb180000)
 ParOldGen       total 128512K, used 128285K [0x00000000c0000000, 0x00000000c7d80000, 0x00000000eab00000)
  object space 128512K, 99% used [0x00000000c0000000,0x00000000c7d47528,0x00000000c7d80000)
 Metaspace       used 60093K, committed 61376K, reserved 1114112K
  class space    used 6154K, committed 6720K, reserved 1048576K
}
Event: 52.312 GC heap before
{Heap before GC invocations=108 (full 3):
 PSYoungGen      total 6144K, used 5992K [0x00000000eab00000, 0x00000000eb300000, 0x0000000100000000)
  eden space 5120K, 99% used [0x00000000eab00000,0x00000000eaffd5a0,0x00000000eb000000)
  from space 1024K, 86% used [0x00000000eb200000,0x00000000eb2dcc18,0x00000000eb300000)
  to   space 1536K, 0% used [0x00000000eb000000,0x00000000eb000000,0x00000000eb180000)
 ParOldGen       total 128512K, used 128285K [0x00000000c0000000, 0x00000000c7d80000, 0x00000000eab00000)
  object space 128512K, 99% used [0x00000000c0000000,0x00000000c7d47528,0x00000000c7d80000)
 Metaspace       used 60127K, committed 61376K, reserved 1114112K
  class space    used 6154K, committed 6720K, reserved 1048576K
}
Event: 52.314 GC heap after
{Heap after GC invocations=108 (full 3):
 PSYoungGen      total 6656K, used 1237K [0x00000000eab00000, 0x00000000eb300000, 0x0000000100000000)
  eden space 5120K, 0% used [0x00000000eab00000,0x00000000eab00000,0x00000000eb000000)
  from space 1536K, 80% used [0x00000000eb000000,0x00000000eb1357a8,0x00000000eb180000)
  to   space 1536K, 0% used [0x00000000eb180000,0x00000000eb180000,0x00000000eb300000)
 ParOldGen       total 129024K, used 129018K [0x00000000c0000000, 0x00000000c7e00000, 0x00000000eab00000)
  object space 129024K, 99% used [0x00000000c0000000,0x00000000c7dfe980,0x00000000c7e00000)
 Metaspace       used 60127K, committed 61376K, reserved 1114112K
  class space    used 6154K, committed 6720K, reserved 1048576K
}
Event: 52.966 GC heap before
{Heap before GC invocations=109 (full 3):
 PSYoungGen      total 6656K, used 6357K [0x00000000eab00000, 0x00000000eb300000, 0x0000000100000000)
  eden space 5120K, 100% used [0x00000000eab00000,0x00000000eb000000,0x00000000eb000000)
  from space 1536K, 80% used [0x00000000eb000000,0x00000000eb1357a8,0x00000000eb180000)
  to   space 1536K, 0% used [0x00000000eb180000,0x00000000eb180000,0x00000000eb300000)
 ParOldGen       total 129024K, used 129018K [0x00000000c0000000, 0x00000000c7e00000, 0x00000000eab00000)
  object space 129024K, 99% used [0x00000000c0000000,0x00000000c7dfe980,0x00000000c7e00000)
 Metaspace       used 60128K, committed 61376K, reserved 1114112K
  class space    used 6154K, committed 6720K, reserved 1048576K
}

Dll operation events (10 events):
Event: 0.098 Loaded shared library c:\Users\Nabila Nur Fadhilah\.vscode\extensions\redhat.java-1.40.0-win32-x64\jre\21.0.6-win32-x86_64\bin\java.dll
Event: 0.637 Loaded shared library c:\Users\Nabila Nur Fadhilah\.vscode\extensions\redhat.java-1.40.0-win32-x64\jre\21.0.6-win32-x86_64\bin\zip.dll
Event: 0.724 Loaded shared library C:\Users\Nabila Nur Fadhilah\.vscode\extensions\redhat.java-1.40.0-win32-x64\jre\21.0.6-win32-x86_64\bin\instrument.dll
Event: 0.755 Loaded shared library C:\Users\Nabila Nur Fadhilah\.vscode\extensions\redhat.java-1.40.0-win32-x64\jre\21.0.6-win32-x86_64\bin\net.dll
Event: 0.854 Loaded shared library C:\Users\Nabila Nur Fadhilah\.vscode\extensions\redhat.java-1.40.0-win32-x64\jre\21.0.6-win32-x86_64\bin\nio.dll
Event: 0.877 Loaded shared library C:\Users\Nabila Nur Fadhilah\.vscode\extensions\redhat.java-1.40.0-win32-x64\jre\21.0.6-win32-x86_64\bin\zip.dll
Event: 1.009 Loaded shared library C:\Users\Nabila Nur Fadhilah\.vscode\extensions\redhat.java-1.40.0-win32-x64\jre\21.0.6-win32-x86_64\bin\jimage.dll
Event: 1.263 Loaded shared library c:\Users\Nabila Nur Fadhilah\.vscode\extensions\redhat.java-1.40.0-win32-x64\jre\21.0.6-win32-x86_64\bin\verify.dll
Event: 6.133 Loaded shared library C:\Users\Nabila Nur Fadhilah\AppData\Roaming\Code\User\globalStorage\redhat.java\1.40.0\config_win\org.eclipse.equinox.launcher\org.eclipse.equinox.launcher.win32.win32.x86_64_1.2.1200.v20250212-0927\eclipse_11909.dll
Event: 15.392 Loaded shared library C:\Users\Nabila Nur Fadhilah\AppData\Local\Temp\jna--1303572241\jna12019556573473659597.dll

Deoptimization events (20 events):
Event: 51.870 Thread 0x00000104d3c44d10 Uncommon trap: trap_request=0xffffffc6 fr.pc=0x0000010487f999c8 relative=0x00000000000001a8
Event: 51.870 Thread 0x00000104d3c44d10 Uncommon trap: reason=bimorphic_or_optimized_type_check action=maybe_recompile pc=0x0000010487f999c8 method=java.util.Collections.eq(Ljava/lang/Object;Ljava/lang/Object;)Z @ 18 c2
Event: 51.870 Thread 0x00000104d3c44d10 DEOPT PACKING pc=0x0000010487f999c8 sp=0x000000041a5fd250
Event: 51.870 Thread 0x00000104d3c44d10 DEOPT UNPACKING pc=0x0000010487583aa2 sp=0x000000041a5fd1e8 mode 2
Event: 51.881 Thread 0x00000104d3c44d10 Uncommon trap: trap_request=0xffffff45 fr.pc=0x00000104880a069c relative=0x000000000000025c
Event: 51.881 Thread 0x00000104d3c44d10 Uncommon trap: reason=unstable_if action=reinterpret pc=0x00000104880a069c method=java.util.HashMap.getNode(Ljava/lang/Object;)Ljava/util/HashMap$Node; @ 57 c2
Event: 51.881 Thread 0x00000104d3c44d10 DEOPT PACKING pc=0x00000104880a069c sp=0x000000041a5fd890
Event: 51.881 Thread 0x00000104d3c44d10 DEOPT UNPACKING pc=0x0000010487583aa2 sp=0x000000041a5fd7a0 mode 2
Event: 51.881 Thread 0x00000104d3c44d10 Uncommon trap: trap_request=0xffffff45 fr.pc=0x0000010488176c98 relative=0x0000000000000258
Event: 51.881 Thread 0x00000104d3c44d10 Uncommon trap: reason=unstable_if action=reinterpret pc=0x0000010488176c98 method=java.util.HashMap.getNode(Ljava/lang/Object;)Ljava/util/HashMap$Node; @ 57 c2
Event: 51.881 Thread 0x00000104d3c44d10 DEOPT PACKING pc=0x0000010488176c98 sp=0x000000041a5fd820
Event: 51.881 Thread 0x00000104d3c44d10 DEOPT UNPACKING pc=0x0000010487583aa2 sp=0x000000041a5fd7a0 mode 2
Event: 51.934 Thread 0x00000104d3c44d10 Uncommon trap: trap_request=0xffffff45 fr.pc=0x000001048813f740 relative=0x0000000000000120
Event: 51.934 Thread 0x00000104d3c44d10 Uncommon trap: reason=unstable_if action=reinterpret pc=0x000001048813f740 method=java.util.ArrayDeque.addFirst(Ljava/lang/Object;)V @ 42 c2
Event: 51.934 Thread 0x00000104d3c44d10 DEOPT PACKING pc=0x000001048813f740 sp=0x000000041a5fd7c0
Event: 51.934 Thread 0x00000104d3c44d10 DEOPT UNPACKING pc=0x0000010487583aa2 sp=0x000000041a5fd6d8 mode 2
Event: 51.937 Thread 0x00000104d3c44d10 Uncommon trap: trap_request=0xffffff45 fr.pc=0x0000010487f91140 relative=0x0000000000000120
Event: 51.937 Thread 0x00000104d3c44d10 Uncommon trap: reason=unstable_if action=reinterpret pc=0x0000010487f91140 method=java.util.ArrayDeque.addFirst(Ljava/lang/Object;)V @ 42 c2
Event: 51.937 Thread 0x00000104d3c44d10 DEOPT PACKING pc=0x0000010487f91140 sp=0x000000041a5fd740
Event: 51.937 Thread 0x00000104d3c44d10 DEOPT UNPACKING pc=0x0000010487583aa2 sp=0x000000041a5fd6d0 mode 2

Classes loaded (20 events):
Event: 41.165 Loading class java/util/concurrent/ConcurrentHashMap$KeySpliterator
Event: 41.166 Loading class java/util/concurrent/ConcurrentHashMap$KeySpliterator done
Event: 41.257 Loading class sun/nio/ch/ChannelOutputStream
Event: 41.259 Loading class sun/nio/ch/ChannelOutputStream done
Event: 41.344 Loading class java/util/stream/ReduceOps$2
Event: 41.344 Loading class java/util/stream/ReduceOps$2 done
Event: 41.345 Loading class java/util/stream/ReduceOps$2ReducingSink
Event: 41.345 Loading class java/util/stream/ReduceOps$2ReducingSink done
Event: 44.463 Loading class jdk/internal/module/IllegalAccessLogger
Event: 44.463 Loading class jdk/internal/module/IllegalAccessLogger done
Event: 46.816 Loading class java/util/stream/IntStream
Event: 46.818 Loading class java/util/stream/IntStream done
Event: 46.818 Loading class java/util/stream/IntPipeline$Head
Event: 46.819 Loading class java/util/stream/IntPipeline
Event: 46.820 Loading class java/util/stream/IntPipeline done
Event: 46.820 Loading class java/util/stream/IntPipeline$Head done
Event: 47.360 Loading class java/util/stream/Streams$RangeIntSpliterator
Event: 47.361 Loading class java/util/stream/Streams$RangeIntSpliterator done
Event: 51.231 Loading class sun/nio/cs/ISO_8859_1$Decoder
Event: 51.232 Loading class sun/nio/cs/ISO_8859_1$Decoder done

Classes unloaded (7 events):
Event: 17.514 Thread 0x00000104d21c3640 Unloading class 0x0000010492195400 'java/lang/invoke/LambdaForm$MH+0x0000010492195400'
Event: 17.516 Thread 0x00000104d21c3640 Unloading class 0x0000010492195000 'java/lang/invoke/LambdaForm$MH+0x0000010492195000'
Event: 17.516 Thread 0x00000104d21c3640 Unloading class 0x0000010492194c00 'java/lang/invoke/LambdaForm$MH+0x0000010492194c00'
Event: 17.516 Thread 0x00000104d21c3640 Unloading class 0x0000010492194800 'java/lang/invoke/LambdaForm$MH+0x0000010492194800'
Event: 17.516 Thread 0x00000104d21c3640 Unloading class 0x0000010492194400 'java/lang/invoke/LambdaForm$BMH+0x0000010492194400'
Event: 17.516 Thread 0x00000104d21c3640 Unloading class 0x0000010492194000 'java/lang/invoke/LambdaForm$DMH+0x0000010492194000'
Event: 17.516 Thread 0x00000104d21c3640 Unloading class 0x0000010492192c00 'java/lang/invoke/LambdaForm$DMH+0x0000010492192c00'

Classes redefined (0 events):
No events

Internal exceptions (20 events):
Event: 37.446 Thread 0x00000104d3c46750 Implicit null exception at 0x0000010487f23d0b to 0x0000010487f2ab68
Event: 40.067 Thread 0x00000104d3c44d10 Exception <a 'java/lang/NoSuchMethodError'{0x00000000eaeeced0}: 'java.lang.Object java.lang.invoke.DirectMethodHandle$Holder.invokeStatic(java.lang.Object, java.lang.Object, int, int)'> (0x00000000eaeeced0) 
thrown [s\src\hotspot\share\interpreter\linkResolver.cpp, line 773]
Event: 40.068 Thread 0x00000104d3c44d10 Exception <a 'java/lang/NoSuchMethodError'{0x00000000eaef11e0}: 'java.lang.Object java.lang.invoke.DirectMethodHandle$Holder.invokeSpecial(java.lang.Object, java.lang.Object, java.lang.Object, int, int)'> (0x00000000eaef11e0) 
thrown [s\src\hotspot\share\interpreter\linkResolver.cpp, line 773]
Event: 40.208 Thread 0x00000104d3c44d10 Exception <a 'java/lang/NoSuchMethodError'{0x00000000eb0f7ee8}: 'int java.lang.invoke.DirectMethodHandle$Holder.invokeSpecialIFC(java.lang.Object, java.lang.Object, java.lang.Object)'> (0x00000000eb0f7ee8) 
thrown [s\src\hotspot\share\interpreter\linkResolver.cpp, line 773]
Event: 40.982 Thread 0x00000104db618790 Exception <a 'java/lang/NoSuchMethodError'{0x00000000eb680d58}: 'void java.lang.invoke.DirectMethodHandle$Holder.invokeStatic(java.lang.Object, int, java.lang.Object)'> (0x00000000eb680d58) 
thrown [s\src\hotspot\share\interpreter\linkResolver.cpp, line 773]
Event: 41.174 Thread 0x00000104d3c44d10 Exception <a 'java/lang/NoSuchMethodError'{0x00000000eac8e148}: 'java.lang.Object java.lang.invoke.DirectMethodHandle$Holder.newInvokeSpecial(java.lang.Object, java.lang.Object, int, int, java.lang.Object)'> (0x00000000eac8e148) 
thrown [s\src\hotspot\share\interpreter\linkResolver.cpp, line 773]
Event: 42.843 Thread 0x00000104db618790 Implicit null exception at 0x0000010487fddd23 to 0x0000010487fde0b8
Event: 42.845 Thread 0x00000104db618790 Implicit null exception at 0x0000010487fe20c7 to 0x0000010487fe277c
Event: 42.850 Thread 0x00000104db618790 Implicit null exception at 0x0000010487e4154f to 0x0000010487e416b4
Event: 43.111 Thread 0x00000104d3c44d10 Exception <a 'sun/nio/fs/WindowsException'{0x00000000eb123f78}> (0x00000000eb123f78) 
thrown [s\src\hotspot\share\prims\jni.cpp, line 520]
Event: 43.115 Thread 0x00000104da9a17e0 Exception <a 'sun/nio/fs/WindowsException'{0x00000000eb12d158}> (0x00000000eb12d158) 
thrown [s\src\hotspot\share\prims\jni.cpp, line 520]
Event: 43.119 Thread 0x00000104da9a1e70 Exception <a 'sun/nio/fs/WindowsException'{0x00000000eb130ab8}> (0x00000000eb130ab8) 
thrown [s\src\hotspot\share\prims\jni.cpp, line 520]
Event: 43.121 Thread 0x00000104da9a2500 Exception <a 'sun/nio/fs/WindowsException'{0x00000000eb134430}> (0x00000000eb134430) 
thrown [s\src\hotspot\share\prims\jni.cpp, line 520]
Event: 44.842 Thread 0x00000104d3c44d10 Exception <a 'sun/nio/fs/WindowsException'{0x00000000eae05460}> (0x00000000eae05460) 
thrown [s\src\hotspot\share\prims\jni.cpp, line 520]
Event: 44.844 Thread 0x00000104d3c44d10 Exception <a 'sun/nio/fs/WindowsException'{0x00000000eae05a90}> (0x00000000eae05a90) 
thrown [s\src\hotspot\share\prims\jni.cpp, line 520]
Event: 46.822 Thread 0x00000104d3c44d10 Exception <a 'java/lang/NoSuchMethodError'{0x00000000eb3cef48}: 'void java.lang.invoke.DirectMethodHandle$Holder.invokeStatic(java.lang.Object, java.lang.Object, java.lang.Object, int)'> (0x00000000eb3cef48) 
thrown [s\src\hotspot\share\interpreter\linkResolver.cpp, line 773]
Event: 47.164 Thread 0x00000104d3c44d10 Exception <a 'java/lang/NoSuchMethodError'{0x00000000eabb3588}: 'void java.lang.invoke.DirectMethodHandle$Holder.invokeVirtual(java.lang.Object, java.lang.Object, int)'> (0x00000000eabb3588) 
thrown [s\src\hotspot\share\interpreter\linkResolver.cpp, line 773]
Event: 49.487 Thread 0x00000104d3c44d10 Exception <a 'java/lang/NoSuchMethodError'{0x00000000eae94448}: 'void java.lang.invoke.DirectMethodHandle$Holder.invokeInterface(java.lang.Object, java.lang.Object)'> (0x00000000eae94448) 
thrown [s\src\hotspot\share\interpreter\linkResolver.cpp, line 773]
Event: 49.512 Thread 0x00000104dcc4d0e0 Exception <a 'java/lang/NoSuchMethodError'{0x00000000eabae0e0}: 'void java.lang.invoke.DirectMethodHandle$Holder.invokeSpecial(java.lang.Object, java.lang.Object, java.lang.Object, java.lang.Object, java.lang.Object, java.lang.Object, java.lang.Object, java.lang.Object)'> (0x00000000eabae0e0) 
thrown [s\src\hotspot\share\interpreter\linkResolver.cpp, line 773]
Event: 49.512 Thread 0x00000104dcc4b010 Exception <a 'java/lang/NoSuchMethodError'{0x00000000eabdd7a0}: 'void java.lang.invoke.DirectMethodHandle$Holder.invokeSpecial(java.lang.Object, java.lang.Object, java.lang.Object, java.lang.Object, java.lang.Object, java.lang.Object, java.lang.Object, java.lang.Object)'> (0x00000000eabdd7a0) 
thrown [s\src\hotspot\share\interpreter\linkResolver.cpp, line 773]

ZGC Phase Switch (0 events):
No events

VM Operations (20 events):
Event: 51.083 Executing VM operation: ParallelGCFailedAllocation (Allocation Failure) done
Event: 51.165 Executing VM operation: ParallelGCFailedAllocation (Allocation Failure)
Event: 51.166 Executing VM operation: ParallelGCFailedAllocation (Allocation Failure) done
Event: 51.227 Executing VM operation: ParallelGCFailedAllocation (Allocation Failure)
Event: 51.229 Executing VM operation: ParallelGCFailedAllocation (Allocation Failure) done
Event: 51.365 Executing VM operation: ParallelGCFailedAllocation (Allocation Failure)
Event: 51.367 Executing VM operation: ParallelGCFailedAllocation (Allocation Failure) done
Event: 51.451 Executing VM operation: ParallelGCFailedAllocation (Allocation Failure)
Event: 51.453 Executing VM operation: ParallelGCFailedAllocation (Allocation Failure) done
Event: 51.550 Executing VM operation: ParallelGCFailedAllocation (Allocation Failure)
Event: 51.588 Executing VM operation: ParallelGCFailedAllocation (Allocation Failure) done
Event: 51.661 Executing VM operation: ParallelGCFailedAllocation (Allocation Failure)
Event: 51.664 Executing VM operation: ParallelGCFailedAllocation (Allocation Failure) done
Event: 51.860 Executing VM operation: ParallelGCFailedAllocation (Allocation Failure)
Event: 51.862 Executing VM operation: ParallelGCFailedAllocation (Allocation Failure) done
Event: 52.033 Executing VM operation: ParallelGCFailedAllocation (Allocation Failure)
Event: 52.035 Executing VM operation: ParallelGCFailedAllocation (Allocation Failure) done
Event: 52.312 Executing VM operation: ParallelGCFailedAllocation (Allocation Failure)
Event: 52.314 Executing VM operation: ParallelGCFailedAllocation (Allocation Failure) done
Event: 52.965 Executing VM operation: ParallelGCFailedAllocation (Allocation Failure)

Memory protections (0 events):
No events

Nmethod flushes (20 events):
Event: 47.032 Thread 0x00000104d21c3640 flushing osr nmethod 0x0000010480952310
Event: 47.032 Thread 0x00000104d21c3640 flushing osr nmethod 0x000001048097b490
Event: 47.032 Thread 0x00000104d21c3640 flushing  nmethod 0x000001048098d590
Event: 47.032 Thread 0x00000104d21c3640 flushing  nmethod 0x000001048098d990
Event: 47.032 Thread 0x00000104d21c3640 flushing  nmethod 0x000001048098f910
Event: 47.032 Thread 0x00000104d21c3640 flushing  nmethod 0x0000010480991310
Event: 47.032 Thread 0x00000104d21c3640 flushing  nmethod 0x00000104809abf10
Event: 47.032 Thread 0x00000104d21c3640 flushing  nmethod 0x00000104809b2210
Event: 47.032 Thread 0x00000104d21c3640 flushing  nmethod 0x00000104809cf710
Event: 47.032 Thread 0x00000104d21c3640 flushing  nmethod 0x00000104809d0190
Event: 47.032 Thread 0x00000104d21c3640 flushing  nmethod 0x00000104809d6910
Event: 47.032 Thread 0x00000104d21c3640 flushing  nmethod 0x00000104809da110
Event: 47.032 Thread 0x00000104d21c3640 flushing  nmethod 0x00000104809fc010
Event: 47.032 Thread 0x00000104d21c3640 flushing  nmethod 0x0000010480a2fd10
Event: 47.032 Thread 0x00000104d21c3640 flushing  nmethod 0x0000010480a31590
Event: 47.032 Thread 0x00000104d21c3640 flushing  nmethod 0x0000010480a31b90
Event: 47.032 Thread 0x00000104d21c3640 flushing  nmethod 0x0000010480a32410
Event: 47.032 Thread 0x00000104d21c3640 flushing  nmethod 0x0000010480a32b10
Event: 47.032 Thread 0x00000104d21c3640 flushing  nmethod 0x0000010480a37c10
Event: 47.032 Thread 0x00000104d21c3640 flushing  nmethod 0x0000010480a68510

Events (20 events):
Event: 41.300 Thread 0x00000104d3c44d10 Thread added: 0x00000104db61e370
Event: 41.301 Thread 0x00000104d3c44d10 Thread added: 0x00000104db61dce0
Event: 41.301 Thread 0x00000104d94f50f0 Thread exited: 0x00000104d94f50f0
Event: 41.350 Thread 0x00000104d3c44d10 Thread added: 0x00000104db61c930
Event: 41.383 Thread 0x00000104d3c44d10 Thread added: 0x00000104db61cfc0
Event: 41.601 Thread 0x00000104d3c44d10 Thread added: 0x00000104db61d650
Event: 41.883 Thread 0x00000104d3bec8a0 Thread added: 0x00000104dc4fe840
Event: 41.983 Thread 0x00000104d3bec8a0 Thread added: 0x00000104dba1de70
Event: 43.192 Thread 0x00000104dba1de70 Thread exited: 0x00000104dba1de70
Event: 43.201 Thread 0x00000104dc4fe840 Thread exited: 0x00000104dc4fe840
Event: 49.507 Thread 0x00000104d3c44d10 Thread added: 0x00000104dcc4b010
Event: 49.508 Thread 0x00000104d3c44d10 Thread added: 0x00000104dcc4e490
Event: 49.508 Thread 0x00000104d3c44d10 Thread added: 0x00000104dcc4eb20
Event: 49.508 Thread 0x00000104d3c44d10 Thread added: 0x00000104dcc4d0e0
Event: 49.509 Thread 0x00000104d3c44d10 Thread added: 0x00000104dcc4b6a0
Event: 51.868 Thread 0x00000104dcc4b010 Thread exited: 0x00000104dcc4b010
Event: 51.868 Thread 0x00000104dcc4eb20 Thread exited: 0x00000104dcc4eb20
Event: 51.868 Thread 0x00000104dcc4e490 Thread exited: 0x00000104dcc4e490
Event: 51.868 Thread 0x00000104dcc4b6a0 Thread exited: 0x00000104dcc4b6a0
Event: 51.870 Thread 0x00000104dcc4d0e0 Thread exited: 0x00000104dcc4d0e0


Dynamic libraries:
0x00007ff7487c0000 - 0x00007ff7487ce000 	c:\Users\Nabila Nur Fadhilah\.vscode\extensions\redhat.java-1.40.0-win32-x64\jre\21.0.6-win32-x86_64\bin\java.exe
0x00007ffd97ac0000 - 0x00007ffd97d23000 	C:\WINDOWS\SYSTEM32\ntdll.dll
0x00007ffd4aaf0000 - 0x00007ffd4ab0a000 	C:\Program Files\Avast Software\Avast\aswhook.dll
0x00007ffd964d0000 - 0x00007ffd96597000 	C:\WINDOWS\System32\KERNEL32.DLL
0x00007ffd95530000 - 0x00007ffd958f7000 	C:\WINDOWS\System32\KERNELBASE.dll
0x00007ffd94f30000 - 0x00007ffd9507c000 	C:\WINDOWS\System32\ucrtbase.dll
0x00007ffd7f660000 - 0x00007ffd7f678000 	c:\Users\Nabila Nur Fadhilah\.vscode\extensions\redhat.java-1.40.0-win32-x64\jre\21.0.6-win32-x86_64\bin\jli.dll
0x00007ffd95900000 - 0x00007ffd95ac9000 	C:\WINDOWS\System32\USER32.dll
0x00007ffd94e60000 - 0x00007ffd94e87000 	C:\WINDOWS\System32\win32u.dll
0x00007ffd96410000 - 0x00007ffd9643a000 	C:\WINDOWS\System32\GDI32.dll
0x00007ffd95080000 - 0x00007ffd951ab000 	C:\WINDOWS\System32\gdi32full.dll
0x00007ffd95480000 - 0x00007ffd95523000 	C:\WINDOWS\System32\msvcp_win.dll
0x00007ffd7daf0000 - 0x00007ffd7dd80000 	C:\WINDOWS\WinSxS\amd64_microsoft.windows.common-controls_6595b64144ccf1df_6.0.26100.3037_none_3e09262ce333c378\COMCTL32.dll
0x00007ffd8f910000 - 0x00007ffd8f92e000 	c:\Users\Nabila Nur Fadhilah\.vscode\extensions\redhat.java-1.40.0-win32-x64\jre\21.0.6-win32-x86_64\bin\VCRUNTIME140.dll
0x00007ffd974e0000 - 0x00007ffd97589000 	C:\WINDOWS\System32\msvcrt.dll
0x00007ffd970f0000 - 0x00007ffd9711f000 	C:\WINDOWS\System32\IMM32.DLL
0x00007ffd8f8f0000 - 0x00007ffd8f8fc000 	c:\Users\Nabila Nur Fadhilah\.vscode\extensions\redhat.java-1.40.0-win32-x64\jre\21.0.6-win32-x86_64\bin\vcruntime140_1.dll
0x00007ffd4b3a0000 - 0x00007ffd4b42d000 	c:\Users\Nabila Nur Fadhilah\.vscode\extensions\redhat.java-1.40.0-win32-x64\jre\21.0.6-win32-x86_64\bin\msvcp140.dll
0x00007ffd0d360000 - 0x00007ffd0e0f0000 	c:\Users\Nabila Nur Fadhilah\.vscode\extensions\redhat.java-1.40.0-win32-x64\jre\21.0.6-win32-x86_64\bin\server\jvm.dll
0x00007ffd973e0000 - 0x00007ffd97494000 	C:\WINDOWS\System32\ADVAPI32.dll
0x00007ffd96e10000 - 0x00007ffd96eb6000 	C:\WINDOWS\System32\sechost.dll
0x00007ffd962f0000 - 0x00007ffd96406000 	C:\WINDOWS\System32\RPCRT4.dll
0x00007ffd95d60000 - 0x00007ffd95dd4000 	C:\WINDOWS\System32\WS2_32.dll
0x00007ffd93ac0000 - 0x00007ffd93b0e000 	C:\WINDOWS\SYSTEM32\POWRPROF.dll
0x00007ffd82650000 - 0x00007ffd8265b000 	C:\WINDOWS\SYSTEM32\VERSION.dll
0x00007ffd8b720000 - 0x00007ffd8b756000 	C:\WINDOWS\SYSTEM32\WINMM.dll
0x00007ffd93aa0000 - 0x00007ffd93ab4000 	C:\WINDOWS\SYSTEM32\UMPDC.dll
0x00007ffd93d60000 - 0x00007ffd93d7a000 	C:\WINDOWS\SYSTEM32\kernel.appcore.dll
0x00007ffd86960000 - 0x00007ffd8696a000 	c:\Users\Nabila Nur Fadhilah\.vscode\extensions\redhat.java-1.40.0-win32-x64\jre\21.0.6-win32-x86_64\bin\jimage.dll
0x00007ffd92550000 - 0x00007ffd92791000 	C:\WINDOWS\SYSTEM32\DBGHELP.DLL
0x00007ffd95ee0000 - 0x00007ffd9625e000 	C:\WINDOWS\System32\combase.dll
0x00007ffd97270000 - 0x00007ffd97346000 	C:\WINDOWS\System32\OLEAUT32.dll
0x00007ffd7ea70000 - 0x00007ffd7eaa9000 	C:\WINDOWS\SYSTEM32\dbgcore.DLL
0x00007ffd94e90000 - 0x00007ffd94f29000 	C:\WINDOWS\System32\bcryptPrimitives.dll
0x00007ffd86910000 - 0x00007ffd8691f000 	c:\Users\Nabila Nur Fadhilah\.vscode\extensions\redhat.java-1.40.0-win32-x64\jre\21.0.6-win32-x86_64\bin\instrument.dll
0x00007ffd73300000 - 0x00007ffd7331f000 	c:\Users\Nabila Nur Fadhilah\.vscode\extensions\redhat.java-1.40.0-win32-x64\jre\21.0.6-win32-x86_64\bin\java.dll
0x00007ffd965a0000 - 0x00007ffd96ca4000 	C:\WINDOWS\System32\SHELL32.dll
0x00007ffd92b40000 - 0x00007ffd93377000 	C:\WINDOWS\SYSTEM32\windows.storage.dll
0x00007ffd97130000 - 0x00007ffd97219000 	C:\WINDOWS\System32\SHCORE.dll
0x00007ffd96290000 - 0x00007ffd962ed000 	C:\WINDOWS\System32\shlwapi.dll
0x00007ffd94d70000 - 0x00007ffd94d9e000 	C:\WINDOWS\SYSTEM32\profapi.dll
0x00007ffd6bca0000 - 0x00007ffd6bcb8000 	c:\Users\Nabila Nur Fadhilah\.vscode\extensions\redhat.java-1.40.0-win32-x64\jre\21.0.6-win32-x86_64\bin\zip.dll
0x00007ffd818d0000 - 0x00007ffd818e0000 	C:\Users\Nabila Nur Fadhilah\.vscode\extensions\redhat.java-1.40.0-win32-x64\jre\21.0.6-win32-x86_64\bin\net.dll
0x00007ffd8dd20000 - 0x00007ffd8de3e000 	C:\WINDOWS\SYSTEM32\WINHTTP.dll
0x00007ffd94260000 - 0x00007ffd942ca000 	C:\WINDOWS\system32\mswsock.dll
0x00007ffd6bba0000 - 0x00007ffd6bbb6000 	C:\Users\Nabila Nur Fadhilah\.vscode\extensions\redhat.java-1.40.0-win32-x64\jre\21.0.6-win32-x86_64\bin\nio.dll
0x00007ffd81670000 - 0x00007ffd81680000 	c:\Users\Nabila Nur Fadhilah\.vscode\extensions\redhat.java-1.40.0-win32-x64\jre\21.0.6-win32-x86_64\bin\verify.dll
0x00007ffd565b0000 - 0x00007ffd565f5000 	C:\Users\Nabila Nur Fadhilah\AppData\Roaming\Code\User\globalStorage\redhat.java\1.40.0\config_win\org.eclipse.equinox.launcher\org.eclipse.equinox.launcher.win32.win32.x86_64_1.2.1200.v20250212-0927\eclipse_11909.dll
0x00007ffd96ec0000 - 0x00007ffd97055000 	C:\WINDOWS\System32\ole32.dll
0x00007ffd94530000 - 0x00007ffd9454c000 	C:\WINDOWS\SYSTEM32\CRYPTSP.dll
0x00007ffd93cc0000 - 0x00007ffd93cf8000 	C:\WINDOWS\system32\rsaenh.dll
0x00007ffd94300000 - 0x00007ffd9432b000 	C:\WINDOWS\SYSTEM32\USERENV.dll
0x00007ffd94790000 - 0x00007ffd947b6000 	C:\WINDOWS\SYSTEM32\bcrypt.dll
0x00007ffd94490000 - 0x00007ffd9449c000 	C:\WINDOWS\SYSTEM32\CRYPTBASE.dll
0x00007ffd937b0000 - 0x00007ffd937e2000 	C:\WINDOWS\SYSTEM32\IPHLPAPI.DLL
0x00007ffd973d0000 - 0x00007ffd973da000 	C:\WINDOWS\System32\NSI.dll
0x00007ffd51740000 - 0x00007ffd51789000 	C:\Users\Nabila Nur Fadhilah\AppData\Local\Temp\jna--1303572241\jna12019556573473659597.dll
0x00007ffd974d0000 - 0x00007ffd974d8000 	C:\WINDOWS\System32\PSAPI.DLL
0x00007ffd8de80000 - 0x00007ffd8de9f000 	C:\WINDOWS\SYSTEM32\dhcpcsvc6.DLL
0x00007ffd8de50000 - 0x00007ffd8de75000 	C:\WINDOWS\SYSTEM32\dhcpcsvc.DLL

dbghelp: loaded successfully - version: 4.0.5 - missing functions: none
symbol engine: initialized successfully - sym options: 0x614 - pdb path: .;c:\Users\Nabila Nur Fadhilah\.vscode\extensions\redhat.java-1.40.0-win32-x64\jre\21.0.6-win32-x86_64\bin;C:\WINDOWS\SYSTEM32;C:\Program Files\Avast Software\Avast;C:\WINDOWS\WinSxS\amd64_microsoft.windows.common-controls_6595b64144ccf1df_6.0.26100.3037_none_3e09262ce333c378;c:\Users\Nabila Nur Fadhilah\.vscode\extensions\redhat.java-1.40.0-win32-x64\jre\21.0.6-win32-x86_64\bin\server;C:\Users\Nabila Nur Fadhilah\AppData\Roaming\Code\User\globalStorage\redhat.java\1.40.0\config_win\org.eclipse.equinox.launcher\org.eclipse.equinox.launcher.win32.win32.x86_64_1.2.1200.v20250212-0927;C:\Users\Nabila Nur Fadhilah\AppData\Local\Temp\jna--1303572241

VM Arguments:
jvm_args: --add-modules=ALL-SYSTEM --add-opens=java.base/java.util=ALL-UNNAMED --add-opens=java.base/java.lang=ALL-UNNAMED --add-opens=java.base/sun.nio.fs=ALL-UNNAMED -Declipse.application=org.eclipse.jdt.ls.core.id1 -Dosgi.bundles.defaultStartLevel=4 -Declipse.product=org.eclipse.jdt.ls.core.product -Djava.import.generatesMetadataFilesAtProjectRoot=false -DDetectVMInstallationsJob.disabled=true -Dfile.encoding=utf8 -XX:+UseParallelGC -XX:GCTimeRatio=4 -XX:AdaptiveSizePolicyWeight=90 -Dsun.zip.disableMemoryMapping=true -Xmx1G -Xms100m -Xlog:disable -javaagent:c:\Users\Nabila Nur Fadhilah\.vscode\extensions\redhat.java-1.40.0-win32-x64\lombok\lombok-1.18.36.jar -XX:+HeapDumpOnOutOfMemoryError -XX:HeapDumpPath=c:\Users\Nabila Nur Fadhilah\AppData\Roaming\Code\User\workspaceStorage\efdcd8ae57c30bb88c351b99fc93657e\redhat.java -Daether.dependencyCollector.impl=bf 
java_command: c:\Users\Nabila Nur Fadhilah\.vscode\extensions\redhat.java-1.40.0-win32-x64\server\plugins\org.eclipse.equinox.launcher_1.6.1000.v20250131-0606.jar -configuration c:\Users\Nabila Nur Fadhilah\AppData\Roaming\Code\User\globalStorage\redhat.java\1.40.0\config_win -data c:\Users\Nabila Nur Fadhilah\AppData\Roaming\Code\User\workspaceStorage\efdcd8ae57c30bb88c351b99fc93657e\redhat.java\jdt_ws --pipe=\\.\pipe\lsp-d5d8afbdb9221b17b0331319279023a5-sock
java_class_path (initial): c:\Users\Nabila Nur Fadhilah\.vscode\extensions\redhat.java-1.40.0-win32-x64\server\plugins\org.eclipse.equinox.launcher_1.6.1000.v20250131-0606.jar
Launcher Type: SUN_STANDARD

[Global flags]
    uintx AdaptiveSizePolicyWeight                 = 90                                        {product} {command line}
     intx CICompilerCount                          = 4                                         {product} {ergonomic}
    uintx GCTimeRatio                              = 4                                         {product} {command line}
     bool HeapDumpOnOutOfMemoryError               = true                                   {manageable} {command line}
    ccstr HeapDumpPath                             = c:\Users\Nabila Nur Fadhilah\AppData\Roaming\Code\User\workspaceStorage\efdcd8ae57c30bb88c351b99fc93657e\redhat.java         {manageable} {command line}
   size_t InitialHeapSize                          = 104857600                                 {product} {command line}
   size_t MaxHeapSize                              = 1073741824                                {product} {command line}
   size_t MaxNewSize                               = 357564416                                 {product} {ergonomic}
   size_t MinHeapDeltaBytes                        = 524288                                    {product} {ergonomic}
   size_t MinHeapSize                              = 104857600                                 {product} {command line}
   size_t NewSize                                  = 34603008                                  {product} {ergonomic}
    uintx NonNMethodCodeHeapSize                   = 5839372                                {pd product} {ergonomic}
    uintx NonProfiledCodeHeapSize                  = 122909434                              {pd product} {ergonomic}
   size_t OldSize                                  = 70254592                                  {product} {ergonomic}
    uintx ProfiledCodeHeapSize                     = 122909434                              {pd product} {ergonomic}
    uintx ReservedCodeCacheSize                    = 251658240                              {pd product} {ergonomic}
     bool SegmentedCodeCache                       = true                                      {product} {ergonomic}
   size_t SoftMaxHeapSize                          = 1073741824                             {manageable} {ergonomic}
     bool UseCompressedOops                        = true                           {product lp64_product} {ergonomic}
     bool UseLargePagesIndividualAllocation        = false                                  {pd product} {ergonomic}
     bool UseParallelGC                            = true                                      {product} {command line}

Logging:
Log output configuration:
 #0: stdout all=off uptime,level,tags foldmultilines=false
 #1: stderr all=off uptime,level,tags foldmultilines=false

Environment Variables:
PATH=C:\Program Files\Common Files\Oracle\Java\javapath;C:\WINDOWS\system32;C:\WINDOWS;C:\WINDOWS\System32\Wbem;C:\WINDOWS\System32\WindowsPowerShell\v1.0\;C:\WINDOWS\System32\OpenSSH\;C:\Program Files\Java\jdk-21\bin;C:\Program Files\apache-maven-3.9.9\bin;C:\Program Files\Git\cmd;C:\Program Files\Docker\Docker\resources\bin;C:\Program Files\MySQL\MySQL Server 8.0\bin;C:\Program Files\nodejs\;C:\xampp\mysql\bin;C:\xampp\php;C:\Program Files\MySQL\MySQL Shell 8.0\bin\;C:\Users\Nabila Nur Fadhilah\AppData\Local\Microsoft\WindowsApps;C:\Users\Nabila Nur Fadhilah\AppData\Local\Programs\Microsoft VS Code\bin;C:\Program Files\Java\jdk-21\bin;C:\Program Files\apache-maven-3.9.9\bin;C:\Users\Nabila Nur Fadhilah\AppData\Roaming\npm
USERNAME=Nabila Nur Fadhilah
OS=Windows_NT
PROCESSOR_IDENTIFIER=Intel64 Family 6 Model 154 Stepping 4, GenuineIntel
TMP=C:\Users\NABILA~1\AppData\Local\Temp
TEMP=C:\Users\NABILA~1\AppData\Local\Temp




Periodic native trim disabled

---------------  S Y S T E M  ---------------

OS:
 Windows 11 , 64 bit Build 26100 (10.0.26100.3037)
OS uptime: 3 days 0:00 hours
Hyper-V role detected

CPU: total 8 (initial active 8) (4 cores per cpu, 2 threads per core) family 6 model 154 stepping 4 microcode 0x435, cx8, cmov, fxsr, ht, mmx, 3dnowpref, sse, sse2, sse3, ssse3, sse4.1, sse4.2, popcnt, lzcnt, tsc, tscinvbit, avx, avx2, aes, erms, clmul, bmi1, bmi2, adx, sha, fma, vzeroupper, clflush, clflushopt, clwb, hv, serialize, rdtscp, rdpid, fsrm, f16c, cet_ibt, cet_ss
Processor Information for the first 8 processors :
  Max Mhz: 1200, Current Mhz: 1200, Mhz Limit: 1200

Memory: 4k page, system-wide physical 5702M (206M free)
TotalPageFile size 23110M (AvailPageFile size 0M)
current process WorkingSet (physical memory assigned to process): 276M, peak: 317M
current process commit charge ("private bytes"): 392M, peak: 394M

vm_info: OpenJDK 64-Bit Server VM (21.0.6+7-LTS) for windows-amd64 JRE (21.0.6+7-LTS), built on 2025-01-21T00:00:00Z by "admin" with MS VC++ 17.7 (VS2022)

END.
