#
# There is insufficient memory for the Java Runtime Environment to continue.
# Native memory allocation (malloc) failed to allocate 499328 bytes. Error detail: Chunk::new
# Possible reasons:
#   The system is out of physical RAM or swap space
#   This process is running with CompressedOops enabled, and the Java Heap may be blocking the growth of the native heap
# Possible solutions:
#   Reduce memory load on the system
#   Increase physical memory or swap space
#   Check if swap backing store is full
#   Decrease Java heap size (-Xmx/-Xms)
#   Decrease number of Java threads
#   Decrease Java thread stack sizes (-Xss)
#   Set larger code cache with -XX:ReservedCodeCacheSize=
#   JVM is running with Unscaled Compressed Oops mode in which the Java heap is
#     placed in the first 4GB address space. The Java Heap base address is the
#     maximum limit for the native heap growth. Please use -XX:HeapBaseMinAddress
#     to set the Java Heap base and to place the Java Heap above 4GB virtual address.
# This output file may be truncated or incomplete.
#
#  Out of Memory Error (arena.cpp:168), pid=19084, tid=15448
#
# JRE version: OpenJDK Runtime Environment Temurin-21.0.6+7 (21.0.6+7) (build 21.0.6+7-LTS)
# Java VM: OpenJDK 64-Bit Server VM Temurin-21.0.6+7 (21.0.6+7-LTS, mixed mode, sharing, tiered, compressed oops, compressed class ptrs, parallel gc, windows-amd64)
# No core dump will be written. Minidumps are not enabled by default on client versions of Windows
#

---------------  S U M M A R Y ------------

Command Line: --add-modules=ALL-SYSTEM --add-opens=java.base/java.util=ALL-UNNAMED --add-opens=java.base/java.lang=ALL-UNNAMED --add-opens=java.base/sun.nio.fs=ALL-UNNAMED -Declipse.application=org.eclipse.jdt.ls.core.id1 -Dosgi.bundles.defaultStartLevel=4 -Declipse.product=org.eclipse.jdt.ls.core.product -Djava.import.generatesMetadataFilesAtProjectRoot=false -DDetectVMInstallationsJob.disabled=true -Dfile.encoding=utf8 -XX:+UseParallelGC -XX:GCTimeRatio=4 -XX:AdaptiveSizePolicyWeight=90 -Dsun.zip.disableMemoryMapping=true -Xmx1G -Xms100m -Xlog:disable -javaagent:c:\Users\Nabila Nur Fadhilah\.vscode\extensions\redhat.java-1.40.0-win32-x64\lombok\lombok-1.18.36.jar -XX:+HeapDumpOnOutOfMemoryError -XX:HeapDumpPath=c:\Users\Nabila Nur Fadhilah\AppData\Roaming\Code\User\workspaceStorage\f7b8c4f279db9286d25101e4f585ac33\redhat.java -Daether.dependencyCollector.impl=bf c:\Users\Nabila Nur Fadhilah\.vscode\extensions\redhat.java-1.40.0-win32-x64\server\plugins\org.eclipse.equinox.launcher_1.6.1000.v20250131-0606.jar -configuration c:\Users\Nabila Nur Fadhilah\AppData\Roaming\Code\User\globalStorage\redhat.java\1.40.0\config_win -data c:\Users\Nabila Nur Fadhilah\AppData\Roaming\Code\User\workspaceStorage\f7b8c4f279db9286d25101e4f585ac33\redhat.java\jdt_ws --pipe=\\.\pipe\lsp-c168f053fb39b6f3368af606cb60686d-sock

Host: 12th Gen Intel(R) Core(TM) i3-1215U, 8 cores, 5G,  Windows 11 , 64 bit Build 26100 (10.0.26100.3037)
Time: Thu Mar  6 16:08:53 2025 SE Asia Standard Time elapsed time: 27.241579 seconds (0d 0h 0m 27s)

---------------  T H R E A D  ---------------

Current thread (0x000001e4a5dbd390):  JavaThread "C2 CompilerThread0" daemon [_thread_in_native, id=15448, stack(0x00000075bd200000,0x00000075bd300000) (1024K)]


Current CompileTask:
C2:27241 6958       4       jdk.internal.jimage.ImageLocation::getFullName (109 bytes)

Stack: [0x00000075bd200000,0x00000075bd300000]
Native frames: (J=compiled Java code, j=interpreted, Vv=VM code, C=native code)
V  [jvm.dll+0x6cdee9]
V  [jvm.dll+0x8a83d1]
V  [jvm.dll+0x8aa8fe]
V  [jvm.dll+0x8aafe3]
V  [jvm.dll+0x27f706]
V  [jvm.dll+0xc500d]
V  [jvm.dll+0xc5543]
V  [jvm.dll+0x3b678c]
V  [jvm.dll+0x1dfe13]
V  [jvm.dll+0x247b42]
V  [jvm.dll+0x246fcf]
V  [jvm.dll+0x1c75ee]
V  [jvm.dll+0x25685a]
V  [jvm.dll+0x254dfa]
V  [jvm.dll+0x3f0256]
V  [jvm.dll+0x851f8b]
V  [jvm.dll+0x6cc5ed]
C  [ucrtbase.dll+0x37b0]
C  [KERNEL32.DLL+0x2e8d7]
C  [ntdll.dll+0xbbf2c]


---------------  P R O C E S S  ---------------

Threads class SMR info:
_java_thread_list=0x000001e4f0ea5d80, length=38, elements={
0x000001e491200a00, 0x000001e4a5d88400, 0x000001e4912bda60, 0x000001e4a5d8c560,
0x000001e4a5d8dcd0, 0x000001e4a5d8fdb0, 0x000001e4a5d973a0, 0x000001e4a5dbd390,
0x000001e4a5dbe880, 0x000001e4e8847f60, 0x000001e4e8ae77f0, 0x000001e4ed48a470,
0x000001e4ed7afdc0, 0x000001e4ed3d1590, 0x000001e4ed3d1fc0, 0x000001e4ed933da0,
0x000001e4ed9c92e0, 0x000001e4edbe38c0, 0x000001e4edbe3f50, 0x000001e4edbe45e0,
0x000001e4edbe5300, 0x000001e4edbe4c70, 0x000001e4edbe1e80, 0x000001e4edbe2510,
0x000001e4ef6af540, 0x000001e4ef6b08f0, 0x000001e4ef6ae820, 0x000001e4ef6b0f80,
0x000001e4ef6afbd0, 0x000001e4ef6b1610, 0x000001e4ef6aeeb0, 0x000001e4ef6b0260,
0x000001e4ef6ae190, 0x000001e4ef6b36e0, 0x000001e4ef6b4400, 0x000001e4ef6b5120,
0x000001e4ef6b1ca0, 0x000001e4ef6b57b0
}

Java Threads: ( => current thread )
  0x000001e491200a00 JavaThread "main"                              [_thread_blocked, id=23648, stack(0x00000075bc800000,0x00000075bc900000) (1024K)]
  0x000001e4a5d88400 JavaThread "Reference Handler"          daemon [_thread_blocked, id=18492, stack(0x00000075bcc00000,0x00000075bcd00000) (1024K)]
  0x000001e4912bda60 JavaThread "Finalizer"                  daemon [_thread_blocked, id=21280, stack(0x00000075bcd00000,0x00000075bce00000) (1024K)]
  0x000001e4a5d8c560 JavaThread "Signal Dispatcher"          daemon [_thread_blocked, id=13784, stack(0x00000075bce00000,0x00000075bcf00000) (1024K)]
  0x000001e4a5d8dcd0 JavaThread "Attach Listener"            daemon [_thread_blocked, id=23652, stack(0x00000075bcf00000,0x00000075bd000000) (1024K)]
  0x000001e4a5d8fdb0 JavaThread "Service Thread"             daemon [_thread_blocked, id=10964, stack(0x00000075bd000000,0x00000075bd100000) (1024K)]
  0x000001e4a5d973a0 JavaThread "Monitor Deflation Thread"   daemon [_thread_blocked, id=27604, stack(0x00000075bd100000,0x00000075bd200000) (1024K)]
=>0x000001e4a5dbd390 JavaThread "C2 CompilerThread0"         daemon [_thread_in_native, id=15448, stack(0x00000075bd200000,0x00000075bd300000) (1024K)]
  0x000001e4a5dbe880 JavaThread "C1 CompilerThread0"         daemon [_thread_blocked, id=5292, stack(0x00000075bd300000,0x00000075bd400000) (1024K)]
  0x000001e4e8847f60 JavaThread "Common-Cleaner"             daemon [_thread_blocked, id=12328, stack(0x00000075bd400000,0x00000075bd500000) (1024K)]
  0x000001e4e8ae77f0 JavaThread "Notification Thread"        daemon [_thread_blocked, id=3372, stack(0x00000075bd500000,0x00000075bd600000) (1024K)]
  0x000001e4ed48a470 JavaThread "Active Thread: Equinox Container: 5d919e86-118c-429d-b510-7933277384e2"        [_thread_blocked, id=28632, stack(0x00000075bdc00000,0x00000075bdd00000) (1024K)]
  0x000001e4ed7afdc0 JavaThread "Refresh Thread: Equinox Container: 5d919e86-118c-429d-b510-7933277384e2" daemon [_thread_blocked, id=13060, stack(0x00000075bdd00000,0x00000075bde00000) (1024K)]
  0x000001e4ed3d1590 JavaThread "Framework Event Dispatcher: Equinox Container: 5d919e86-118c-429d-b510-7933277384e2" daemon [_thread_blocked, id=26456, stack(0x00000075bdf00000,0x00000075be000000) (1024K)]
  0x000001e4ed3d1fc0 JavaThread "Start Level: Equinox Container: 5d919e86-118c-429d-b510-7933277384e2" daemon [_thread_blocked, id=20488, stack(0x00000075be000000,0x00000075be100000) (1024K)]
  0x000001e4ed933da0 JavaThread "Bundle File Closer"         daemon [_thread_blocked, id=20072, stack(0x00000075be100000,0x00000075be200000) (1024K)]
  0x000001e4ed9c92e0 JavaThread "SCR Component Actor"        daemon [_thread_blocked, id=3624, stack(0x00000075be200000,0x00000075be300000) (1024K)]
  0x000001e4edbe38c0 JavaThread "Worker-JM"                         [_thread_blocked, id=22404, stack(0x00000075be400000,0x00000075be500000) (1024K)]
  0x000001e4edbe3f50 JavaThread "JNA Cleaner"                daemon [_thread_blocked, id=37164, stack(0x00000075be500000,0x00000075be600000) (1024K)]
  0x000001e4edbe45e0 JavaThread "Worker-0"                          [_thread_blocked, id=34292, stack(0x00000075be600000,0x00000075be700000) (1024K)]
  0x000001e4edbe5300 JavaThread "Worker-1: Initialize After Load"        [_thread_in_Java, id=21748, stack(0x00000075be700000,0x00000075be800000) (1024K)]
  0x000001e4edbe4c70 JavaThread "Worker-2: Java indexing... "        [_thread_blocked, id=37076, stack(0x00000075be800000,0x00000075be900000) (1024K)]
  0x000001e4edbe1e80 JavaThread "Java indexing"              daemon [_thread_in_native, id=17324, stack(0x00000075be900000,0x00000075bea00000) (1024K)]
  0x000001e4edbe2510 JavaThread "Worker-3"                          [_thread_blocked, id=9668, stack(0x00000075be300000,0x00000075be400000) (1024K)]
  0x000001e4ef6af540 JavaThread "Worker-4"                          [_thread_blocked, id=24512, stack(0x00000075bed00000,0x00000075bee00000) (1024K)]
  0x000001e4ef6b08f0 JavaThread "Thread-2"                   daemon [_thread_in_native, id=28756, stack(0x00000075bef00000,0x00000075bf000000) (1024K)]
  0x000001e4ef6ae820 JavaThread "Thread-3"                   daemon [_thread_in_native, id=35500, stack(0x00000075bf000000,0x00000075bf100000) (1024K)]
  0x000001e4ef6b0f80 JavaThread "Thread-4"                   daemon [_thread_in_native, id=12080, stack(0x00000075bf100000,0x00000075bf200000) (1024K)]
  0x000001e4ef6afbd0 JavaThread "Thread-5"                   daemon [_thread_in_native, id=24656, stack(0x00000075bf200000,0x00000075bf300000) (1024K)]
  0x000001e4ef6b1610 JavaThread "Thread-6"                   daemon [_thread_in_native, id=29276, stack(0x00000075bf300000,0x00000075bf400000) (1024K)]
  0x000001e4ef6aeeb0 JavaThread "Thread-7"                   daemon [_thread_in_native, id=24160, stack(0x00000075bf400000,0x00000075bf500000) (1024K)]
  0x000001e4ef6b0260 JavaThread "Thread-8"                   daemon [_thread_in_native, id=4052, stack(0x00000075bf500000,0x00000075bf600000) (1024K)]
  0x000001e4ef6ae190 JavaThread "Thread-9"                   daemon [_thread_in_native, id=24056, stack(0x00000075bf600000,0x00000075bf700000) (1024K)]
  0x000001e4ef6b36e0 JavaThread "Thread-10"                  daemon [_thread_in_native, id=34648, stack(0x00000075bf700000,0x00000075bf800000) (1024K)]
  0x000001e4ef6b4400 JavaThread "pool-2-thread-1"                   [_thread_blocked, id=16240, stack(0x00000075bf800000,0x00000075bf900000) (1024K)]
  0x000001e4ef6b5120 JavaThread "WorkspaceEventsHandler"            [_thread_blocked, id=33844, stack(0x00000075bf900000,0x00000075bfa00000) (1024K)]
  0x000001e4ef6b1ca0 JavaThread "pool-1-thread-1"                   [_thread_blocked, id=28036, stack(0x00000075bfa00000,0x00000075bfb00000) (1024K)]
  0x000001e4ef6b57b0 JavaThread "Worker-5"                          [_thread_blocked, id=33344, stack(0x00000075bfb00000,0x00000075bfc00000) (1024K)]
Total: 38

Other Threads:
  0x000001e4a5d82df0 VMThread "VM Thread"                           [id=10056, stack(0x00000075bcb00000,0x00000075bcc00000) (1024K)]
  0x000001e4a5c9ca00 WatcherThread "VM Periodic Task Thread"        [id=20452, stack(0x00000075bca00000,0x00000075bcb00000) (1024K)]
  0x000001e491221e80 WorkerThread "GC Thread#0"                     [id=37068, stack(0x00000075bc900000,0x00000075bca00000) (1024K)]
  0x000001e4ed6609f0 WorkerThread "GC Thread#1"                     [id=33676, stack(0x00000075bd600000,0x00000075bd700000) (1024K)]
  0x000001e4ed435390 WorkerThread "GC Thread#2"                     [id=17272, stack(0x00000075bd700000,0x00000075bd800000) (1024K)]
  0x000001e4ed42db40 WorkerThread "GC Thread#3"                     [id=7984, stack(0x00000075bd800000,0x00000075bd900000) (1024K)]
  0x000001e4ed42dee0 WorkerThread "GC Thread#4"                     [id=26572, stack(0x00000075bd900000,0x00000075bda00000) (1024K)]
  0x000001e4ed1ad260 WorkerThread "GC Thread#5"                     [id=36996, stack(0x00000075bda00000,0x00000075bdb00000) (1024K)]
  0x000001e4ed1ad600 WorkerThread "GC Thread#6"                     [id=29308, stack(0x00000075bdb00000,0x00000075bdc00000) (1024K)]
  0x000001e4ed7b0ee0 WorkerThread "GC Thread#7"                     [id=6696, stack(0x00000075bde00000,0x00000075bdf00000) (1024K)]
Total: 10

Threads with active compile tasks:
C2 CompilerThread0  28303 6958       4       jdk.internal.jimage.ImageLocation::getFullName (109 bytes)
Total: 1

VM state: not at safepoint (normal execution)

VM Mutex/Monitor currently owned by a thread: None

Heap address: 0x00000000c0000000, size: 1024 MB, Compressed Oops mode: 32-bit

CDS archive(s) mapped at: [0x000001e4a6000000-0x000001e4a6ba0000-0x000001e4a6ba0000), size 12189696, SharedBaseAddress: 0x000001e4a6000000, ArchiveRelocationMode: 1.
Compressed class space mapped at: 0x000001e4a7000000-0x000001e4e7000000, reserved size: 1073741824
Narrow klass base: 0x000001e4a6000000, Narrow klass shift: 0, Narrow klass range: 0x100000000

GC Precious Log:
 CardTable entry size: 512
 CPUs: 8 total, 8 available
 Memory: 5702M
 Large Page Support: Disabled
 NUMA Support: Disabled
 Compressed Oops: Enabled (32-bit)
 Alignments: Space 512K, Generation 512K, Heap 2M
 Heap Min Capacity: 100M
 Heap Initial Capacity: 100M
 Heap Max Capacity: 1G
 Pre-touch: Disabled
 Parallel Workers: 8

Heap:
 PSYoungGen      total 23552K, used 21935K [0x00000000eab00000, 0x00000000ec880000, 0x0000000100000000)
  eden space 22016K, 92% used [0x00000000eab00000,0x00000000ebef3d98,0x00000000ec080000)
  from space 1536K, 97% used [0x00000000ec180000,0x00000000ec2f8010,0x00000000ec300000)
  to   space 4096K, 0% used [0x00000000ec480000,0x00000000ec480000,0x00000000ec880000)
 ParOldGen       total 68608K, used 27203K [0x00000000c0000000, 0x00000000c4300000, 0x00000000eab00000)
  object space 68608K, 39% used [0x00000000c0000000,0x00000000c1a90e20,0x00000000c4300000)
 Metaspace       used 46199K, committed 47424K, reserved 1114112K
  class space    used 4888K, committed 5440K, reserved 1048576K

Card table byte_map: [0x000001e4a3650000,0x000001e4a3860000] _byte_map_base: 0x000001e4a3050000

Marking Bits: (ParMarkBitMap*) 0x00007ffd0e013260
 Begin Bits: [0x000001e4a39c0000, 0x000001e4a49c0000)
 End Bits:   [0x000001e4a49c0000, 0x000001e4a59c0000)

Polling page: 0x000001e4912c0000

Metaspace:

Usage:
  Non-class:     40.34 MB used.
      Class:      4.77 MB used.
       Both:     45.12 MB used.

Virtual space:
  Non-class space:       64.00 MB reserved,      41.00 MB ( 64%) committed,  1 nodes.
      Class space:        1.00 GB reserved,       5.31 MB ( <1%) committed,  1 nodes.
             Both:        1.06 GB reserved,      46.31 MB (  4%) committed. 

Chunk freelists:
   Non-Class:  6.08 MB
       Class:  10.70 MB
        Both:  16.78 MB

MaxMetaspaceSize: unlimited
CompressedClassSpaceSize: 1.00 GB
Initial GC threshold: 21.00 MB
Current GC threshold: 58.38 MB
CDS: on
 - commit_granule_bytes: 65536.
 - commit_granule_words: 8192.
 - virtual_space_node_default_size: 8388608.
 - enlarge_chunks_in_place: 1.
 - use_allocation_guard: 0.


Internal statistics:

num_allocs_failed_limit: 8.
num_arena_births: 982.
num_arena_deaths: 14.
num_vsnodes_births: 2.
num_vsnodes_deaths: 0.
num_space_committed: 741.
num_space_uncommitted: 0.
num_chunks_returned_to_freelist: 22.
num_chunks_taken_from_freelist: 3138.
num_chunk_merges: 14.
num_chunk_splits: 1913.
num_chunks_enlarged: 1005.
num_inconsistent_stats: 0.

CodeHeap 'non-profiled nmethods': size=120000Kb used=3304Kb max_used=3304Kb free=116695Kb
 bounds [0x000001e49bf40000, 0x000001e49c280000, 0x000001e4a3470000]
CodeHeap 'profiled nmethods': size=120000Kb used=13439Kb max_used=13439Kb free=106560Kb
 bounds [0x000001e494470000, 0x000001e495190000, 0x000001e49b9a0000]
CodeHeap 'non-nmethods': size=5760Kb used=1377Kb max_used=1412Kb free=4382Kb
 bounds [0x000001e49b9a0000, 0x000001e49bc10000, 0x000001e49bf40000]
 total_blobs=7080 nmethods=6403 adapters=583
 compilation: enabled
              stopped_count=0, restarted_count=0
 full_count=0

Compilation events (20 events):
Event: 24.142 Thread 0x000001e4a5dbe880 nmethod 7000 0x000001e495179810 code [0x000001e4951799e0, 0x000001e495179cb8]
Event: 24.142 Thread 0x000001e4a5dbe880 7006       1       org.eclipse.core.internal.content.FileSpec::getType (5 bytes)
Event: 24.142 Thread 0x000001e4a5dbe880 nmethod 7006 0x000001e49c279890 code [0x000001e49c279a20, 0x000001e49c279ae8]
Event: 24.143 Thread 0x000001e4a5dbe880 7008       3       java.lang.invoke.InfoFromMemberName::<init> (72 bytes)
Event: 24.143 Thread 0x000001e4a5dbe880 nmethod 7008 0x000001e495179d90 code [0x000001e495179f40, 0x000001e49517a0e8]
Event: 24.143 Thread 0x000001e4a5dbe880 7009       3       java.util.ImmutableCollections$MapN$MapNIterator::nextIndex (56 bytes)
Event: 24.144 Thread 0x000001e4a5dbe880 nmethod 7009 0x000001e49517a190 code [0x000001e49517a340, 0x000001e49517a4c0]
Event: 24.144 Thread 0x000001e4a5dbe880 7010       3       java.util.ImmutableCollections$MapN$MapNIterator::hasNext (13 bytes)
Event: 24.144 Thread 0x000001e4a5dbe880 nmethod 7010 0x000001e49517a590 code [0x000001e49517a720, 0x000001e49517a880]
Event: 24.144 Thread 0x000001e4a5dbe880 7011       3       java.util.ImmutableCollections$MapN$MapNIterator::next (5 bytes)
Event: 24.144 Thread 0x000001e4a5dbe880 nmethod 7011 0x000001e49517a910 code [0x000001e49517aac0, 0x000001e49517ac18]
Event: 24.145 Thread 0x000001e4a5dbe880 7013       3       java.util.Arrays::compare (109 bytes)
Event: 24.146 Thread 0x000001e4a5dbe880 nmethod 7013 0x000001e49517ad10 code [0x000001e49517af20, 0x000001e49517b590]
Event: 24.146 Thread 0x000001e4a5dbe880 7012       3       org.eclipse.jdt.internal.core.JarPackageFragmentRoot$$Lambda/0x000001e4a7530638::compare (18 bytes)
Event: 24.146 Thread 0x000001e4a5dbe880 nmethod 7012 0x000001e49517b790 code [0x000001e49517b940, 0x000001e49517bc60]
Event: 24.149 Thread 0x000001e4a5dbe880 7014       1       org.eclipse.jdt.internal.core.JarPackageFragment::internalIsValidPackageName (2 bytes)
Event: 24.149 Thread 0x000001e4a5dbe880 nmethod 7014 0x000001e49c279b90 code [0x000001e49c279d20, 0x000001e49c279de8]
Event: 25.189 Thread 0x000001e4a5dbe880 7015       1       java.util.ImmutableCollections$List12::isEmpty (2 bytes)
Event: 25.190 Thread 0x000001e4a5dbe880 nmethod 7015 0x000001e49c279e90 code [0x000001e49c27a020, 0x000001e49c27a0e8]
Event: 25.197 Thread 0x000001e4a5dbe880 7016   !   3       org.eclipse.osgi.internal.loader.classpath.ClasspathManager::defineClass (636 bytes)

GC Heap History (20 events):
Event: 13.889 GC heap before
{Heap before GC invocations=12 (full 1):
 PSYoungGen      total 25600K, used 25587K [0x00000000eab00000, 0x00000000ec900000, 0x0000000100000000)
  eden space 23040K, 100% used [0x00000000eab00000,0x00000000ec180000,0x00000000ec180000)
  from space 2560K, 99% used [0x00000000ec680000,0x00000000ec8fcc08,0x00000000ec900000)
  to   space 3584K, 0% used [0x00000000ec200000,0x00000000ec200000,0x00000000ec580000)
 ParOldGen       total 68608K, used 14173K [0x00000000c0000000, 0x00000000c4300000, 0x00000000eab00000)
  object space 68608K, 20% used [0x00000000c0000000,0x00000000c0dd7598,0x00000000c4300000)
 Metaspace       used 29837K, committed 30912K, reserved 1114112K
  class space    used 2975K, committed 3456K, reserved 1048576K
}
Event: 13.893 GC heap after
{Heap after GC invocations=12 (full 1):
 PSYoungGen      total 23552K, used 905K [0x00000000eab00000, 0x00000000ec700000, 0x0000000100000000)
  eden space 22528K, 0% used [0x00000000eab00000,0x00000000eab00000,0x00000000ec100000)
  from space 1024K, 88% used [0x00000000ec200000,0x00000000ec2e2778,0x00000000ec300000)
  to   space 2048K, 0% used [0x00000000ec500000,0x00000000ec500000,0x00000000ec700000)
 ParOldGen       total 68608K, used 16664K [0x00000000c0000000, 0x00000000c4300000, 0x00000000eab00000)
  object space 68608K, 24% used [0x00000000c0000000,0x00000000c10461d8,0x00000000c4300000)
 Metaspace       used 29837K, committed 30912K, reserved 1114112K
  class space    used 2975K, committed 3456K, reserved 1048576K
}
Event: 14.796 GC heap before
{Heap before GC invocations=13 (full 1):
 PSYoungGen      total 23552K, used 23426K [0x00000000eab00000, 0x00000000ec700000, 0x0000000100000000)
  eden space 22528K, 99% used [0x00000000eab00000,0x00000000ec0fe440,0x00000000ec100000)
  from space 1024K, 88% used [0x00000000ec200000,0x00000000ec2e2778,0x00000000ec300000)
  to   space 2048K, 0% used [0x00000000ec500000,0x00000000ec500000,0x00000000ec700000)
 ParOldGen       total 68608K, used 16664K [0x00000000c0000000, 0x00000000c4300000, 0x00000000eab00000)
  object space 68608K, 24% used [0x00000000c0000000,0x00000000c10461d8,0x00000000c4300000)
 Metaspace       used 32418K, committed 33472K, reserved 1114112K
  class space    used 3237K, committed 3648K, reserved 1048576K
}
Event: 14.799 GC heap after
{Heap after GC invocations=13 (full 1):
 PSYoungGen      total 23552K, used 1154K [0x00000000eab00000, 0x00000000ec680000, 0x0000000100000000)
  eden space 22016K, 0% used [0x00000000eab00000,0x00000000eab00000,0x00000000ec080000)
  from space 1536K, 75% used [0x00000000ec500000,0x00000000ec620b50,0x00000000ec680000)
  to   space 1536K, 0% used [0x00000000ec380000,0x00000000ec380000,0x00000000ec500000)
 ParOldGen       total 68608K, used 17320K [0x00000000c0000000, 0x00000000c4300000, 0x00000000eab00000)
  object space 68608K, 25% used [0x00000000c0000000,0x00000000c10ea1d8,0x00000000c4300000)
 Metaspace       used 32418K, committed 33472K, reserved 1114112K
  class space    used 3237K, committed 3648K, reserved 1048576K
}
Event: 15.855 GC heap before
{Heap before GC invocations=14 (full 1):
 PSYoungGen      total 23552K, used 18568K [0x00000000eab00000, 0x00000000ec680000, 0x0000000100000000)
  eden space 22016K, 79% used [0x00000000eab00000,0x00000000ebc01618,0x00000000ec080000)
  from space 1536K, 75% used [0x00000000ec500000,0x00000000ec620b50,0x00000000ec680000)
  to   space 1536K, 0% used [0x00000000ec380000,0x00000000ec380000,0x00000000ec500000)
 ParOldGen       total 68608K, used 17320K [0x00000000c0000000, 0x00000000c4300000, 0x00000000eab00000)
  object space 68608K, 25% used [0x00000000c0000000,0x00000000c10ea1d8,0x00000000c4300000)
 Metaspace       used 34760K, committed 35840K, reserved 1114112K
  class space    used 3524K, committed 4032K, reserved 1048576K
}
Event: 15.859 GC heap after
{Heap after GC invocations=14 (full 1):
 PSYoungGen      total 23552K, used 1129K [0x00000000eab00000, 0x00000000ec580000, 0x0000000100000000)
  eden space 22016K, 0% used [0x00000000eab00000,0x00000000eab00000,0x00000000ec080000)
  from space 1536K, 73% used [0x00000000ec380000,0x00000000ec49a450,0x00000000ec500000)
  to   space 512K, 0% used [0x00000000ec500000,0x00000000ec500000,0x00000000ec580000)
 ParOldGen       total 68608K, used 18264K [0x00000000c0000000, 0x00000000c4300000, 0x00000000eab00000)
  object space 68608K, 26% used [0x00000000c0000000,0x00000000c11d6130,0x00000000c4300000)
 Metaspace       used 34760K, committed 35840K, reserved 1114112K
  class space    used 3524K, committed 4032K, reserved 1048576K
}
Event: 15.859 GC heap before
{Heap before GC invocations=15 (full 2):
 PSYoungGen      total 23552K, used 1129K [0x00000000eab00000, 0x00000000ec580000, 0x0000000100000000)
  eden space 22016K, 0% used [0x00000000eab00000,0x00000000eab00000,0x00000000ec080000)
  from space 1536K, 73% used [0x00000000ec380000,0x00000000ec49a450,0x00000000ec500000)
  to   space 512K, 0% used [0x00000000ec500000,0x00000000ec500000,0x00000000ec580000)
 ParOldGen       total 68608K, used 18264K [0x00000000c0000000, 0x00000000c4300000, 0x00000000eab00000)
  object space 68608K, 26% used [0x00000000c0000000,0x00000000c11d6130,0x00000000c4300000)
 Metaspace       used 34760K, committed 35840K, reserved 1114112K
  class space    used 3524K, committed 4032K, reserved 1048576K
}
Event: 15.959 GC heap after
{Heap after GC invocations=15 (full 2):
 PSYoungGen      total 23552K, used 0K [0x00000000eab00000, 0x00000000ec580000, 0x0000000100000000)
  eden space 22016K, 0% used [0x00000000eab00000,0x00000000eab00000,0x00000000ec080000)
  from space 1536K, 0% used [0x00000000ec380000,0x00000000ec380000,0x00000000ec500000)
  to   space 512K, 0% used [0x00000000ec500000,0x00000000ec500000,0x00000000ec580000)
 ParOldGen       total 68608K, used 17773K [0x00000000c0000000, 0x00000000c4300000, 0x00000000eab00000)
  object space 68608K, 25% used [0x00000000c0000000,0x00000000c115b6a8,0x00000000c4300000)
 Metaspace       used 34760K, committed 35840K, reserved 1114112K
  class space    used 3524K, committed 4032K, reserved 1048576K
}
Event: 16.796 GC heap before
{Heap before GC invocations=16 (full 2):
 PSYoungGen      total 23552K, used 22016K [0x00000000eab00000, 0x00000000ec580000, 0x0000000100000000)
  eden space 22016K, 100% used [0x00000000eab00000,0x00000000ec080000,0x00000000ec080000)
  from space 1536K, 0% used [0x00000000ec380000,0x00000000ec380000,0x00000000ec500000)
  to   space 512K, 0% used [0x00000000ec500000,0x00000000ec500000,0x00000000ec580000)
 ParOldGen       total 68608K, used 17773K [0x00000000c0000000, 0x00000000c4300000, 0x00000000eab00000)
  object space 68608K, 25% used [0x00000000c0000000,0x00000000c115b6a8,0x00000000c4300000)
 Metaspace       used 37178K, committed 38336K, reserved 1114112K
  class space    used 3838K, committed 4352K, reserved 1048576K
}
Event: 16.798 GC heap after
{Heap after GC invocations=16 (full 2):
 PSYoungGen      total 22528K, used 494K [0x00000000eab00000, 0x00000000ec580000, 0x0000000100000000)
  eden space 22016K, 0% used [0x00000000eab00000,0x00000000eab00000,0x00000000ec080000)
  from space 512K, 96% used [0x00000000ec500000,0x00000000ec57baa0,0x00000000ec580000)
  to   space 2048K, 0% used [0x00000000ec180000,0x00000000ec180000,0x00000000ec380000)
 ParOldGen       total 68608K, used 18898K [0x00000000c0000000, 0x00000000c4300000, 0x00000000eab00000)
  object space 68608K, 27% used [0x00000000c0000000,0x00000000c12748f0,0x00000000c4300000)
 Metaspace       used 37178K, committed 38336K, reserved 1114112K
  class space    used 3838K, committed 4352K, reserved 1048576K
}
Event: 17.474 GC heap before
{Heap before GC invocations=17 (full 2):
 PSYoungGen      total 22528K, used 22507K [0x00000000eab00000, 0x00000000ec580000, 0x0000000100000000)
  eden space 22016K, 99% used [0x00000000eab00000,0x00000000ec07f3f8,0x00000000ec080000)
  from space 512K, 96% used [0x00000000ec500000,0x00000000ec57baa0,0x00000000ec580000)
  to   space 2048K, 0% used [0x00000000ec180000,0x00000000ec180000,0x00000000ec380000)
 ParOldGen       total 68608K, used 18898K [0x00000000c0000000, 0x00000000c4300000, 0x00000000eab00000)
  object space 68608K, 27% used [0x00000000c0000000,0x00000000c12748f0,0x00000000c4300000)
 Metaspace       used 39921K, committed 41088K, reserved 1114112K
  class space    used 4160K, committed 4672K, reserved 1048576K
}
Event: 17.477 GC heap after
{Heap after GC invocations=17 (full 2):
 PSYoungGen      total 24064K, used 1888K [0x00000000eab00000, 0x00000000ec580000, 0x0000000100000000)
  eden space 22016K, 0% used [0x00000000eab00000,0x00000000eab00000,0x00000000ec080000)
  from space 2048K, 92% used [0x00000000ec180000,0x00000000ec358000,0x00000000ec380000)
  to   space 2048K, 0% used [0x00000000ec380000,0x00000000ec380000,0x00000000ec580000)
 ParOldGen       total 68608K, used 19371K [0x00000000c0000000, 0x00000000c4300000, 0x00000000eab00000)
  object space 68608K, 28% used [0x00000000c0000000,0x00000000c12eac40,0x00000000c4300000)
 Metaspace       used 39921K, committed 41088K, reserved 1114112K
  class space    used 4160K, committed 4672K, reserved 1048576K
}
Event: 18.289 GC heap before
{Heap before GC invocations=18 (full 2):
 PSYoungGen      total 24064K, used 23903K [0x00000000eab00000, 0x00000000ec580000, 0x0000000100000000)
  eden space 22016K, 99% used [0x00000000eab00000,0x00000000ec07ffe8,0x00000000ec080000)
  from space 2048K, 92% used [0x00000000ec180000,0x00000000ec358000,0x00000000ec380000)
  to   space 2048K, 0% used [0x00000000ec380000,0x00000000ec380000,0x00000000ec580000)
 ParOldGen       total 68608K, used 19371K [0x00000000c0000000, 0x00000000c4300000, 0x00000000eab00000)
  object space 68608K, 28% used [0x00000000c0000000,0x00000000c12eac40,0x00000000c4300000)
 Metaspace       used 42252K, committed 43392K, reserved 1114112K
  class space    used 4479K, committed 4992K, reserved 1048576K
}
Event: 18.292 GC heap after
{Heap after GC invocations=18 (full 2):
 PSYoungGen      total 24064K, used 1776K [0x00000000eab00000, 0x00000000ec580000, 0x0000000100000000)
  eden space 22016K, 0% used [0x00000000eab00000,0x00000000eab00000,0x00000000ec080000)
  from space 2048K, 86% used [0x00000000ec380000,0x00000000ec53c010,0x00000000ec580000)
  to   space 2048K, 0% used [0x00000000ec180000,0x00000000ec180000,0x00000000ec380000)
 ParOldGen       total 68608K, used 21037K [0x00000000c0000000, 0x00000000c4300000, 0x00000000eab00000)
  object space 68608K, 30% used [0x00000000c0000000,0x00000000c148b7c0,0x00000000c4300000)
 Metaspace       used 42252K, committed 43392K, reserved 1114112K
  class space    used 4479K, committed 4992K, reserved 1048576K
}
Event: 19.085 GC heap before
{Heap before GC invocations=19 (full 2):
 PSYoungGen      total 24064K, used 23788K [0x00000000eab00000, 0x00000000ec580000, 0x0000000100000000)
  eden space 22016K, 99% used [0x00000000eab00000,0x00000000ec07f148,0x00000000ec080000)
  from space 2048K, 86% used [0x00000000ec380000,0x00000000ec53c010,0x00000000ec580000)
  to   space 2048K, 0% used [0x00000000ec180000,0x00000000ec180000,0x00000000ec380000)
 ParOldGen       total 68608K, used 21037K [0x00000000c0000000, 0x00000000c4300000, 0x00000000eab00000)
  object space 68608K, 30% used [0x00000000c0000000,0x00000000c148b7c0,0x00000000c4300000)
 Metaspace       used 44406K, committed 45568K, reserved 1114112K
  class space    used 4715K, committed 5248K, reserved 1048576K
}
Event: 19.088 GC heap after
{Heap after GC invocations=19 (full 2):
 PSYoungGen      total 23552K, used 1440K [0x00000000eab00000, 0x00000000ec480000, 0x0000000100000000)
  eden space 22016K, 0% used [0x00000000eab00000,0x00000000eab00000,0x00000000ec080000)
  from space 1536K, 93% used [0x00000000ec180000,0x00000000ec2e8000,0x00000000ec300000)
  to   space 1536K, 0% used [0x00000000ec300000,0x00000000ec300000,0x00000000ec480000)
 ParOldGen       total 68608K, used 22605K [0x00000000c0000000, 0x00000000c4300000, 0x00000000eab00000)
  object space 68608K, 32% used [0x00000000c0000000,0x00000000c16137f0,0x00000000c4300000)
 Metaspace       used 44406K, committed 45568K, reserved 1114112K
  class space    used 4715K, committed 5248K, reserved 1048576K
}
Event: 21.039 GC heap before
{Heap before GC invocations=20 (full 2):
 PSYoungGen      total 23552K, used 23456K [0x00000000eab00000, 0x00000000ec480000, 0x0000000100000000)
  eden space 22016K, 100% used [0x00000000eab00000,0x00000000ec080000,0x00000000ec080000)
  from space 1536K, 93% used [0x00000000ec180000,0x00000000ec2e8000,0x00000000ec300000)
  to   space 1536K, 0% used [0x00000000ec300000,0x00000000ec300000,0x00000000ec480000)
 ParOldGen       total 68608K, used 22605K [0x00000000c0000000, 0x00000000c4300000, 0x00000000eab00000)
  object space 68608K, 32% used [0x00000000c0000000,0x00000000c16137f0,0x00000000c4300000)
 Metaspace       used 45588K, committed 46848K, reserved 1114112K
  class space    used 4811K, committed 5376K, reserved 1048576K
}
Event: 23.047 GC heap after
{Heap after GC invocations=20 (full 2):
 PSYoungGen      total 23552K, used 1504K [0x00000000eab00000, 0x00000000ec480000, 0x0000000100000000)
  eden space 22016K, 0% used [0x00000000eab00000,0x00000000eab00000,0x00000000ec080000)
  from space 1536K, 97% used [0x00000000ec300000,0x00000000ec478060,0x00000000ec480000)
  to   space 1536K, 0% used [0x00000000ec180000,0x00000000ec180000,0x00000000ec300000)
 ParOldGen       total 68608K, used 25244K [0x00000000c0000000, 0x00000000c4300000, 0x00000000eab00000)
  object space 68608K, 36% used [0x00000000c0000000,0x00000000c18a7278,0x00000000c4300000)
 Metaspace       used 45588K, committed 46848K, reserved 1114112K
  class space    used 4811K, committed 5376K, reserved 1048576K
}
Event: 24.072 GC heap before
{Heap before GC invocations=21 (full 2):
 PSYoungGen      total 23552K, used 23520K [0x00000000eab00000, 0x00000000ec480000, 0x0000000100000000)
  eden space 22016K, 100% used [0x00000000eab00000,0x00000000ec080000,0x00000000ec080000)
  from space 1536K, 97% used [0x00000000ec300000,0x00000000ec478060,0x00000000ec480000)
  to   space 1536K, 0% used [0x00000000ec180000,0x00000000ec180000,0x00000000ec300000)
 ParOldGen       total 68608K, used 25244K [0x00000000c0000000, 0x00000000c4300000, 0x00000000eab00000)
  object space 68608K, 36% used [0x00000000c0000000,0x00000000c18a7278,0x00000000c4300000)
 Metaspace       used 45618K, committed 46912K, reserved 1114112K
  class space    used 4818K, committed 5376K, reserved 1048576K
}
Event: 24.075 GC heap after
{Heap after GC invocations=21 (full 2):
 PSYoungGen      total 23552K, used 1504K [0x00000000eab00000, 0x00000000ec880000, 0x0000000100000000)
  eden space 22016K, 0% used [0x00000000eab00000,0x00000000eab00000,0x00000000ec080000)
  from space 1536K, 97% used [0x00000000ec180000,0x00000000ec2f8010,0x00000000ec300000)
  to   space 4096K, 0% used [0x00000000ec480000,0x00000000ec480000,0x00000000ec880000)
 ParOldGen       total 68608K, used 27203K [0x00000000c0000000, 0x00000000c4300000, 0x00000000eab00000)
  object space 68608K, 39% used [0x00000000c0000000,0x00000000c1a90e20,0x00000000c4300000)
 Metaspace       used 45618K, committed 46912K, reserved 1114112K
  class space    used 4818K, committed 5376K, reserved 1048576K
}

Dll operation events (10 events):
Event: 0.033 Loaded shared library c:\Users\Nabila Nur Fadhilah\.vscode\extensions\redhat.java-1.40.0-win32-x64\jre\21.0.6-win32-x86_64\bin\java.dll
Event: 0.136 Loaded shared library c:\Users\Nabila Nur Fadhilah\.vscode\extensions\redhat.java-1.40.0-win32-x64\jre\21.0.6-win32-x86_64\bin\zip.dll
Event: 0.203 Loaded shared library C:\Users\Nabila Nur Fadhilah\.vscode\extensions\redhat.java-1.40.0-win32-x64\jre\21.0.6-win32-x86_64\bin\instrument.dll
Event: 0.218 Loaded shared library C:\Users\Nabila Nur Fadhilah\.vscode\extensions\redhat.java-1.40.0-win32-x64\jre\21.0.6-win32-x86_64\bin\net.dll
Event: 0.224 Loaded shared library C:\Users\Nabila Nur Fadhilah\.vscode\extensions\redhat.java-1.40.0-win32-x64\jre\21.0.6-win32-x86_64\bin\nio.dll
Event: 0.235 Loaded shared library C:\Users\Nabila Nur Fadhilah\.vscode\extensions\redhat.java-1.40.0-win32-x64\jre\21.0.6-win32-x86_64\bin\zip.dll
Event: 0.276 Loaded shared library C:\Users\Nabila Nur Fadhilah\.vscode\extensions\redhat.java-1.40.0-win32-x64\jre\21.0.6-win32-x86_64\bin\jimage.dll
Event: 0.566 Loaded shared library c:\Users\Nabila Nur Fadhilah\.vscode\extensions\redhat.java-1.40.0-win32-x64\jre\21.0.6-win32-x86_64\bin\verify.dll
Event: 3.114 Loaded shared library C:\Users\Nabila Nur Fadhilah\AppData\Roaming\Code\User\globalStorage\redhat.java\1.40.0\config_win\org.eclipse.equinox.launcher\org.eclipse.equinox.launcher.win32.win32.x86_64_1.2.1200.v20250212-0927\eclipse_11909.dll
Event: 7.479 Loaded shared library C:\Users\Nabila Nur Fadhilah\AppData\Local\Temp\jna--1303572241\jna1400394836046612515.dll

Deoptimization events (20 events):
Event: 19.633 Thread 0x000001e4edbe5300 DEOPT PACKING pc=0x000001e495063b5d sp=0x00000075be7fec00
Event: 19.633 Thread 0x000001e4edbe5300 DEOPT UNPACKING pc=0x000001e49b9f4242 sp=0x00000075be7fe0f0 mode 0
Event: 19.640 Thread 0x000001e4edbe5300 DEOPT PACKING pc=0x000001e4946b137b sp=0x00000075be7fe920
Event: 19.640 Thread 0x000001e4edbe5300 DEOPT UNPACKING pc=0x000001e49b9f4242 sp=0x00000075be7fde58 mode 0
Event: 20.989 Thread 0x000001e4edbe5300 Uncommon trap: trap_request=0xffffff45 fr.pc=0x000001e49c1a2dc4 relative=0x00000000000066e4
Event: 20.989 Thread 0x000001e4edbe5300 Uncommon trap: reason=unstable_if action=reinterpret pc=0x000001e49c1a2dc4 method=org.eclipse.osgi.internal.loader.ModuleClassLoader.defineClass(Ljava/lang/String;[BLorg/eclipse/osgi/internal/loader/classpath/ClasspathEntry;)Lorg/eclipse/osgi/internal/loa
Event: 20.989 Thread 0x000001e4edbe5300 DEOPT PACKING pc=0x000001e49c1a2dc4 sp=0x00000075be7fd7c0
Event: 20.989 Thread 0x000001e4edbe5300 DEOPT UNPACKING pc=0x000001e49b9f3aa2 sp=0x00000075be7fd730 mode 2
Event: 20.989 Thread 0x000001e4edbe5300 Uncommon trap: trap_request=0xffffff45 fr.pc=0x000001e49c26c60c relative=0x000000000000056c
Event: 20.989 Thread 0x000001e4edbe5300 Uncommon trap: reason=unstable_if action=reinterpret pc=0x000001e49c26c60c method=jdk.internal.jimage.ImageReader$SharedImageReader.findNode(Ljava/lang/String;)Ljdk/internal/jimage/ImageReader$Node; @ 25 c2
Event: 20.989 Thread 0x000001e4edbe5300 DEOPT PACKING pc=0x000001e49c26c60c sp=0x00000075be7fdf60
Event: 20.989 Thread 0x000001e4edbe5300 DEOPT UNPACKING pc=0x000001e49b9f3aa2 sp=0x00000075be7fdf28 mode 2
Event: 20.992 Thread 0x000001e4edbe1e80 Uncommon trap: trap_request=0xffffff45 fr.pc=0x000001e49c26a760 relative=0x00000000000001a0
Event: 20.992 Thread 0x000001e4edbe1e80 Uncommon trap: reason=unstable_if action=reinterpret pc=0x000001e49c26a760 method=jdk.internal.jrtfs.JrtPath.normalize(Ljava/lang/String;)Ljava/lang/String; @ 78 c2
Event: 20.993 Thread 0x000001e4edbe1e80 DEOPT PACKING pc=0x000001e49c26a760 sp=0x00000075be9fee00
Event: 20.993 Thread 0x000001e4edbe1e80 DEOPT UNPACKING pc=0x000001e49b9f3aa2 sp=0x00000075be9fed80 mode 2
Event: 24.131 Thread 0x000001e4edbe5300 Uncommon trap: trap_request=0xffffff76 fr.pc=0x000001e49c2752f4 relative=0x0000000000000454
Event: 24.131 Thread 0x000001e4edbe5300 Uncommon trap: reason=predicate action=maybe_recompile pc=0x000001e49c2752f4 method=java.util.ArrayList.equalsRange(Ljava/util/List;II)Z @ 31 c2
Event: 24.132 Thread 0x000001e4edbe5300 DEOPT PACKING pc=0x000001e49c2752f4 sp=0x00000075be7fd4d0
Event: 24.132 Thread 0x000001e4edbe5300 DEOPT UNPACKING pc=0x000001e49b9f3aa2 sp=0x00000075be7fd458 mode 2

Classes loaded (20 events):
Event: 20.297 Loading class java/nio/ByteBufferAsIntBufferL
Event: 20.320 Loading class java/nio/ByteBufferAsIntBufferL done
Event: 20.386 Loading class jdk/internal/jimage/ImageReader$Directory
Event: 20.387 Loading class jdk/internal/jimage/ImageReader$Directory done
Event: 20.913 Loading class java/nio/file/FileTreeWalker$DirectoryNode
Event: 20.913 Loading class java/nio/file/FileTreeWalker$DirectoryNode done
Event: 20.913 Loading class java/nio/file/FileTreeWalker$Event
Event: 20.913 Loading class java/nio/file/FileTreeWalker$Event done
Event: 20.913 Loading class java/nio/file/FileTreeWalker$EventType
Event: 20.913 Loading class java/nio/file/FileTreeWalker$EventType done
Event: 20.914 Loading class java/nio/file/Files$3
Event: 20.914 Loading class java/nio/file/Files$3 done
Event: 20.914 Loading class java/nio/file/FileVisitResult
Event: 20.914 Loading class java/nio/file/FileVisitResult done
Event: 21.022 Loading class java/nio/channels/Channels$ReadableByteChannelImpl
Event: 21.023 Loading class java/nio/channels/Channels$ReadableByteChannelImpl done
Event: 21.025 Loading class java/nio/channels/NonWritableChannelException
Event: 21.026 Loading class java/nio/channels/NonWritableChannelException done
Event: 25.186 Loading class java/util/AbstractList$ListItr
Event: 25.187 Loading class java/util/AbstractList$ListItr done

Classes unloaded (7 events):
Event: 11.052 Thread 0x000001e4a5d82df0 Unloading class 0x000001e4a7194c00 'java/lang/invoke/LambdaForm$MH+0x000001e4a7194c00'
Event: 11.052 Thread 0x000001e4a5d82df0 Unloading class 0x000001e4a7194800 'java/lang/invoke/LambdaForm$MH+0x000001e4a7194800'
Event: 11.052 Thread 0x000001e4a5d82df0 Unloading class 0x000001e4a7194400 'java/lang/invoke/LambdaForm$MH+0x000001e4a7194400'
Event: 11.052 Thread 0x000001e4a5d82df0 Unloading class 0x000001e4a7194000 'java/lang/invoke/LambdaForm$MH+0x000001e4a7194000'
Event: 11.052 Thread 0x000001e4a5d82df0 Unloading class 0x000001e4a7193c00 'java/lang/invoke/LambdaForm$BMH+0x000001e4a7193c00'
Event: 11.052 Thread 0x000001e4a5d82df0 Unloading class 0x000001e4a7193800 'java/lang/invoke/LambdaForm$DMH+0x000001e4a7193800'
Event: 11.053 Thread 0x000001e4a5d82df0 Unloading class 0x000001e4a7192400 'java/lang/invoke/LambdaForm$DMH+0x000001e4a7192400'

Classes redefined (0 events):
No events

Internal exceptions (20 events):
Event: 17.704 Thread 0x000001e4edbe5300 Exception <a 'sun/nio/fs/WindowsException'{0x00000000eb184848}> (0x00000000eb184848) 
thrown [s\src\hotspot\share\prims\jni.cpp, line 520]
Event: 17.704 Thread 0x000001e4edbe5300 Exception <a 'sun/nio/fs/WindowsException'{0x00000000eb184e78}> (0x00000000eb184e78) 
thrown [s\src\hotspot\share\prims\jni.cpp, line 520]
Event: 18.160 Thread 0x000001e491200a00 Exception <a 'java/lang/NoSuchMethodError'{0x00000000ebbf9150}: 'void java.lang.invoke.DirectMethodHandle$Holder.invokeSpecial(java.lang.Object, java.lang.Object, java.lang.Object, java.lang.Object, java.lang.Object, java.lang.Object)'> (0x00000000ebbf9150) 
thrown [s\src\hotspot\share\interpreter\linkResolver.cpp, line 773]
Event: 18.161 Thread 0x000001e491200a00 Exception <a 'java/lang/IncompatibleClassChangeError'{0x00000000ebc01698}: Found class java.lang.Object, but interface was expected> (0x00000000ebc01698) 
thrown [s\src\hotspot\share\interpreter\linkResolver.cpp, line 840]
Event: 18.162 Thread 0x000001e491200a00 Exception <a 'java/lang/IncompatibleClassChangeError'{0x00000000ebc034f0}: Found class java.lang.Object, but interface was expected> (0x00000000ebc034f0) 
thrown [s\src\hotspot\share\interpreter\linkResolver.cpp, line 840]
Event: 18.501 Thread 0x000001e4edbe45e0 Exception <a 'java/lang/NoClassDefFoundError'{0x00000000eaf5bee8}: com/google/inject/servlet/ServletModuleTargetVisitor> (0x00000000eaf5bee8) 
thrown [s\src\hotspot\share\classfile\systemDictionary.cpp, line 301]
Event: 18.548 Thread 0x000001e4edbe5300 Exception <a 'java/io/FileNotFoundException'{0x00000000eaf4a068}> (0x00000000eaf4a068) 
thrown [s\src\hotspot\share\prims\jni.cpp, line 520]
Event: 18.561 Thread 0x000001e4edbe5300 Exception <a 'sun/nio/fs/WindowsException'{0x00000000eb1becf0}> (0x00000000eb1becf0) 
thrown [s\src\hotspot\share\prims\jni.cpp, line 520]
Event: 18.651 Thread 0x000001e4edbe45e0 Exception <a 'java/lang/NoSuchMethodError'{0x00000000eb424a88}: 'java.lang.Object java.lang.invoke.DirectMethodHandle$Holder.invokeStatic(java.lang.Object, int, java.lang.Object, java.lang.Object)'> (0x00000000eb424a88) 
thrown [s\src\hotspot\share\interpreter\linkResolver.cpp, line 773]
Event: 18.653 Thread 0x000001e4edbe45e0 Exception <a 'java/lang/NoSuchMethodError'{0x00000000eb428268}: 'java.lang.Object java.lang.invoke.DelegatingMethodHandle$Holder.delegate(java.lang.Object, int, java.lang.Object, java.lang.Object)'> (0x00000000eb428268) 
thrown [s\src\hotspot\share\interpreter\linkResolver.cpp, line 773]
Event: 18.663 Thread 0x000001e4edbe45e0 Implicit null exception at 0x000001e49c0ebf76 to 0x000001e49c0ec298
Event: 18.668 Thread 0x000001e4edbe45e0 Exception <a 'java/lang/NoSuchMethodError'{0x00000000eb43b7a8}: 'int java.lang.invoke.Invokers$Holder.linkToTargetMethod(java.lang.Object, java.lang.Object, java.lang.Object)'> (0x00000000eb43b7a8) 
thrown [s\src\hotspot\share\interpreter\linkResolver.cpp, line 773]
Event: 19.962 Thread 0x000001e4edbe5300 Exception <a 'sun/nio/fs/WindowsException'{0x00000000eb607198}> (0x00000000eb607198) 
thrown [s\src\hotspot\share\prims\jni.cpp, line 520]
Event: 19.962 Thread 0x000001e4edbe5300 Exception <a 'sun/nio/fs/WindowsException'{0x00000000eb607a78}> (0x00000000eb607a78) 
thrown [s\src\hotspot\share\prims\jni.cpp, line 520]
Event: 20.041 Thread 0x000001e4edbe1e80 Exception <a 'java/lang/NoSuchMethodError'{0x00000000eb66cf38}: 'java.lang.Object java.lang.invoke.DelegatingMethodHandle$Holder.reinvoke_L(java.lang.Object, int, long, java.lang.Object, java.lang.Object, int, java.lang.Object)'> (0x00000000eb66cf38) 
thrown [s\src\hotspot\share\interpreter\linkResolver.cpp, line 773]
Event: 24.095 Thread 0x000001e4edbe1e80 Exception <a 'java/io/FileNotFoundException'{0x00000000eb02b910}> (0x00000000eb02b910) 
thrown [s\src\hotspot\share\prims\jni.cpp, line 520]
Event: 24.096 Thread 0x000001e4edbe1e80 Exception <a 'java/io/FileNotFoundException'{0x00000000eb02cbe0}> (0x00000000eb02cbe0) 
thrown [s\src\hotspot\share\prims\jni.cpp, line 520]
Event: 24.102 Thread 0x000001e4edbe1e80 Exception <a 'java/lang/NoSuchMethodError'{0x00000000eb1758b8}: 'java.lang.Object java.lang.invoke.DirectMethodHandle$Holder.newInvokeSpecial(java.lang.Object, java.lang.Object, java.lang.Object, int)'> (0x00000000eb1758b8) 
thrown [s\src\hotspot\share\interpreter\linkResolver.cpp, line 773]
Event: 24.103 Thread 0x000001e4edbe1e80 Exception <a 'java/lang/NoSuchMethodError'{0x00000000eb1794d0}: 'java.lang.Object java.lang.invoke.DirectMethodHandle$Holder.invokeSpecial(java.lang.Object, java.lang.Object, java.lang.Object, java.lang.Object, int)'> (0x00000000eb1794d0) 
thrown [s\src\hotspot\share\interpreter\linkResolver.cpp, line 773]
Event: 24.103 Thread 0x000001e4edbe1e80 Exception <a 'java/lang/NoSuchMethodError'{0x00000000eb17c968}: 'java.lang.Object java.lang.invoke.Invokers$Holder.linkToTargetMethod(java.lang.Object, java.lang.Object, int, java.lang.Object)'> (0x00000000eb17c968) 
thrown [s\src\hotspot\share\interpreter\linkResolver.cpp, line 773]

ZGC Phase Switch (0 events):
No events

VM Operations (20 events):
Event: 19.678 Executing VM operation: HandshakeAllThreads (Deoptimize)
Event: 19.678 Executing VM operation: HandshakeAllThreads (Deoptimize) done
Event: 20.321 Executing VM operation: HandshakeAllThreads (Deoptimize)
Event: 20.321 Executing VM operation: HandshakeAllThreads (Deoptimize) done
Event: 20.321 Executing VM operation: Cleanup
Event: 20.321 Executing VM operation: Cleanup done
Event: 20.323 Executing VM operation: HandshakeAllThreads (Deoptimize)
Event: 20.323 Executing VM operation: HandshakeAllThreads (Deoptimize) done
Event: 20.911 Executing VM operation: HandshakeAllThreads (Deoptimize)
Event: 20.912 Executing VM operation: HandshakeAllThreads (Deoptimize) done
Event: 21.038 Executing VM operation: ParallelGCFailedAllocation (Allocation Failure)
Event: 23.047 Executing VM operation: ParallelGCFailedAllocation (Allocation Failure) done
Event: 24.050 Executing VM operation: Cleanup
Event: 24.050 Executing VM operation: Cleanup done
Event: 24.072 Executing VM operation: ParallelGCFailedAllocation (Allocation Failure)
Event: 24.075 Executing VM operation: ParallelGCFailedAllocation (Allocation Failure) done
Event: 25.076 Executing VM operation: Cleanup
Event: 25.076 Executing VM operation: Cleanup done
Event: 25.189 Executing VM operation: HandshakeAllThreads (Deoptimize)
Event: 25.189 Executing VM operation: HandshakeAllThreads (Deoptimize) done

Memory protections (0 events):
No events

Nmethod flushes (20 events):
Event: 15.930 Thread 0x000001e4a5d82df0 flushing  nmethod 0x000001e494b73710
Event: 15.930 Thread 0x000001e4a5d82df0 flushing  nmethod 0x000001e494b79a10
Event: 15.930 Thread 0x000001e4a5d82df0 flushing  nmethod 0x000001e494b80c90
Event: 15.930 Thread 0x000001e4a5d82df0 flushing  nmethod 0x000001e494bcac10
Event: 15.930 Thread 0x000001e4a5d82df0 flushing  nmethod 0x000001e494bfc590
Event: 15.930 Thread 0x000001e4a5d82df0 flushing  nmethod 0x000001e494c1dc10
Event: 15.930 Thread 0x000001e4a5d82df0 flushing  nmethod 0x000001e494c1e590
Event: 15.930 Thread 0x000001e4a5d82df0 flushing  nmethod 0x000001e494c3df10
Event: 15.930 Thread 0x000001e4a5d82df0 flushing  nmethod 0x000001e494c65710
Event: 15.930 Thread 0x000001e4a5d82df0 flushing  nmethod 0x000001e494c65b90
Event: 15.930 Thread 0x000001e4a5d82df0 flushing  nmethod 0x000001e494c6ad10
Event: 15.930 Thread 0x000001e4a5d82df0 flushing  nmethod 0x000001e494c86010
Event: 15.930 Thread 0x000001e4a5d82df0 flushing  nmethod 0x000001e494c87010
Event: 15.930 Thread 0x000001e4a5d82df0 flushing  nmethod 0x000001e494c87810
Event: 15.930 Thread 0x000001e4a5d82df0 flushing  nmethod 0x000001e494c88390
Event: 15.930 Thread 0x000001e4a5d82df0 flushing  nmethod 0x000001e494c88990
Event: 15.930 Thread 0x000001e4a5d82df0 flushing  nmethod 0x000001e494c8aa10
Event: 15.930 Thread 0x000001e4a5d82df0 flushing  nmethod 0x000001e494cb6110
Event: 15.930 Thread 0x000001e4a5d82df0 flushing  nmethod 0x000001e494cb7210
Event: 15.930 Thread 0x000001e4a5d82df0 flushing  nmethod 0x000001e494cd5b10

Events (20 events):
Event: 16.306 Thread 0x000001e4ed8c4f50 Thread exited: 0x000001e4ed8c4f50
Event: 16.654 Thread 0x000001e4edbe4c70 Thread added: 0x000001e4edbe2510
Event: 16.657 Thread 0x000001e4a5dbe880 Thread added: 0x000001e4e8981660
Event: 16.787 Thread 0x000001e4edbe2510 Thread added: 0x000001e4ef6af540
Event: 16.883 Thread 0x000001e4a5dbe880 Thread added: 0x000001e4ed818070
Event: 16.970 Thread 0x000001e491200a00 Thread added: 0x000001e4ef6b08f0
Event: 16.972 Thread 0x000001e491200a00 Thread added: 0x000001e4ef6ae820
Event: 16.973 Thread 0x000001e491200a00 Thread added: 0x000001e4ef6b0f80
Event: 16.973 Thread 0x000001e491200a00 Thread added: 0x000001e4ef6afbd0
Event: 16.974 Thread 0x000001e491200a00 Thread added: 0x000001e4ef6b1610
Event: 16.975 Thread 0x000001e491200a00 Thread added: 0x000001e4ef6aeeb0
Event: 16.976 Thread 0x000001e491200a00 Thread added: 0x000001e4ef6b0260
Event: 16.977 Thread 0x000001e491200a00 Thread added: 0x000001e4ef6ae190
Event: 16.978 Thread 0x000001e491200a00 Thread added: 0x000001e4ef6b36e0
Event: 17.257 Thread 0x000001e491200a00 Thread added: 0x000001e4ef6b4400
Event: 18.220 Thread 0x000001e491200a00 Thread added: 0x000001e4ef6b5120
Event: 18.221 Thread 0x000001e491200a00 Thread added: 0x000001e4ef6b1ca0
Event: 18.788 Thread 0x000001e4edbe2510 Thread added: 0x000001e4ef6b57b0
Event: 19.386 Thread 0x000001e4ed818070 Thread exited: 0x000001e4ed818070
Event: 19.422 Thread 0x000001e4e8981660 Thread exited: 0x000001e4e8981660


Dynamic libraries:
0x00007ff7487c0000 - 0x00007ff7487ce000 	c:\Users\Nabila Nur Fadhilah\.vscode\extensions\redhat.java-1.40.0-win32-x64\jre\21.0.6-win32-x86_64\bin\java.exe
0x00007ffd97ac0000 - 0x00007ffd97d23000 	C:\WINDOWS\SYSTEM32\ntdll.dll
0x00007ffd4aaf0000 - 0x00007ffd4ab0a000 	C:\Program Files\Avast Software\Avast\aswhook.dll
0x00007ffd964d0000 - 0x00007ffd96597000 	C:\WINDOWS\System32\KERNEL32.DLL
0x00007ffd95530000 - 0x00007ffd958f7000 	C:\WINDOWS\System32\KERNELBASE.dll
0x00007ffd94f30000 - 0x00007ffd9507c000 	C:\WINDOWS\System32\ucrtbase.dll
0x00007ffd8f910000 - 0x00007ffd8f92e000 	c:\Users\Nabila Nur Fadhilah\.vscode\extensions\redhat.java-1.40.0-win32-x64\jre\21.0.6-win32-x86_64\bin\VCRUNTIME140.dll
0x00007ffd7f660000 - 0x00007ffd7f678000 	c:\Users\Nabila Nur Fadhilah\.vscode\extensions\redhat.java-1.40.0-win32-x64\jre\21.0.6-win32-x86_64\bin\jli.dll
0x00007ffd95900000 - 0x00007ffd95ac9000 	C:\WINDOWS\System32\USER32.dll
0x00007ffd94e60000 - 0x00007ffd94e87000 	C:\WINDOWS\System32\win32u.dll
0x00007ffd7daf0000 - 0x00007ffd7dd80000 	C:\WINDOWS\WinSxS\amd64_microsoft.windows.common-controls_6595b64144ccf1df_6.0.26100.3037_none_3e09262ce333c378\COMCTL32.dll
0x00007ffd96410000 - 0x00007ffd9643a000 	C:\WINDOWS\System32\GDI32.dll
0x00007ffd974e0000 - 0x00007ffd97589000 	C:\WINDOWS\System32\msvcrt.dll
0x00007ffd95080000 - 0x00007ffd951ab000 	C:\WINDOWS\System32\gdi32full.dll
0x00007ffd95480000 - 0x00007ffd95523000 	C:\WINDOWS\System32\msvcp_win.dll
0x00007ffd970f0000 - 0x00007ffd9711f000 	C:\WINDOWS\System32\IMM32.DLL
0x00007ffd8f8f0000 - 0x00007ffd8f8fc000 	c:\Users\Nabila Nur Fadhilah\.vscode\extensions\redhat.java-1.40.0-win32-x64\jre\21.0.6-win32-x86_64\bin\vcruntime140_1.dll
0x00007ffd4b3a0000 - 0x00007ffd4b42d000 	c:\Users\Nabila Nur Fadhilah\.vscode\extensions\redhat.java-1.40.0-win32-x64\jre\21.0.6-win32-x86_64\bin\msvcp140.dll
0x00007ffd0d360000 - 0x00007ffd0e0f0000 	c:\Users\Nabila Nur Fadhilah\.vscode\extensions\redhat.java-1.40.0-win32-x64\jre\21.0.6-win32-x86_64\bin\server\jvm.dll
0x00007ffd973e0000 - 0x00007ffd97494000 	C:\WINDOWS\System32\ADVAPI32.dll
0x00007ffd96e10000 - 0x00007ffd96eb6000 	C:\WINDOWS\System32\sechost.dll
0x00007ffd962f0000 - 0x00007ffd96406000 	C:\WINDOWS\System32\RPCRT4.dll
0x00007ffd95d60000 - 0x00007ffd95dd4000 	C:\WINDOWS\System32\WS2_32.dll
0x00007ffd93ac0000 - 0x00007ffd93b0e000 	C:\WINDOWS\SYSTEM32\POWRPROF.dll
0x00007ffd8b720000 - 0x00007ffd8b756000 	C:\WINDOWS\SYSTEM32\WINMM.dll
0x00007ffd82650000 - 0x00007ffd8265b000 	C:\WINDOWS\SYSTEM32\VERSION.dll
0x00007ffd93aa0000 - 0x00007ffd93ab4000 	C:\WINDOWS\SYSTEM32\UMPDC.dll
0x00007ffd93d60000 - 0x00007ffd93d7a000 	C:\WINDOWS\SYSTEM32\kernel.appcore.dll
0x00007ffd86960000 - 0x00007ffd8696a000 	c:\Users\Nabila Nur Fadhilah\.vscode\extensions\redhat.java-1.40.0-win32-x64\jre\21.0.6-win32-x86_64\bin\jimage.dll
0x00007ffd92550000 - 0x00007ffd92791000 	C:\WINDOWS\SYSTEM32\DBGHELP.DLL
0x00007ffd95ee0000 - 0x00007ffd9625e000 	C:\WINDOWS\System32\combase.dll
0x00007ffd97270000 - 0x00007ffd97346000 	C:\WINDOWS\System32\OLEAUT32.dll
0x00007ffd7ea70000 - 0x00007ffd7eaa9000 	C:\WINDOWS\SYSTEM32\dbgcore.DLL
0x00007ffd94e90000 - 0x00007ffd94f29000 	C:\WINDOWS\System32\bcryptPrimitives.dll
0x00007ffd86910000 - 0x00007ffd8691f000 	c:\Users\Nabila Nur Fadhilah\.vscode\extensions\redhat.java-1.40.0-win32-x64\jre\21.0.6-win32-x86_64\bin\instrument.dll
0x00007ffd73300000 - 0x00007ffd7331f000 	c:\Users\Nabila Nur Fadhilah\.vscode\extensions\redhat.java-1.40.0-win32-x64\jre\21.0.6-win32-x86_64\bin\java.dll
0x00007ffd965a0000 - 0x00007ffd96ca4000 	C:\WINDOWS\System32\SHELL32.dll
0x00007ffd92b40000 - 0x00007ffd93377000 	C:\WINDOWS\SYSTEM32\windows.storage.dll
0x00007ffd97130000 - 0x00007ffd97219000 	C:\WINDOWS\System32\SHCORE.dll
0x00007ffd96290000 - 0x00007ffd962ed000 	C:\WINDOWS\System32\shlwapi.dll
0x00007ffd94d70000 - 0x00007ffd94d9e000 	C:\WINDOWS\SYSTEM32\profapi.dll
0x00007ffd6bca0000 - 0x00007ffd6bcb8000 	c:\Users\Nabila Nur Fadhilah\.vscode\extensions\redhat.java-1.40.0-win32-x64\jre\21.0.6-win32-x86_64\bin\zip.dll
0x00007ffd818d0000 - 0x00007ffd818e0000 	C:\Users\Nabila Nur Fadhilah\.vscode\extensions\redhat.java-1.40.0-win32-x64\jre\21.0.6-win32-x86_64\bin\net.dll
0x00007ffd8dd20000 - 0x00007ffd8de3e000 	C:\WINDOWS\SYSTEM32\WINHTTP.dll
0x00007ffd94260000 - 0x00007ffd942ca000 	C:\WINDOWS\system32\mswsock.dll
0x00007ffd6bba0000 - 0x00007ffd6bbb6000 	C:\Users\Nabila Nur Fadhilah\.vscode\extensions\redhat.java-1.40.0-win32-x64\jre\21.0.6-win32-x86_64\bin\nio.dll
0x00007ffd81670000 - 0x00007ffd81680000 	c:\Users\Nabila Nur Fadhilah\.vscode\extensions\redhat.java-1.40.0-win32-x64\jre\21.0.6-win32-x86_64\bin\verify.dll
0x00007ffd565b0000 - 0x00007ffd565f5000 	C:\Users\Nabila Nur Fadhilah\AppData\Roaming\Code\User\globalStorage\redhat.java\1.40.0\config_win\org.eclipse.equinox.launcher\org.eclipse.equinox.launcher.win32.win32.x86_64_1.2.1200.v20250212-0927\eclipse_11909.dll
0x00007ffd96ec0000 - 0x00007ffd97055000 	C:\WINDOWS\System32\ole32.dll
0x00007ffd94530000 - 0x00007ffd9454c000 	C:\WINDOWS\SYSTEM32\CRYPTSP.dll
0x00007ffd93cc0000 - 0x00007ffd93cf8000 	C:\WINDOWS\system32\rsaenh.dll
0x00007ffd94300000 - 0x00007ffd9432b000 	C:\WINDOWS\SYSTEM32\USERENV.dll
0x00007ffd94790000 - 0x00007ffd947b6000 	C:\WINDOWS\SYSTEM32\bcrypt.dll
0x00007ffd94490000 - 0x00007ffd9449c000 	C:\WINDOWS\SYSTEM32\CRYPTBASE.dll
0x00007ffd937b0000 - 0x00007ffd937e2000 	C:\WINDOWS\SYSTEM32\IPHLPAPI.DLL
0x00007ffd973d0000 - 0x00007ffd973da000 	C:\WINDOWS\System32\NSI.dll
0x00007ffd6bdb0000 - 0x00007ffd6bdf9000 	C:\Users\Nabila Nur Fadhilah\AppData\Local\Temp\jna--1303572241\jna1400394836046612515.dll
0x00007ffd974d0000 - 0x00007ffd974d8000 	C:\WINDOWS\System32\PSAPI.DLL
0x00007ffd8de80000 - 0x00007ffd8de9f000 	C:\WINDOWS\SYSTEM32\dhcpcsvc6.DLL
0x00007ffd8de50000 - 0x00007ffd8de75000 	C:\WINDOWS\SYSTEM32\dhcpcsvc.DLL

dbghelp: loaded successfully - version: 4.0.5 - missing functions: none
symbol engine: initialized successfully - sym options: 0x614 - pdb path: .;c:\Users\Nabila Nur Fadhilah\.vscode\extensions\redhat.java-1.40.0-win32-x64\jre\21.0.6-win32-x86_64\bin;C:\WINDOWS\SYSTEM32;C:\Program Files\Avast Software\Avast;C:\WINDOWS\WinSxS\amd64_microsoft.windows.common-controls_6595b64144ccf1df_6.0.26100.3037_none_3e09262ce333c378;c:\Users\Nabila Nur Fadhilah\.vscode\extensions\redhat.java-1.40.0-win32-x64\jre\21.0.6-win32-x86_64\bin\server;C:\Users\Nabila Nur Fadhilah\AppData\Roaming\Code\User\globalStorage\redhat.java\1.40.0\config_win\org.eclipse.equinox.launcher\org.eclipse.equinox.launcher.win32.win32.x86_64_1.2.1200.v20250212-0927;C:\Users\Nabila Nur Fadhilah\AppData\Local\Temp\jna--1303572241

VM Arguments:
jvm_args: --add-modules=ALL-SYSTEM --add-opens=java.base/java.util=ALL-UNNAMED --add-opens=java.base/java.lang=ALL-UNNAMED --add-opens=java.base/sun.nio.fs=ALL-UNNAMED -Declipse.application=org.eclipse.jdt.ls.core.id1 -Dosgi.bundles.defaultStartLevel=4 -Declipse.product=org.eclipse.jdt.ls.core.product -Djava.import.generatesMetadataFilesAtProjectRoot=false -DDetectVMInstallationsJob.disabled=true -Dfile.encoding=utf8 -XX:+UseParallelGC -XX:GCTimeRatio=4 -XX:AdaptiveSizePolicyWeight=90 -Dsun.zip.disableMemoryMapping=true -Xmx1G -Xms100m -Xlog:disable -javaagent:c:\Users\Nabila Nur Fadhilah\.vscode\extensions\redhat.java-1.40.0-win32-x64\lombok\lombok-1.18.36.jar -XX:+HeapDumpOnOutOfMemoryError -XX:HeapDumpPath=c:\Users\Nabila Nur Fadhilah\AppData\Roaming\Code\User\workspaceStorage\f7b8c4f279db9286d25101e4f585ac33\redhat.java -Daether.dependencyCollector.impl=bf 
java_command: c:\Users\Nabila Nur Fadhilah\.vscode\extensions\redhat.java-1.40.0-win32-x64\server\plugins\org.eclipse.equinox.launcher_1.6.1000.v20250131-0606.jar -configuration c:\Users\Nabila Nur Fadhilah\AppData\Roaming\Code\User\globalStorage\redhat.java\1.40.0\config_win -data c:\Users\Nabila Nur Fadhilah\AppData\Roaming\Code\User\workspaceStorage\f7b8c4f279db9286d25101e4f585ac33\redhat.java\jdt_ws --pipe=\\.\pipe\lsp-c168f053fb39b6f3368af606cb60686d-sock
java_class_path (initial): c:\Users\Nabila Nur Fadhilah\.vscode\extensions\redhat.java-1.40.0-win32-x64\server\plugins\org.eclipse.equinox.launcher_1.6.1000.v20250131-0606.jar
Launcher Type: SUN_STANDARD

[Global flags]
    uintx AdaptiveSizePolicyWeight                 = 90                                        {product} {command line}
     intx CICompilerCount                          = 4                                         {product} {ergonomic}
    uintx GCTimeRatio                              = 4                                         {product} {command line}
     bool HeapDumpOnOutOfMemoryError               = true                                   {manageable} {command line}
    ccstr HeapDumpPath                             = c:\Users\Nabila Nur Fadhilah\AppData\Roaming\Code\User\workspaceStorage\f7b8c4f279db9286d25101e4f585ac33\redhat.java         {manageable} {command line}
   size_t InitialHeapSize                          = 104857600                                 {product} {command line}
   size_t MaxHeapSize                              = 1073741824                                {product} {command line}
   size_t MaxNewSize                               = 357564416                                 {product} {ergonomic}
   size_t MinHeapDeltaBytes                        = 524288                                    {product} {ergonomic}
   size_t MinHeapSize                              = 104857600                                 {product} {command line}
   size_t NewSize                                  = 34603008                                  {product} {ergonomic}
    uintx NonNMethodCodeHeapSize                   = 5839372                                {pd product} {ergonomic}
    uintx NonProfiledCodeHeapSize                  = 122909434                              {pd product} {ergonomic}
   size_t OldSize                                  = 70254592                                  {product} {ergonomic}
    uintx ProfiledCodeHeapSize                     = 122909434                              {pd product} {ergonomic}
    uintx ReservedCodeCacheSize                    = 251658240                              {pd product} {ergonomic}
     bool SegmentedCodeCache                       = true                                      {product} {ergonomic}
   size_t SoftMaxHeapSize                          = 1073741824                             {manageable} {ergonomic}
     bool UseCompressedOops                        = true                           {product lp64_product} {ergonomic}
     bool UseLargePagesIndividualAllocation        = false                                  {pd product} {ergonomic}
     bool UseParallelGC                            = true                                      {product} {command line}

Logging:
Log output configuration:
 #0: stdout all=off uptime,level,tags foldmultilines=false
 #1: stderr all=off uptime,level,tags foldmultilines=false

Environment Variables:
PATH=C:\Program Files\Common Files\Oracle\Java\javapath;C:\WINDOWS\system32;C:\WINDOWS;C:\WINDOWS\System32\Wbem;C:\WINDOWS\System32\WindowsPowerShell\v1.0\;C:\WINDOWS\System32\OpenSSH\;C:\Program Files\Java\jdk-21\bin;C:\Program Files\apache-maven-3.9.9\bin;C:\Program Files\Git\cmd;C:\Program Files\Docker\Docker\resources\bin;C:\Program Files\MySQL\MySQL Server 8.0\bin;C:\Program Files\nodejs\;C:\xampp\mysql\bin;C:\xampp\php;C:\Program Files\MySQL\MySQL Shell 8.0\bin\;C:\Users\Nabila Nur Fadhilah\AppData\Local\Microsoft\WindowsApps;C:\Users\Nabila Nur Fadhilah\AppData\Local\Programs\Microsoft VS Code\bin;C:\Program Files\Java\jdk-21\bin;C:\Program Files\apache-maven-3.9.9\bin;C:\Users\Nabila Nur Fadhilah\AppData\Roaming\npm
USERNAME=Nabila Nur Fadhilah
OS=Windows_NT
PROCESSOR_IDENTIFIER=Intel64 Family 6 Model 154 Stepping 4, GenuineIntel
TMP=C:\Users\NABILA~1\AppData\Local\Temp
TEMP=C:\Users\NABILA~1\AppData\Local\Temp




Periodic native trim disabled

---------------  S Y S T E M  ---------------

OS:
 Windows 11 , 64 bit Build 26100 (10.0.26100.3037)
OS uptime: 3 days 0:04 hours
Hyper-V role detected

CPU: total 8 (initial active 8) (4 cores per cpu, 2 threads per core) family 6 model 154 stepping 4 microcode 0x435, cx8, cmov, fxsr, ht, mmx, 3dnowpref, sse, sse2, sse3, ssse3, sse4.1, sse4.2, popcnt, lzcnt, tsc, tscinvbit, avx, avx2, aes, erms, clmul, bmi1, bmi2, adx, sha, fma, vzeroupper, clflush, clflushopt, clwb, hv, serialize, rdtscp, rdpid, fsrm, f16c, cet_ibt, cet_ss
Processor Information for the first 8 processors :
  Max Mhz: 1200, Current Mhz: 1200, Mhz Limit: 1200

Memory: 4k page, system-wide physical 5702M (296M free)
TotalPageFile size 23110M (AvailPageFile size 27M)
current process WorkingSet (physical memory assigned to process): 127M, peak: 209M
current process commit charge ("private bytes"): 292M, peak: 315M

vm_info: OpenJDK 64-Bit Server VM (21.0.6+7-LTS) for windows-amd64 JRE (21.0.6+7-LTS), built on 2025-01-21T00:00:00Z by "admin" with MS VC++ 17.7 (VS2022)

END.
